Run 1: 
============================= test session starts =============================
platform win32 -- Python 3.12.3, pytest-8.3.4, pluggy-1.5.0
rootdir: C:\Users\Rashid\OneDrive\Desktop\STT\Labs\Lab_6\algorithms
plugins: run-parallel-0.3.1, xdist-3.6.1
collected 0 items / 29 errors

=================================== ERRORS ====================================
____________________ ERROR collecting tests/test_array.py _____________________
..\stt_labs\Lib\site-packages\_pytest\python.py:493: in importtestmodule
    mod = import_path(
..\stt_labs\Lib\site-packages\_pytest\pathlib.py:587: in import_path
    importlib.import_module(module_name)
C:\Users\Rashid\AppData\Local\Programs\Python\Python312\Lib\importlib\__init__.py:90: in import_module
    return _bootstrap._gcd_import(name[level:], package, level)
<frozen importlib._bootstrap>:1387: in _gcd_import
    ???
<frozen importlib._bootstrap>:1360: in _find_and_load
    ???
<frozen importlib._bootstrap>:1331: in _find_and_load_unlocked
    ???
<frozen importlib._bootstrap>:935: in _load_unlocked
    ???
..\stt_labs\Lib\site-packages\_pytest\assertion\rewrite.py:175: in exec_module
    source_stat, co = _rewrite_test(fn, self.config)
..\stt_labs\Lib\site-packages\_pytest\assertion\rewrite.py:355: in _rewrite_test
    tree = ast.parse(source, filename=strfn)
C:\Users\Rashid\AppData\Local\Programs\Python\Python312\Lib\ast.py:52: in parse
    return compile(source, filename, mode, flags,
E     File "C:\Users\Rashid\OneDrive\Desktop\STT\Labs\Lab_6\algorithms\tests\test_array.py", line 13
E       rotate_v1, rotate_v2, rotate_v3,
E       ^^^^^^^^^
E   SyntaxError: invalid syntax
___________________ ERROR collecting tests/test_automata.py ___________________
ImportError while importing test module 'C:\Users\Rashid\OneDrive\Desktop\STT\Labs\Lab_6\algorithms\tests\test_automata.py'.
Hint: make sure your test modules/packages have valid Python names.
Traceback:
C:\Users\Rashid\AppData\Local\Programs\Python\Python312\Lib\importlib\__init__.py:90: in import_module
    return _bootstrap._gcd_import(name[level:], package, level)
tests\test_automata.py:1: in <module>
    from algorithms.automata import DFA
E   ModuleNotFoundError: No module named 'algorithms'
__________________ ERROR collecting tests/test_backtrack.py ___________________
ImportError while importing test module 'C:\Users\Rashid\OneDrive\Desktop\STT\Labs\Lab_6\algorithms\tests\test_backtrack.py'.
Hint: make sure your test modules/packages have valid Python names.
Traceback:
C:\Users\Rashid\AppData\Local\Programs\Python\Python312\Lib\importlib\__init__.py:90: in import_module
    return _bootstrap._gcd_import(name[level:], package, level)
tests\test_backtrack.py:1: in <module>
    from algorithms.backtrack import (
E   ModuleNotFoundError: No module named 'algorithms'
_____________________ ERROR collecting tests/test_bfs.py ______________________
ImportError while importing test module 'C:\Users\Rashid\OneDrive\Desktop\STT\Labs\Lab_6\algorithms\tests\test_bfs.py'.
Hint: make sure your test modules/packages have valid Python names.
Traceback:
C:\Users\Rashid\AppData\Local\Programs\Python\Python312\Lib\importlib\__init__.py:90: in import_module
    return _bootstrap._gcd_import(name[level:], package, level)
tests\test_bfs.py:1: in <module>
    from algorithms.bfs import (
E   ModuleNotFoundError: No module named 'algorithms'
_____________________ ERROR collecting tests/test_bit.py ______________________
ImportError while importing test module 'C:\Users\Rashid\OneDrive\Desktop\STT\Labs\Lab_6\algorithms\tests\test_bit.py'.
Hint: make sure your test modules/packages have valid Python names.
Traceback:
C:\Users\Rashid\AppData\Local\Programs\Python\Python312\Lib\importlib\__init__.py:90: in import_module
    return _bootstrap._gcd_import(name[level:], package, level)
tests\test_bit.py:1: in <module>
    from algorithms.bit import (
E   ModuleNotFoundError: No module named 'algorithms'
_________________ ERROR collecting tests/test_compression.py __________________
ImportError while importing test module 'C:\Users\Rashid\OneDrive\Desktop\STT\Labs\Lab_6\algorithms\tests\test_compression.py'.
Hint: make sure your test modules/packages have valid Python names.
Traceback:
C:\Users\Rashid\AppData\Local\Programs\Python\Python312\Lib\importlib\__init__.py:90: in import_module
    return _bootstrap._gcd_import(name[level:], package, level)
tests\test_compression.py:1: in <module>
    from algorithms.compression.huffman_coding import HuffmanCoding
E   ModuleNotFoundError: No module named 'algorithms'
_____________________ ERROR collecting tests/test_dfs.py ______________________
ImportError while importing test module 'C:\Users\Rashid\OneDrive\Desktop\STT\Labs\Lab_6\algorithms\tests\test_dfs.py'.
Hint: make sure your test modules/packages have valid Python names.
Traceback:
C:\Users\Rashid\AppData\Local\Programs\Python\Python312\Lib\importlib\__init__.py:90: in import_module
    return _bootstrap._gcd_import(name[level:], package, level)
tests\test_dfs.py:1: in <module>
    from algorithms.dfs import (
E   ModuleNotFoundError: No module named 'algorithms'
______________________ ERROR collecting tests/test_dp.py ______________________
ImportError while importing test module 'C:\Users\Rashid\OneDrive\Desktop\STT\Labs\Lab_6\algorithms\tests\test_dp.py'.
Hint: make sure your test modules/packages have valid Python names.
Traceback:
C:\Users\Rashid\AppData\Local\Programs\Python\Python312\Lib\importlib\__init__.py:90: in import_module
    return _bootstrap._gcd_import(name[level:], package, level)
tests\test_dp.py:1: in <module>
    from algorithms.dp import (
E   ModuleNotFoundError: No module named 'algorithms'
____________________ ERROR collecting tests/test_graph.py _____________________
ImportError while importing test module 'C:\Users\Rashid\OneDrive\Desktop\STT\Labs\Lab_6\algorithms\tests\test_graph.py'.
Hint: make sure your test modules/packages have valid Python names.
Traceback:
C:\Users\Rashid\AppData\Local\Programs\Python\Python312\Lib\importlib\__init__.py:90: in import_module
    return _bootstrap._gcd_import(name[level:], package, level)
tests\test_graph.py:1: in <module>
    from algorithms.graph import Tarjan
E   ModuleNotFoundError: No module named 'algorithms'
____________________ ERROR collecting tests/test_greedy.py ____________________
ImportError while importing test module 'C:\Users\Rashid\OneDrive\Desktop\STT\Labs\Lab_6\algorithms\tests\test_greedy.py'.
Hint: make sure your test modules/packages have valid Python names.
Traceback:
C:\Users\Rashid\AppData\Local\Programs\Python\Python312\Lib\importlib\__init__.py:90: in import_module
    return _bootstrap._gcd_import(name[level:], package, level)
tests\test_greedy.py:1: in <module>
    from algorithms.greedy import (
E   ModuleNotFoundError: No module named 'algorithms'
_____________________ ERROR collecting tests/test_heap.py _____________________
ImportError while importing test module 'C:\Users\Rashid\OneDrive\Desktop\STT\Labs\Lab_6\algorithms\tests\test_heap.py'.
Hint: make sure your test modules/packages have valid Python names.
Traceback:
C:\Users\Rashid\AppData\Local\Programs\Python\Python312\Lib\importlib\__init__.py:90: in import_module
    return _bootstrap._gcd_import(name[level:], package, level)
tests\test_heap.py:1: in <module>
    from algorithms.heap import (
E   ModuleNotFoundError: No module named 'algorithms'
__________________ ERROR collecting tests/test_histogram.py ___________________
ImportError while importing test module 'C:\Users\Rashid\OneDrive\Desktop\STT\Labs\Lab_6\algorithms\tests\test_histogram.py'.
Hint: make sure your test modules/packages have valid Python names.
Traceback:
C:\Users\Rashid\AppData\Local\Programs\Python\Python312\Lib\importlib\__init__.py:90: in import_module
    return _bootstrap._gcd_import(name[level:], package, level)
tests\test_histogram.py:1: in <module>
    from algorithms.distribution.histogram import get_histogram
E   ModuleNotFoundError: No module named 'algorithms'
____________ ERROR collecting tests/test_iterative_segment_tree.py ____________
ImportError while importing test module 'C:\Users\Rashid\OneDrive\Desktop\STT\Labs\Lab_6\algorithms\tests\test_iterative_segment_tree.py'.
Hint: make sure your test modules/packages have valid Python names.
Traceback:
C:\Users\Rashid\AppData\Local\Programs\Python\Python312\Lib\importlib\__init__.py:90: in import_module
    return _bootstrap._gcd_import(name[level:], package, level)
tests\test_iterative_segment_tree.py:1: in <module>
    from algorithms.tree.segment_tree.iterative_segment_tree import SegmentTree
E   ModuleNotFoundError: No module named 'algorithms'
__________________ ERROR collecting tests/test_linkedlist.py __________________
ImportError while importing test module 'C:\Users\Rashid\OneDrive\Desktop\STT\Labs\Lab_6\algorithms\tests\test_linkedlist.py'.
Hint: make sure your test modules/packages have valid Python names.
Traceback:
C:\Users\Rashid\AppData\Local\Programs\Python\Python312\Lib\importlib\__init__.py:90: in import_module
    return _bootstrap._gcd_import(name[level:], package, level)
tests\test_linkedlist.py:3: in <module>
    from algorithms.linkedlist import (
E   ModuleNotFoundError: No module named 'algorithms'
_____________________ ERROR collecting tests/test_map.py ______________________
ImportError while importing test module 'C:\Users\Rashid\OneDrive\Desktop\STT\Labs\Lab_6\algorithms\tests\test_map.py'.
Hint: make sure your test modules/packages have valid Python names.
Traceback:
C:\Users\Rashid\AppData\Local\Programs\Python\Python312\Lib\importlib\__init__.py:90: in import_module
    return _bootstrap._gcd_import(name[level:], package, level)
tests\test_map.py:1: in <module>
    from algorithms.map import (
E   ModuleNotFoundError: No module named 'algorithms'
____________________ ERROR collecting tests/test_maths.py _____________________
ImportError while importing test module 'C:\Users\Rashid\OneDrive\Desktop\STT\Labs\Lab_6\algorithms\tests\test_maths.py'.
Hint: make sure your test modules/packages have valid Python names.
Traceback:
C:\Users\Rashid\AppData\Local\Programs\Python\Python312\Lib\importlib\__init__.py:90: in import_module
    return _bootstrap._gcd_import(name[level:], package, level)
tests\test_maths.py:1: in <module>
    from algorithms.maths import (
E   ModuleNotFoundError: No module named 'algorithms'
____________________ ERROR collecting tests/test_matrix.py ____________________
ImportError while importing test module 'C:\Users\Rashid\OneDrive\Desktop\STT\Labs\Lab_6\algorithms\tests\test_matrix.py'.
Hint: make sure your test modules/packages have valid Python names.
Traceback:
C:\Users\Rashid\AppData\Local\Programs\Python\Python312\Lib\importlib\__init__.py:90: in import_module
    return _bootstrap._gcd_import(name[level:], package, level)
tests\test_matrix.py:1: in <module>
    from algorithms.matrix import (
E   ModuleNotFoundError: No module named 'algorithms'
______________________ ERROR collecting tests/test_ml.py ______________________
ImportError while importing test module 'C:\Users\Rashid\OneDrive\Desktop\STT\Labs\Lab_6\algorithms\tests\test_ml.py'.
Hint: make sure your test modules/packages have valid Python names.
Traceback:
C:\Users\Rashid\AppData\Local\Programs\Python\Python312\Lib\importlib\__init__.py:90: in import_module
    return _bootstrap._gcd_import(name[level:], package, level)
tests\test_ml.py:1: in <module>
    from algorithms.ml.nearest_neighbor import (
E   ModuleNotFoundError: No module named 'algorithms'
___________________ ERROR collecting tests/test_monomial.py ___________________
ImportError while importing test module 'C:\Users\Rashid\OneDrive\Desktop\STT\Labs\Lab_6\algorithms\tests\test_monomial.py'.
Hint: make sure your test modules/packages have valid Python names.
Traceback:
C:\Users\Rashid\AppData\Local\Programs\Python\Python312\Lib\importlib\__init__.py:90: in import_module
    return _bootstrap._gcd_import(name[level:], package, level)
tests\test_monomial.py:1: in <module>
    from algorithms.maths.polynomial import Monomial
E   ModuleNotFoundError: No module named 'algorithms'
__________________ ERROR collecting tests/test_polynomial.py __________________
ImportError while importing test module 'C:\Users\Rashid\OneDrive\Desktop\STT\Labs\Lab_6\algorithms\tests\test_polynomial.py'.
Hint: make sure your test modules/packages have valid Python names.
Traceback:
C:\Users\Rashid\AppData\Local\Programs\Python\Python312\Lib\importlib\__init__.py:90: in import_module
    return _bootstrap._gcd_import(name[level:], package, level)
tests\test_polynomial.py:1: in <module>
    from algorithms.maths.polynomial import (
E   ModuleNotFoundError: No module named 'algorithms'
____________________ ERROR collecting tests/test_queues.py ____________________
ImportError while importing test module 'C:\Users\Rashid\OneDrive\Desktop\STT\Labs\Lab_6\algorithms\tests\test_queues.py'.
Hint: make sure your test modules/packages have valid Python names.
Traceback:
C:\Users\Rashid\AppData\Local\Programs\Python\Python312\Lib\importlib\__init__.py:90: in import_module
    return _bootstrap._gcd_import(name[level:], package, level)
tests\test_queues.py:3: in <module>
    from algorithms.queues import (
E   ModuleNotFoundError: No module named 'algorithms'
____________________ ERROR collecting tests/test_search.py ____________________
ImportError while importing test module 'C:\Users\Rashid\OneDrive\Desktop\STT\Labs\Lab_6\algorithms\tests\test_search.py'.
Hint: make sure your test modules/packages have valid Python names.
Traceback:
C:\Users\Rashid\AppData\Local\Programs\Python\Python312\Lib\importlib\__init__.py:90: in import_module
    return _bootstrap._gcd_import(name[level:], package, level)
tests\test_search.py:1: in <module>
    from algorithms.search import (
E   ModuleNotFoundError: No module named 'algorithms'
_____________________ ERROR collecting tests/test_set.py ______________________
ImportError while importing test module 'C:\Users\Rashid\OneDrive\Desktop\STT\Labs\Lab_6\algorithms\tests\test_set.py'.
Hint: make sure your test modules/packages have valid Python names.
Traceback:
C:\Users\Rashid\AppData\Local\Programs\Python\Python312\Lib\importlib\__init__.py:90: in import_module
    return _bootstrap._gcd_import(name[level:], package, level)
tests\test_set.py:1: in <module>
    from algorithms.set import (
E   ModuleNotFoundError: No module named 'algorithms'
_____________________ ERROR collecting tests/test_sort.py _____________________
ImportError while importing test module 'C:\Users\Rashid\OneDrive\Desktop\STT\Labs\Lab_6\algorithms\tests\test_sort.py'.
Hint: make sure your test modules/packages have valid Python names.
Traceback:
C:\Users\Rashid\AppData\Local\Programs\Python\Python312\Lib\importlib\__init__.py:90: in import_module
    return _bootstrap._gcd_import(name[level:], package, level)
tests\test_sort.py:1: in <module>
    from algorithms.sort import (
E   ModuleNotFoundError: No module named 'algorithms'
____________________ ERROR collecting tests/test_stack.py _____________________
ImportError while importing test module 'C:\Users\Rashid\OneDrive\Desktop\STT\Labs\Lab_6\algorithms\tests\test_stack.py'.
Hint: make sure your test modules/packages have valid Python names.
Traceback:
C:\Users\Rashid\AppData\Local\Programs\Python\Python312\Lib\importlib\__init__.py:90: in import_module
    return _bootstrap._gcd_import(name[level:], package, level)
tests\test_stack.py:1: in <module>
    from algorithms.stack import (
E   ModuleNotFoundError: No module named 'algorithms'
__________________ ERROR collecting tests/test_streaming.py ___________________
ImportError while importing test module 'C:\Users\Rashid\OneDrive\Desktop\STT\Labs\Lab_6\algorithms\tests\test_streaming.py'.
Hint: make sure your test modules/packages have valid Python names.
Traceback:
C:\Users\Rashid\AppData\Local\Programs\Python\Python312\Lib\importlib\__init__.py:90: in import_module
    return _bootstrap._gcd_import(name[level:], package, level)
tests\test_streaming.py:1: in <module>
    from algorithms.streaming.misra_gries import (
E   ModuleNotFoundError: No module named 'algorithms'
___________________ ERROR collecting tests/test_strings.py ____________________
ImportError while importing test module 'C:\Users\Rashid\OneDrive\Desktop\STT\Labs\Lab_6\algorithms\tests\test_strings.py'.
Hint: make sure your test modules/packages have valid Python names.
Traceback:
C:\Users\Rashid\AppData\Local\Programs\Python\Python312\Lib\importlib\__init__.py:90: in import_module
    return _bootstrap._gcd_import(name[level:], package, level)
tests\test_strings.py:1: in <module>
    from algorithms.strings import (
E   ModuleNotFoundError: No module named 'algorithms'
_____________________ ERROR collecting tests/test_tree.py _____________________
ImportError while importing test module 'C:\Users\Rashid\OneDrive\Desktop\STT\Labs\Lab_6\algorithms\tests\test_tree.py'.
Hint: make sure your test modules/packages have valid Python names.
Traceback:
C:\Users\Rashid\AppData\Local\Programs\Python\Python312\Lib\importlib\__init__.py:90: in import_module
    return _bootstrap._gcd_import(name[level:], package, level)
tests\test_tree.py:1: in <module>
    from algorithms.tree.traversal import (
E   ModuleNotFoundError: No module named 'algorithms'
_____________________ ERROR collecting tests/test_unix.py _____________________
ImportError while importing test module 'C:\Users\Rashid\OneDrive\Desktop\STT\Labs\Lab_6\algorithms\tests\test_unix.py'.
Hint: make sure your test modules/packages have valid Python names.
Traceback:
C:\Users\Rashid\AppData\Local\Programs\Python\Python312\Lib\importlib\__init__.py:90: in import_module
    return _bootstrap._gcd_import(name[level:], package, level)
tests\test_unix.py:1: in <module>
    from algorithms.unix import (
E   ModuleNotFoundError: No module named 'algorithms'
=========================== short test summary info ===========================
ERROR tests/test_array.py
ERROR tests/test_automata.py
ERROR tests/test_backtrack.py
ERROR tests/test_bfs.py
ERROR tests/test_bit.py
ERROR tests/test_compression.py
ERROR tests/test_dfs.py
ERROR tests/test_dp.py
ERROR tests/test_graph.py
ERROR tests/test_greedy.py
ERROR tests/test_heap.py
ERROR tests/test_histogram.py
ERROR tests/test_iterative_segment_tree.py
ERROR tests/test_linkedlist.py
ERROR tests/test_map.py
ERROR tests/test_maths.py
ERROR tests/test_matrix.py
ERROR tests/test_ml.py
ERROR tests/test_monomial.py
ERROR tests/test_polynomial.py
ERROR tests/test_queues.py
ERROR tests/test_search.py
ERROR tests/test_set.py
ERROR tests/test_sort.py
ERROR tests/test_stack.py
ERROR tests/test_streaming.py
ERROR tests/test_strings.py
ERROR tests/test_tree.py
ERROR tests/test_unix.py
!!!!!!!!!!!!!!!!!! Interrupted: 29 errors during collection !!!!!!!!!!!!!!!!!!!
============================= 29 errors in 0.47s ==============================
Run 2: 
============================= test session starts =============================
platform win32 -- Python 3.12.3, pytest-8.3.4, pluggy-1.5.0
rootdir: C:\Users\Rashid\OneDrive\Desktop\STT\Labs\Lab_6\algorithms
plugins: run-parallel-0.3.1, xdist-3.6.1
collected 0 items / 29 errors

=================================== ERRORS ====================================
____________________ ERROR collecting tests/test_array.py _____________________
..\stt_labs\Lib\site-packages\_pytest\python.py:493: in importtestmodule
    mod = import_path(
..\stt_labs\Lib\site-packages\_pytest\pathlib.py:587: in import_path
    importlib.import_module(module_name)
C:\Users\Rashid\AppData\Local\Programs\Python\Python312\Lib\importlib\__init__.py:90: in import_module
    return _bootstrap._gcd_import(name[level:], package, level)
<frozen importlib._bootstrap>:1387: in _gcd_import
    ???
<frozen importlib._bootstrap>:1360: in _find_and_load
    ???
<frozen importlib._bootstrap>:1331: in _find_and_load_unlocked
    ???
<frozen importlib._bootstrap>:935: in _load_unlocked
    ???
..\stt_labs\Lib\site-packages\_pytest\assertion\rewrite.py:175: in exec_module
    source_stat, co = _rewrite_test(fn, self.config)
..\stt_labs\Lib\site-packages\_pytest\assertion\rewrite.py:355: in _rewrite_test
    tree = ast.parse(source, filename=strfn)
C:\Users\Rashid\AppData\Local\Programs\Python\Python312\Lib\ast.py:52: in parse
    return compile(source, filename, mode, flags,
E     File "C:\Users\Rashid\OneDrive\Desktop\STT\Labs\Lab_6\algorithms\tests\test_array.py", line 13
E       rotate_v1, rotate_v2, rotate_v3,
E       ^^^^^^^^^
E   SyntaxError: invalid syntax
___________________ ERROR collecting tests/test_automata.py ___________________
ImportError while importing test module 'C:\Users\Rashid\OneDrive\Desktop\STT\Labs\Lab_6\algorithms\tests\test_automata.py'.
Hint: make sure your test modules/packages have valid Python names.
Traceback:
C:\Users\Rashid\AppData\Local\Programs\Python\Python312\Lib\importlib\__init__.py:90: in import_module
    return _bootstrap._gcd_import(name[level:], package, level)
tests\test_automata.py:1: in <module>
    from algorithms.automata import DFA
E   ModuleNotFoundError: No module named 'algorithms'
__________________ ERROR collecting tests/test_backtrack.py ___________________
ImportError while importing test module 'C:\Users\Rashid\OneDrive\Desktop\STT\Labs\Lab_6\algorithms\tests\test_backtrack.py'.
Hint: make sure your test modules/packages have valid Python names.
Traceback:
C:\Users\Rashid\AppData\Local\Programs\Python\Python312\Lib\importlib\__init__.py:90: in import_module
    return _bootstrap._gcd_import(name[level:], package, level)
tests\test_backtrack.py:1: in <module>
    from algorithms.backtrack import (
E   ModuleNotFoundError: No module named 'algorithms'
_____________________ ERROR collecting tests/test_bfs.py ______________________
ImportError while importing test module 'C:\Users\Rashid\OneDrive\Desktop\STT\Labs\Lab_6\algorithms\tests\test_bfs.py'.
Hint: make sure your test modules/packages have valid Python names.
Traceback:
C:\Users\Rashid\AppData\Local\Programs\Python\Python312\Lib\importlib\__init__.py:90: in import_module
    return _bootstrap._gcd_import(name[level:], package, level)
tests\test_bfs.py:1: in <module>
    from algorithms.bfs import (
E   ModuleNotFoundError: No module named 'algorithms'
_____________________ ERROR collecting tests/test_bit.py ______________________
ImportError while importing test module 'C:\Users\Rashid\OneDrive\Desktop\STT\Labs\Lab_6\algorithms\tests\test_bit.py'.
Hint: make sure your test modules/packages have valid Python names.
Traceback:
C:\Users\Rashid\AppData\Local\Programs\Python\Python312\Lib\importlib\__init__.py:90: in import_module
    return _bootstrap._gcd_import(name[level:], package, level)
tests\test_bit.py:1: in <module>
    from algorithms.bit import (
E   ModuleNotFoundError: No module named 'algorithms'
_________________ ERROR collecting tests/test_compression.py __________________
ImportError while importing test module 'C:\Users\Rashid\OneDrive\Desktop\STT\Labs\Lab_6\algorithms\tests\test_compression.py'.
Hint: make sure your test modules/packages have valid Python names.
Traceback:
C:\Users\Rashid\AppData\Local\Programs\Python\Python312\Lib\importlib\__init__.py:90: in import_module
    return _bootstrap._gcd_import(name[level:], package, level)
tests\test_compression.py:1: in <module>
    from algorithms.compression.huffman_coding import HuffmanCoding
E   ModuleNotFoundError: No module named 'algorithms'
_____________________ ERROR collecting tests/test_dfs.py ______________________
ImportError while importing test module 'C:\Users\Rashid\OneDrive\Desktop\STT\Labs\Lab_6\algorithms\tests\test_dfs.py'.
Hint: make sure your test modules/packages have valid Python names.
Traceback:
C:\Users\Rashid\AppData\Local\Programs\Python\Python312\Lib\importlib\__init__.py:90: in import_module
    return _bootstrap._gcd_import(name[level:], package, level)
tests\test_dfs.py:1: in <module>
    from algorithms.dfs import (
E   ModuleNotFoundError: No module named 'algorithms'
______________________ ERROR collecting tests/test_dp.py ______________________
ImportError while importing test module 'C:\Users\Rashid\OneDrive\Desktop\STT\Labs\Lab_6\algorithms\tests\test_dp.py'.
Hint: make sure your test modules/packages have valid Python names.
Traceback:
C:\Users\Rashid\AppData\Local\Programs\Python\Python312\Lib\importlib\__init__.py:90: in import_module
    return _bootstrap._gcd_import(name[level:], package, level)
tests\test_dp.py:1: in <module>
    from algorithms.dp import (
E   ModuleNotFoundError: No module named 'algorithms'
____________________ ERROR collecting tests/test_graph.py _____________________
ImportError while importing test module 'C:\Users\Rashid\OneDrive\Desktop\STT\Labs\Lab_6\algorithms\tests\test_graph.py'.
Hint: make sure your test modules/packages have valid Python names.
Traceback:
C:\Users\Rashid\AppData\Local\Programs\Python\Python312\Lib\importlib\__init__.py:90: in import_module
    return _bootstrap._gcd_import(name[level:], package, level)
tests\test_graph.py:1: in <module>
    from algorithms.graph import Tarjan
E   ModuleNotFoundError: No module named 'algorithms'
____________________ ERROR collecting tests/test_greedy.py ____________________
ImportError while importing test module 'C:\Users\Rashid\OneDrive\Desktop\STT\Labs\Lab_6\algorithms\tests\test_greedy.py'.
Hint: make sure your test modules/packages have valid Python names.
Traceback:
C:\Users\Rashid\AppData\Local\Programs\Python\Python312\Lib\importlib\__init__.py:90: in import_module
    return _bootstrap._gcd_import(name[level:], package, level)
tests\test_greedy.py:1: in <module>
    from algorithms.greedy import (
E   ModuleNotFoundError: No module named 'algorithms'
_____________________ ERROR collecting tests/test_heap.py _____________________
ImportError while importing test module 'C:\Users\Rashid\OneDrive\Desktop\STT\Labs\Lab_6\algorithms\tests\test_heap.py'.
Hint: make sure your test modules/packages have valid Python names.
Traceback:
C:\Users\Rashid\AppData\Local\Programs\Python\Python312\Lib\importlib\__init__.py:90: in import_module
    return _bootstrap._gcd_import(name[level:], package, level)
tests\test_heap.py:1: in <module>
    from algorithms.heap import (
E   ModuleNotFoundError: No module named 'algorithms'
__________________ ERROR collecting tests/test_histogram.py ___________________
ImportError while importing test module 'C:\Users\Rashid\OneDrive\Desktop\STT\Labs\Lab_6\algorithms\tests\test_histogram.py'.
Hint: make sure your test modules/packages have valid Python names.
Traceback:
C:\Users\Rashid\AppData\Local\Programs\Python\Python312\Lib\importlib\__init__.py:90: in import_module
    return _bootstrap._gcd_import(name[level:], package, level)
tests\test_histogram.py:1: in <module>
    from algorithms.distribution.histogram import get_histogram
E   ModuleNotFoundError: No module named 'algorithms'
____________ ERROR collecting tests/test_iterative_segment_tree.py ____________
ImportError while importing test module 'C:\Users\Rashid\OneDrive\Desktop\STT\Labs\Lab_6\algorithms\tests\test_iterative_segment_tree.py'.
Hint: make sure your test modules/packages have valid Python names.
Traceback:
C:\Users\Rashid\AppData\Local\Programs\Python\Python312\Lib\importlib\__init__.py:90: in import_module
    return _bootstrap._gcd_import(name[level:], package, level)
tests\test_iterative_segment_tree.py:1: in <module>
    from algorithms.tree.segment_tree.iterative_segment_tree import SegmentTree
E   ModuleNotFoundError: No module named 'algorithms'
__________________ ERROR collecting tests/test_linkedlist.py __________________
ImportError while importing test module 'C:\Users\Rashid\OneDrive\Desktop\STT\Labs\Lab_6\algorithms\tests\test_linkedlist.py'.
Hint: make sure your test modules/packages have valid Python names.
Traceback:
C:\Users\Rashid\AppData\Local\Programs\Python\Python312\Lib\importlib\__init__.py:90: in import_module
    return _bootstrap._gcd_import(name[level:], package, level)
tests\test_linkedlist.py:3: in <module>
    from algorithms.linkedlist import (
E   ModuleNotFoundError: No module named 'algorithms'
_____________________ ERROR collecting tests/test_map.py ______________________
ImportError while importing test module 'C:\Users\Rashid\OneDrive\Desktop\STT\Labs\Lab_6\algorithms\tests\test_map.py'.
Hint: make sure your test modules/packages have valid Python names.
Traceback:
C:\Users\Rashid\AppData\Local\Programs\Python\Python312\Lib\importlib\__init__.py:90: in import_module
    return _bootstrap._gcd_import(name[level:], package, level)
tests\test_map.py:1: in <module>
    from algorithms.map import (
E   ModuleNotFoundError: No module named 'algorithms'
____________________ ERROR collecting tests/test_maths.py _____________________
ImportError while importing test module 'C:\Users\Rashid\OneDrive\Desktop\STT\Labs\Lab_6\algorithms\tests\test_maths.py'.
Hint: make sure your test modules/packages have valid Python names.
Traceback:
C:\Users\Rashid\AppData\Local\Programs\Python\Python312\Lib\importlib\__init__.py:90: in import_module
    return _bootstrap._gcd_import(name[level:], package, level)
tests\test_maths.py:1: in <module>
    from algorithms.maths import (
E   ModuleNotFoundError: No module named 'algorithms'
____________________ ERROR collecting tests/test_matrix.py ____________________
ImportError while importing test module 'C:\Users\Rashid\OneDrive\Desktop\STT\Labs\Lab_6\algorithms\tests\test_matrix.py'.
Hint: make sure your test modules/packages have valid Python names.
Traceback:
C:\Users\Rashid\AppData\Local\Programs\Python\Python312\Lib\importlib\__init__.py:90: in import_module
    return _bootstrap._gcd_import(name[level:], package, level)
tests\test_matrix.py:1: in <module>
    from algorithms.matrix import (
E   ModuleNotFoundError: No module named 'algorithms'
______________________ ERROR collecting tests/test_ml.py ______________________
ImportError while importing test module 'C:\Users\Rashid\OneDrive\Desktop\STT\Labs\Lab_6\algorithms\tests\test_ml.py'.
Hint: make sure your test modules/packages have valid Python names.
Traceback:
C:\Users\Rashid\AppData\Local\Programs\Python\Python312\Lib\importlib\__init__.py:90: in import_module
    return _bootstrap._gcd_import(name[level:], package, level)
tests\test_ml.py:1: in <module>
    from algorithms.ml.nearest_neighbor import (
E   ModuleNotFoundError: No module named 'algorithms'
___________________ ERROR collecting tests/test_monomial.py ___________________
ImportError while importing test module 'C:\Users\Rashid\OneDrive\Desktop\STT\Labs\Lab_6\algorithms\tests\test_monomial.py'.
Hint: make sure your test modules/packages have valid Python names.
Traceback:
C:\Users\Rashid\AppData\Local\Programs\Python\Python312\Lib\importlib\__init__.py:90: in import_module
    return _bootstrap._gcd_import(name[level:], package, level)
tests\test_monomial.py:1: in <module>
    from algorithms.maths.polynomial import Monomial
E   ModuleNotFoundError: No module named 'algorithms'
__________________ ERROR collecting tests/test_polynomial.py __________________
ImportError while importing test module 'C:\Users\Rashid\OneDrive\Desktop\STT\Labs\Lab_6\algorithms\tests\test_polynomial.py'.
Hint: make sure your test modules/packages have valid Python names.
Traceback:
C:\Users\Rashid\AppData\Local\Programs\Python\Python312\Lib\importlib\__init__.py:90: in import_module
    return _bootstrap._gcd_import(name[level:], package, level)
tests\test_polynomial.py:1: in <module>
    from algorithms.maths.polynomial import (
E   ModuleNotFoundError: No module named 'algorithms'
____________________ ERROR collecting tests/test_queues.py ____________________
ImportError while importing test module 'C:\Users\Rashid\OneDrive\Desktop\STT\Labs\Lab_6\algorithms\tests\test_queues.py'.
Hint: make sure your test modules/packages have valid Python names.
Traceback:
C:\Users\Rashid\AppData\Local\Programs\Python\Python312\Lib\importlib\__init__.py:90: in import_module
    return _bootstrap._gcd_import(name[level:], package, level)
tests\test_queues.py:3: in <module>
    from algorithms.queues import (
E   ModuleNotFoundError: No module named 'algorithms'
____________________ ERROR collecting tests/test_search.py ____________________
ImportError while importing test module 'C:\Users\Rashid\OneDrive\Desktop\STT\Labs\Lab_6\algorithms\tests\test_search.py'.
Hint: make sure your test modules/packages have valid Python names.
Traceback:
C:\Users\Rashid\AppData\Local\Programs\Python\Python312\Lib\importlib\__init__.py:90: in import_module
    return _bootstrap._gcd_import(name[level:], package, level)
tests\test_search.py:1: in <module>
    from algorithms.search import (
E   ModuleNotFoundError: No module named 'algorithms'
_____________________ ERROR collecting tests/test_set.py ______________________
ImportError while importing test module 'C:\Users\Rashid\OneDrive\Desktop\STT\Labs\Lab_6\algorithms\tests\test_set.py'.
Hint: make sure your test modules/packages have valid Python names.
Traceback:
C:\Users\Rashid\AppData\Local\Programs\Python\Python312\Lib\importlib\__init__.py:90: in import_module
    return _bootstrap._gcd_import(name[level:], package, level)
tests\test_set.py:1: in <module>
    from algorithms.set import (
E   ModuleNotFoundError: No module named 'algorithms'
_____________________ ERROR collecting tests/test_sort.py _____________________
ImportError while importing test module 'C:\Users\Rashid\OneDrive\Desktop\STT\Labs\Lab_6\algorithms\tests\test_sort.py'.
Hint: make sure your test modules/packages have valid Python names.
Traceback:
C:\Users\Rashid\AppData\Local\Programs\Python\Python312\Lib\importlib\__init__.py:90: in import_module
    return _bootstrap._gcd_import(name[level:], package, level)
tests\test_sort.py:1: in <module>
    from algorithms.sort import (
E   ModuleNotFoundError: No module named 'algorithms'
____________________ ERROR collecting tests/test_stack.py _____________________
ImportError while importing test module 'C:\Users\Rashid\OneDrive\Desktop\STT\Labs\Lab_6\algorithms\tests\test_stack.py'.
Hint: make sure your test modules/packages have valid Python names.
Traceback:
C:\Users\Rashid\AppData\Local\Programs\Python\Python312\Lib\importlib\__init__.py:90: in import_module
    return _bootstrap._gcd_import(name[level:], package, level)
tests\test_stack.py:1: in <module>
    from algorithms.stack import (
E   ModuleNotFoundError: No module named 'algorithms'
__________________ ERROR collecting tests/test_streaming.py ___________________
ImportError while importing test module 'C:\Users\Rashid\OneDrive\Desktop\STT\Labs\Lab_6\algorithms\tests\test_streaming.py'.
Hint: make sure your test modules/packages have valid Python names.
Traceback:
C:\Users\Rashid\AppData\Local\Programs\Python\Python312\Lib\importlib\__init__.py:90: in import_module
    return _bootstrap._gcd_import(name[level:], package, level)
tests\test_streaming.py:1: in <module>
    from algorithms.streaming.misra_gries import (
E   ModuleNotFoundError: No module named 'algorithms'
___________________ ERROR collecting tests/test_strings.py ____________________
ImportError while importing test module 'C:\Users\Rashid\OneDrive\Desktop\STT\Labs\Lab_6\algorithms\tests\test_strings.py'.
Hint: make sure your test modules/packages have valid Python names.
Traceback:
C:\Users\Rashid\AppData\Local\Programs\Python\Python312\Lib\importlib\__init__.py:90: in import_module
    return _bootstrap._gcd_import(name[level:], package, level)
tests\test_strings.py:1: in <module>
    from algorithms.strings import (
E   ModuleNotFoundError: No module named 'algorithms'
_____________________ ERROR collecting tests/test_tree.py _____________________
ImportError while importing test module 'C:\Users\Rashid\OneDrive\Desktop\STT\Labs\Lab_6\algorithms\tests\test_tree.py'.
Hint: make sure your test modules/packages have valid Python names.
Traceback:
C:\Users\Rashid\AppData\Local\Programs\Python\Python312\Lib\importlib\__init__.py:90: in import_module
    return _bootstrap._gcd_import(name[level:], package, level)
tests\test_tree.py:1: in <module>
    from algorithms.tree.traversal import (
E   ModuleNotFoundError: No module named 'algorithms'
_____________________ ERROR collecting tests/test_unix.py _____________________
ImportError while importing test module 'C:\Users\Rashid\OneDrive\Desktop\STT\Labs\Lab_6\algorithms\tests\test_unix.py'.
Hint: make sure your test modules/packages have valid Python names.
Traceback:
C:\Users\Rashid\AppData\Local\Programs\Python\Python312\Lib\importlib\__init__.py:90: in import_module
    return _bootstrap._gcd_import(name[level:], package, level)
tests\test_unix.py:1: in <module>
    from algorithms.unix import (
E   ModuleNotFoundError: No module named 'algorithms'
=========================== short test summary info ===========================
ERROR tests/test_array.py
ERROR tests/test_automata.py
ERROR tests/test_backtrack.py
ERROR tests/test_bfs.py
ERROR tests/test_bit.py
ERROR tests/test_compression.py
ERROR tests/test_dfs.py
ERROR tests/test_dp.py
ERROR tests/test_graph.py
ERROR tests/test_greedy.py
ERROR tests/test_heap.py
ERROR tests/test_histogram.py
ERROR tests/test_iterative_segment_tree.py
ERROR tests/test_linkedlist.py
ERROR tests/test_map.py
ERROR tests/test_maths.py
ERROR tests/test_matrix.py
ERROR tests/test_ml.py
ERROR tests/test_monomial.py
ERROR tests/test_polynomial.py
ERROR tests/test_queues.py
ERROR tests/test_search.py
ERROR tests/test_set.py
ERROR tests/test_sort.py
ERROR tests/test_stack.py
ERROR tests/test_streaming.py
ERROR tests/test_strings.py
ERROR tests/test_tree.py
ERROR tests/test_unix.py
!!!!!!!!!!!!!!!!!! Interrupted: 29 errors during collection !!!!!!!!!!!!!!!!!!!
============================= 29 errors in 0.46s ==============================
Run 3: 
============================= test session starts =============================
platform win32 -- Python 3.12.3, pytest-8.3.4, pluggy-1.5.0
rootdir: C:\Users\Rashid\OneDrive\Desktop\STT\Labs\Lab_6\algorithms
plugins: run-parallel-0.3.1, xdist-3.6.1
collected 0 items / 29 errors

=================================== ERRORS ====================================
____________________ ERROR collecting tests/test_array.py _____________________
..\stt_labs\Lib\site-packages\_pytest\python.py:493: in importtestmodule
    mod = import_path(
..\stt_labs\Lib\site-packages\_pytest\pathlib.py:587: in import_path
    importlib.import_module(module_name)
C:\Users\Rashid\AppData\Local\Programs\Python\Python312\Lib\importlib\__init__.py:90: in import_module
    return _bootstrap._gcd_import(name[level:], package, level)
<frozen importlib._bootstrap>:1387: in _gcd_import
    ???
<frozen importlib._bootstrap>:1360: in _find_and_load
    ???
<frozen importlib._bootstrap>:1331: in _find_and_load_unlocked
    ???
<frozen importlib._bootstrap>:935: in _load_unlocked
    ???
..\stt_labs\Lib\site-packages\_pytest\assertion\rewrite.py:175: in exec_module
    source_stat, co = _rewrite_test(fn, self.config)
..\stt_labs\Lib\site-packages\_pytest\assertion\rewrite.py:355: in _rewrite_test
    tree = ast.parse(source, filename=strfn)
C:\Users\Rashid\AppData\Local\Programs\Python\Python312\Lib\ast.py:52: in parse
    return compile(source, filename, mode, flags,
E     File "C:\Users\Rashid\OneDrive\Desktop\STT\Labs\Lab_6\algorithms\tests\test_array.py", line 13
E       rotate_v1, rotate_v2, rotate_v3,
E       ^^^^^^^^^
E   SyntaxError: invalid syntax
___________________ ERROR collecting tests/test_automata.py ___________________
ImportError while importing test module 'C:\Users\Rashid\OneDrive\Desktop\STT\Labs\Lab_6\algorithms\tests\test_automata.py'.
Hint: make sure your test modules/packages have valid Python names.
Traceback:
C:\Users\Rashid\AppData\Local\Programs\Python\Python312\Lib\importlib\__init__.py:90: in import_module
    return _bootstrap._gcd_import(name[level:], package, level)
tests\test_automata.py:1: in <module>
    from algorithms.automata import DFA
E   ModuleNotFoundError: No module named 'algorithms'
__________________ ERROR collecting tests/test_backtrack.py ___________________
ImportError while importing test module 'C:\Users\Rashid\OneDrive\Desktop\STT\Labs\Lab_6\algorithms\tests\test_backtrack.py'.
Hint: make sure your test modules/packages have valid Python names.
Traceback:
C:\Users\Rashid\AppData\Local\Programs\Python\Python312\Lib\importlib\__init__.py:90: in import_module
    return _bootstrap._gcd_import(name[level:], package, level)
tests\test_backtrack.py:1: in <module>
    from algorithms.backtrack import (
E   ModuleNotFoundError: No module named 'algorithms'
_____________________ ERROR collecting tests/test_bfs.py ______________________
ImportError while importing test module 'C:\Users\Rashid\OneDrive\Desktop\STT\Labs\Lab_6\algorithms\tests\test_bfs.py'.
Hint: make sure your test modules/packages have valid Python names.
Traceback:
C:\Users\Rashid\AppData\Local\Programs\Python\Python312\Lib\importlib\__init__.py:90: in import_module
    return _bootstrap._gcd_import(name[level:], package, level)
tests\test_bfs.py:1: in <module>
    from algorithms.bfs import (
E   ModuleNotFoundError: No module named 'algorithms'
_____________________ ERROR collecting tests/test_bit.py ______________________
ImportError while importing test module 'C:\Users\Rashid\OneDrive\Desktop\STT\Labs\Lab_6\algorithms\tests\test_bit.py'.
Hint: make sure your test modules/packages have valid Python names.
Traceback:
C:\Users\Rashid\AppData\Local\Programs\Python\Python312\Lib\importlib\__init__.py:90: in import_module
    return _bootstrap._gcd_import(name[level:], package, level)
tests\test_bit.py:1: in <module>
    from algorithms.bit import (
E   ModuleNotFoundError: No module named 'algorithms'
_________________ ERROR collecting tests/test_compression.py __________________
ImportError while importing test module 'C:\Users\Rashid\OneDrive\Desktop\STT\Labs\Lab_6\algorithms\tests\test_compression.py'.
Hint: make sure your test modules/packages have valid Python names.
Traceback:
C:\Users\Rashid\AppData\Local\Programs\Python\Python312\Lib\importlib\__init__.py:90: in import_module
    return _bootstrap._gcd_import(name[level:], package, level)
tests\test_compression.py:1: in <module>
    from algorithms.compression.huffman_coding import HuffmanCoding
E   ModuleNotFoundError: No module named 'algorithms'
_____________________ ERROR collecting tests/test_dfs.py ______________________
ImportError while importing test module 'C:\Users\Rashid\OneDrive\Desktop\STT\Labs\Lab_6\algorithms\tests\test_dfs.py'.
Hint: make sure your test modules/packages have valid Python names.
Traceback:
C:\Users\Rashid\AppData\Local\Programs\Python\Python312\Lib\importlib\__init__.py:90: in import_module
    return _bootstrap._gcd_import(name[level:], package, level)
tests\test_dfs.py:1: in <module>
    from algorithms.dfs import (
E   ModuleNotFoundError: No module named 'algorithms'
______________________ ERROR collecting tests/test_dp.py ______________________
ImportError while importing test module 'C:\Users\Rashid\OneDrive\Desktop\STT\Labs\Lab_6\algorithms\tests\test_dp.py'.
Hint: make sure your test modules/packages have valid Python names.
Traceback:
C:\Users\Rashid\AppData\Local\Programs\Python\Python312\Lib\importlib\__init__.py:90: in import_module
    return _bootstrap._gcd_import(name[level:], package, level)
tests\test_dp.py:1: in <module>
    from algorithms.dp import (
E   ModuleNotFoundError: No module named 'algorithms'
____________________ ERROR collecting tests/test_graph.py _____________________
ImportError while importing test module 'C:\Users\Rashid\OneDrive\Desktop\STT\Labs\Lab_6\algorithms\tests\test_graph.py'.
Hint: make sure your test modules/packages have valid Python names.
Traceback:
C:\Users\Rashid\AppData\Local\Programs\Python\Python312\Lib\importlib\__init__.py:90: in import_module
    return _bootstrap._gcd_import(name[level:], package, level)
tests\test_graph.py:1: in <module>
    from algorithms.graph import Tarjan
E   ModuleNotFoundError: No module named 'algorithms'
____________________ ERROR collecting tests/test_greedy.py ____________________
ImportError while importing test module 'C:\Users\Rashid\OneDrive\Desktop\STT\Labs\Lab_6\algorithms\tests\test_greedy.py'.
Hint: make sure your test modules/packages have valid Python names.
Traceback:
C:\Users\Rashid\AppData\Local\Programs\Python\Python312\Lib\importlib\__init__.py:90: in import_module
    return _bootstrap._gcd_import(name[level:], package, level)
tests\test_greedy.py:1: in <module>
    from algorithms.greedy import (
E   ModuleNotFoundError: No module named 'algorithms'
_____________________ ERROR collecting tests/test_heap.py _____________________
ImportError while importing test module 'C:\Users\Rashid\OneDrive\Desktop\STT\Labs\Lab_6\algorithms\tests\test_heap.py'.
Hint: make sure your test modules/packages have valid Python names.
Traceback:
C:\Users\Rashid\AppData\Local\Programs\Python\Python312\Lib\importlib\__init__.py:90: in import_module
    return _bootstrap._gcd_import(name[level:], package, level)
tests\test_heap.py:1: in <module>
    from algorithms.heap import (
E   ModuleNotFoundError: No module named 'algorithms'
__________________ ERROR collecting tests/test_histogram.py ___________________
ImportError while importing test module 'C:\Users\Rashid\OneDrive\Desktop\STT\Labs\Lab_6\algorithms\tests\test_histogram.py'.
Hint: make sure your test modules/packages have valid Python names.
Traceback:
C:\Users\Rashid\AppData\Local\Programs\Python\Python312\Lib\importlib\__init__.py:90: in import_module
    return _bootstrap._gcd_import(name[level:], package, level)
tests\test_histogram.py:1: in <module>
    from algorithms.distribution.histogram import get_histogram
E   ModuleNotFoundError: No module named 'algorithms'
____________ ERROR collecting tests/test_iterative_segment_tree.py ____________
ImportError while importing test module 'C:\Users\Rashid\OneDrive\Desktop\STT\Labs\Lab_6\algorithms\tests\test_iterative_segment_tree.py'.
Hint: make sure your test modules/packages have valid Python names.
Traceback:
C:\Users\Rashid\AppData\Local\Programs\Python\Python312\Lib\importlib\__init__.py:90: in import_module
    return _bootstrap._gcd_import(name[level:], package, level)
tests\test_iterative_segment_tree.py:1: in <module>
    from algorithms.tree.segment_tree.iterative_segment_tree import SegmentTree
E   ModuleNotFoundError: No module named 'algorithms'
__________________ ERROR collecting tests/test_linkedlist.py __________________
ImportError while importing test module 'C:\Users\Rashid\OneDrive\Desktop\STT\Labs\Lab_6\algorithms\tests\test_linkedlist.py'.
Hint: make sure your test modules/packages have valid Python names.
Traceback:
C:\Users\Rashid\AppData\Local\Programs\Python\Python312\Lib\importlib\__init__.py:90: in import_module
    return _bootstrap._gcd_import(name[level:], package, level)
tests\test_linkedlist.py:3: in <module>
    from algorithms.linkedlist import (
E   ModuleNotFoundError: No module named 'algorithms'
_____________________ ERROR collecting tests/test_map.py ______________________
ImportError while importing test module 'C:\Users\Rashid\OneDrive\Desktop\STT\Labs\Lab_6\algorithms\tests\test_map.py'.
Hint: make sure your test modules/packages have valid Python names.
Traceback:
C:\Users\Rashid\AppData\Local\Programs\Python\Python312\Lib\importlib\__init__.py:90: in import_module
    return _bootstrap._gcd_import(name[level:], package, level)
tests\test_map.py:1: in <module>
    from algorithms.map import (
E   ModuleNotFoundError: No module named 'algorithms'
____________________ ERROR collecting tests/test_maths.py _____________________
ImportError while importing test module 'C:\Users\Rashid\OneDrive\Desktop\STT\Labs\Lab_6\algorithms\tests\test_maths.py'.
Hint: make sure your test modules/packages have valid Python names.
Traceback:
C:\Users\Rashid\AppData\Local\Programs\Python\Python312\Lib\importlib\__init__.py:90: in import_module
    return _bootstrap._gcd_import(name[level:], package, level)
tests\test_maths.py:1: in <module>
    from algorithms.maths import (
E   ModuleNotFoundError: No module named 'algorithms'
____________________ ERROR collecting tests/test_matrix.py ____________________
ImportError while importing test module 'C:\Users\Rashid\OneDrive\Desktop\STT\Labs\Lab_6\algorithms\tests\test_matrix.py'.
Hint: make sure your test modules/packages have valid Python names.
Traceback:
C:\Users\Rashid\AppData\Local\Programs\Python\Python312\Lib\importlib\__init__.py:90: in import_module
    return _bootstrap._gcd_import(name[level:], package, level)
tests\test_matrix.py:1: in <module>
    from algorithms.matrix import (
E   ModuleNotFoundError: No module named 'algorithms'
______________________ ERROR collecting tests/test_ml.py ______________________
ImportError while importing test module 'C:\Users\Rashid\OneDrive\Desktop\STT\Labs\Lab_6\algorithms\tests\test_ml.py'.
Hint: make sure your test modules/packages have valid Python names.
Traceback:
C:\Users\Rashid\AppData\Local\Programs\Python\Python312\Lib\importlib\__init__.py:90: in import_module
    return _bootstrap._gcd_import(name[level:], package, level)
tests\test_ml.py:1: in <module>
    from algorithms.ml.nearest_neighbor import (
E   ModuleNotFoundError: No module named 'algorithms'
___________________ ERROR collecting tests/test_monomial.py ___________________
ImportError while importing test module 'C:\Users\Rashid\OneDrive\Desktop\STT\Labs\Lab_6\algorithms\tests\test_monomial.py'.
Hint: make sure your test modules/packages have valid Python names.
Traceback:
C:\Users\Rashid\AppData\Local\Programs\Python\Python312\Lib\importlib\__init__.py:90: in import_module
    return _bootstrap._gcd_import(name[level:], package, level)
tests\test_monomial.py:1: in <module>
    from algorithms.maths.polynomial import Monomial
E   ModuleNotFoundError: No module named 'algorithms'
__________________ ERROR collecting tests/test_polynomial.py __________________
ImportError while importing test module 'C:\Users\Rashid\OneDrive\Desktop\STT\Labs\Lab_6\algorithms\tests\test_polynomial.py'.
Hint: make sure your test modules/packages have valid Python names.
Traceback:
C:\Users\Rashid\AppData\Local\Programs\Python\Python312\Lib\importlib\__init__.py:90: in import_module
    return _bootstrap._gcd_import(name[level:], package, level)
tests\test_polynomial.py:1: in <module>
    from algorithms.maths.polynomial import (
E   ModuleNotFoundError: No module named 'algorithms'
____________________ ERROR collecting tests/test_queues.py ____________________
ImportError while importing test module 'C:\Users\Rashid\OneDrive\Desktop\STT\Labs\Lab_6\algorithms\tests\test_queues.py'.
Hint: make sure your test modules/packages have valid Python names.
Traceback:
C:\Users\Rashid\AppData\Local\Programs\Python\Python312\Lib\importlib\__init__.py:90: in import_module
    return _bootstrap._gcd_import(name[level:], package, level)
tests\test_queues.py:3: in <module>
    from algorithms.queues import (
E   ModuleNotFoundError: No module named 'algorithms'
____________________ ERROR collecting tests/test_search.py ____________________
ImportError while importing test module 'C:\Users\Rashid\OneDrive\Desktop\STT\Labs\Lab_6\algorithms\tests\test_search.py'.
Hint: make sure your test modules/packages have valid Python names.
Traceback:
C:\Users\Rashid\AppData\Local\Programs\Python\Python312\Lib\importlib\__init__.py:90: in import_module
    return _bootstrap._gcd_import(name[level:], package, level)
tests\test_search.py:1: in <module>
    from algorithms.search import (
E   ModuleNotFoundError: No module named 'algorithms'
_____________________ ERROR collecting tests/test_set.py ______________________
ImportError while importing test module 'C:\Users\Rashid\OneDrive\Desktop\STT\Labs\Lab_6\algorithms\tests\test_set.py'.
Hint: make sure your test modules/packages have valid Python names.
Traceback:
C:\Users\Rashid\AppData\Local\Programs\Python\Python312\Lib\importlib\__init__.py:90: in import_module
    return _bootstrap._gcd_import(name[level:], package, level)
tests\test_set.py:1: in <module>
    from algorithms.set import (
E   ModuleNotFoundError: No module named 'algorithms'
_____________________ ERROR collecting tests/test_sort.py _____________________
ImportError while importing test module 'C:\Users\Rashid\OneDrive\Desktop\STT\Labs\Lab_6\algorithms\tests\test_sort.py'.
Hint: make sure your test modules/packages have valid Python names.
Traceback:
C:\Users\Rashid\AppData\Local\Programs\Python\Python312\Lib\importlib\__init__.py:90: in import_module
    return _bootstrap._gcd_import(name[level:], package, level)
tests\test_sort.py:1: in <module>
    from algorithms.sort import (
E   ModuleNotFoundError: No module named 'algorithms'
____________________ ERROR collecting tests/test_stack.py _____________________
ImportError while importing test module 'C:\Users\Rashid\OneDrive\Desktop\STT\Labs\Lab_6\algorithms\tests\test_stack.py'.
Hint: make sure your test modules/packages have valid Python names.
Traceback:
C:\Users\Rashid\AppData\Local\Programs\Python\Python312\Lib\importlib\__init__.py:90: in import_module
    return _bootstrap._gcd_import(name[level:], package, level)
tests\test_stack.py:1: in <module>
    from algorithms.stack import (
E   ModuleNotFoundError: No module named 'algorithms'
__________________ ERROR collecting tests/test_streaming.py ___________________
ImportError while importing test module 'C:\Users\Rashid\OneDrive\Desktop\STT\Labs\Lab_6\algorithms\tests\test_streaming.py'.
Hint: make sure your test modules/packages have valid Python names.
Traceback:
C:\Users\Rashid\AppData\Local\Programs\Python\Python312\Lib\importlib\__init__.py:90: in import_module
    return _bootstrap._gcd_import(name[level:], package, level)
tests\test_streaming.py:1: in <module>
    from algorithms.streaming.misra_gries import (
E   ModuleNotFoundError: No module named 'algorithms'
___________________ ERROR collecting tests/test_strings.py ____________________
ImportError while importing test module 'C:\Users\Rashid\OneDrive\Desktop\STT\Labs\Lab_6\algorithms\tests\test_strings.py'.
Hint: make sure your test modules/packages have valid Python names.
Traceback:
C:\Users\Rashid\AppData\Local\Programs\Python\Python312\Lib\importlib\__init__.py:90: in import_module
    return _bootstrap._gcd_import(name[level:], package, level)
tests\test_strings.py:1: in <module>
    from algorithms.strings import (
E   ModuleNotFoundError: No module named 'algorithms'
_____________________ ERROR collecting tests/test_tree.py _____________________
ImportError while importing test module 'C:\Users\Rashid\OneDrive\Desktop\STT\Labs\Lab_6\algorithms\tests\test_tree.py'.
Hint: make sure your test modules/packages have valid Python names.
Traceback:
C:\Users\Rashid\AppData\Local\Programs\Python\Python312\Lib\importlib\__init__.py:90: in import_module
    return _bootstrap._gcd_import(name[level:], package, level)
tests\test_tree.py:1: in <module>
    from algorithms.tree.traversal import (
E   ModuleNotFoundError: No module named 'algorithms'
_____________________ ERROR collecting tests/test_unix.py _____________________
ImportError while importing test module 'C:\Users\Rashid\OneDrive\Desktop\STT\Labs\Lab_6\algorithms\tests\test_unix.py'.
Hint: make sure your test modules/packages have valid Python names.
Traceback:
C:\Users\Rashid\AppData\Local\Programs\Python\Python312\Lib\importlib\__init__.py:90: in import_module
    return _bootstrap._gcd_import(name[level:], package, level)
tests\test_unix.py:1: in <module>
    from algorithms.unix import (
E   ModuleNotFoundError: No module named 'algorithms'
=========================== short test summary info ===========================
ERROR tests/test_array.py
ERROR tests/test_automata.py
ERROR tests/test_backtrack.py
ERROR tests/test_bfs.py
ERROR tests/test_bit.py
ERROR tests/test_compression.py
ERROR tests/test_dfs.py
ERROR tests/test_dp.py
ERROR tests/test_graph.py
ERROR tests/test_greedy.py
ERROR tests/test_heap.py
ERROR tests/test_histogram.py
ERROR tests/test_iterative_segment_tree.py
ERROR tests/test_linkedlist.py
ERROR tests/test_map.py
ERROR tests/test_maths.py
ERROR tests/test_matrix.py
ERROR tests/test_ml.py
ERROR tests/test_monomial.py
ERROR tests/test_polynomial.py
ERROR tests/test_queues.py
ERROR tests/test_search.py
ERROR tests/test_set.py
ERROR tests/test_sort.py
ERROR tests/test_stack.py
ERROR tests/test_streaming.py
ERROR tests/test_strings.py
ERROR tests/test_tree.py
ERROR tests/test_unix.py
!!!!!!!!!!!!!!!!!! Interrupted: 29 errors during collection !!!!!!!!!!!!!!!!!!!
============================= 29 errors in 0.48s ==============================
Run 4: 
============================= test session starts =============================
platform win32 -- Python 3.12.3, pytest-8.3.4, pluggy-1.5.0
rootdir: C:\Users\Rashid\OneDrive\Desktop\STT\Labs\Lab_6\algorithms
plugins: run-parallel-0.3.1, xdist-3.6.1
collected 0 items / 29 errors

=================================== ERRORS ====================================
____________________ ERROR collecting tests/test_array.py _____________________
..\stt_labs\Lib\site-packages\_pytest\python.py:493: in importtestmodule
    mod = import_path(
..\stt_labs\Lib\site-packages\_pytest\pathlib.py:587: in import_path
    importlib.import_module(module_name)
C:\Users\Rashid\AppData\Local\Programs\Python\Python312\Lib\importlib\__init__.py:90: in import_module
    return _bootstrap._gcd_import(name[level:], package, level)
<frozen importlib._bootstrap>:1387: in _gcd_import
    ???
<frozen importlib._bootstrap>:1360: in _find_and_load
    ???
<frozen importlib._bootstrap>:1331: in _find_and_load_unlocked
    ???
<frozen importlib._bootstrap>:935: in _load_unlocked
    ???
..\stt_labs\Lib\site-packages\_pytest\assertion\rewrite.py:175: in exec_module
    source_stat, co = _rewrite_test(fn, self.config)
..\stt_labs\Lib\site-packages\_pytest\assertion\rewrite.py:355: in _rewrite_test
    tree = ast.parse(source, filename=strfn)
C:\Users\Rashid\AppData\Local\Programs\Python\Python312\Lib\ast.py:52: in parse
    return compile(source, filename, mode, flags,
E     File "C:\Users\Rashid\OneDrive\Desktop\STT\Labs\Lab_6\algorithms\tests\test_array.py", line 13
E       rotate_v1, rotate_v2, rotate_v3,
E       ^^^^^^^^^
E   SyntaxError: invalid syntax
___________________ ERROR collecting tests/test_automata.py ___________________
ImportError while importing test module 'C:\Users\Rashid\OneDrive\Desktop\STT\Labs\Lab_6\algorithms\tests\test_automata.py'.
Hint: make sure your test modules/packages have valid Python names.
Traceback:
C:\Users\Rashid\AppData\Local\Programs\Python\Python312\Lib\importlib\__init__.py:90: in import_module
    return _bootstrap._gcd_import(name[level:], package, level)
tests\test_automata.py:1: in <module>
    from algorithms.automata import DFA
E   ModuleNotFoundError: No module named 'algorithms'
__________________ ERROR collecting tests/test_backtrack.py ___________________
ImportError while importing test module 'C:\Users\Rashid\OneDrive\Desktop\STT\Labs\Lab_6\algorithms\tests\test_backtrack.py'.
Hint: make sure your test modules/packages have valid Python names.
Traceback:
C:\Users\Rashid\AppData\Local\Programs\Python\Python312\Lib\importlib\__init__.py:90: in import_module
    return _bootstrap._gcd_import(name[level:], package, level)
tests\test_backtrack.py:1: in <module>
    from algorithms.backtrack import (
E   ModuleNotFoundError: No module named 'algorithms'
_____________________ ERROR collecting tests/test_bfs.py ______________________
ImportError while importing test module 'C:\Users\Rashid\OneDrive\Desktop\STT\Labs\Lab_6\algorithms\tests\test_bfs.py'.
Hint: make sure your test modules/packages have valid Python names.
Traceback:
C:\Users\Rashid\AppData\Local\Programs\Python\Python312\Lib\importlib\__init__.py:90: in import_module
    return _bootstrap._gcd_import(name[level:], package, level)
tests\test_bfs.py:1: in <module>
    from algorithms.bfs import (
E   ModuleNotFoundError: No module named 'algorithms'
_____________________ ERROR collecting tests/test_bit.py ______________________
ImportError while importing test module 'C:\Users\Rashid\OneDrive\Desktop\STT\Labs\Lab_6\algorithms\tests\test_bit.py'.
Hint: make sure your test modules/packages have valid Python names.
Traceback:
C:\Users\Rashid\AppData\Local\Programs\Python\Python312\Lib\importlib\__init__.py:90: in import_module
    return _bootstrap._gcd_import(name[level:], package, level)
tests\test_bit.py:1: in <module>
    from algorithms.bit import (
E   ModuleNotFoundError: No module named 'algorithms'
_________________ ERROR collecting tests/test_compression.py __________________
ImportError while importing test module 'C:\Users\Rashid\OneDrive\Desktop\STT\Labs\Lab_6\algorithms\tests\test_compression.py'.
Hint: make sure your test modules/packages have valid Python names.
Traceback:
C:\Users\Rashid\AppData\Local\Programs\Python\Python312\Lib\importlib\__init__.py:90: in import_module
    return _bootstrap._gcd_import(name[level:], package, level)
tests\test_compression.py:1: in <module>
    from algorithms.compression.huffman_coding import HuffmanCoding
E   ModuleNotFoundError: No module named 'algorithms'
_____________________ ERROR collecting tests/test_dfs.py ______________________
ImportError while importing test module 'C:\Users\Rashid\OneDrive\Desktop\STT\Labs\Lab_6\algorithms\tests\test_dfs.py'.
Hint: make sure your test modules/packages have valid Python names.
Traceback:
C:\Users\Rashid\AppData\Local\Programs\Python\Python312\Lib\importlib\__init__.py:90: in import_module
    return _bootstrap._gcd_import(name[level:], package, level)
tests\test_dfs.py:1: in <module>
    from algorithms.dfs import (
E   ModuleNotFoundError: No module named 'algorithms'
______________________ ERROR collecting tests/test_dp.py ______________________
ImportError while importing test module 'C:\Users\Rashid\OneDrive\Desktop\STT\Labs\Lab_6\algorithms\tests\test_dp.py'.
Hint: make sure your test modules/packages have valid Python names.
Traceback:
C:\Users\Rashid\AppData\Local\Programs\Python\Python312\Lib\importlib\__init__.py:90: in import_module
    return _bootstrap._gcd_import(name[level:], package, level)
tests\test_dp.py:1: in <module>
    from algorithms.dp import (
E   ModuleNotFoundError: No module named 'algorithms'
____________________ ERROR collecting tests/test_graph.py _____________________
ImportError while importing test module 'C:\Users\Rashid\OneDrive\Desktop\STT\Labs\Lab_6\algorithms\tests\test_graph.py'.
Hint: make sure your test modules/packages have valid Python names.
Traceback:
C:\Users\Rashid\AppData\Local\Programs\Python\Python312\Lib\importlib\__init__.py:90: in import_module
    return _bootstrap._gcd_import(name[level:], package, level)
tests\test_graph.py:1: in <module>
    from algorithms.graph import Tarjan
E   ModuleNotFoundError: No module named 'algorithms'
____________________ ERROR collecting tests/test_greedy.py ____________________
ImportError while importing test module 'C:\Users\Rashid\OneDrive\Desktop\STT\Labs\Lab_6\algorithms\tests\test_greedy.py'.
Hint: make sure your test modules/packages have valid Python names.
Traceback:
C:\Users\Rashid\AppData\Local\Programs\Python\Python312\Lib\importlib\__init__.py:90: in import_module
    return _bootstrap._gcd_import(name[level:], package, level)
tests\test_greedy.py:1: in <module>
    from algorithms.greedy import (
E   ModuleNotFoundError: No module named 'algorithms'
_____________________ ERROR collecting tests/test_heap.py _____________________
ImportError while importing test module 'C:\Users\Rashid\OneDrive\Desktop\STT\Labs\Lab_6\algorithms\tests\test_heap.py'.
Hint: make sure your test modules/packages have valid Python names.
Traceback:
C:\Users\Rashid\AppData\Local\Programs\Python\Python312\Lib\importlib\__init__.py:90: in import_module
    return _bootstrap._gcd_import(name[level:], package, level)
tests\test_heap.py:1: in <module>
    from algorithms.heap import (
E   ModuleNotFoundError: No module named 'algorithms'
__________________ ERROR collecting tests/test_histogram.py ___________________
ImportError while importing test module 'C:\Users\Rashid\OneDrive\Desktop\STT\Labs\Lab_6\algorithms\tests\test_histogram.py'.
Hint: make sure your test modules/packages have valid Python names.
Traceback:
C:\Users\Rashid\AppData\Local\Programs\Python\Python312\Lib\importlib\__init__.py:90: in import_module
    return _bootstrap._gcd_import(name[level:], package, level)
tests\test_histogram.py:1: in <module>
    from algorithms.distribution.histogram import get_histogram
E   ModuleNotFoundError: No module named 'algorithms'
____________ ERROR collecting tests/test_iterative_segment_tree.py ____________
ImportError while importing test module 'C:\Users\Rashid\OneDrive\Desktop\STT\Labs\Lab_6\algorithms\tests\test_iterative_segment_tree.py'.
Hint: make sure your test modules/packages have valid Python names.
Traceback:
C:\Users\Rashid\AppData\Local\Programs\Python\Python312\Lib\importlib\__init__.py:90: in import_module
    return _bootstrap._gcd_import(name[level:], package, level)
tests\test_iterative_segment_tree.py:1: in <module>
    from algorithms.tree.segment_tree.iterative_segment_tree import SegmentTree
E   ModuleNotFoundError: No module named 'algorithms'
__________________ ERROR collecting tests/test_linkedlist.py __________________
ImportError while importing test module 'C:\Users\Rashid\OneDrive\Desktop\STT\Labs\Lab_6\algorithms\tests\test_linkedlist.py'.
Hint: make sure your test modules/packages have valid Python names.
Traceback:
C:\Users\Rashid\AppData\Local\Programs\Python\Python312\Lib\importlib\__init__.py:90: in import_module
    return _bootstrap._gcd_import(name[level:], package, level)
tests\test_linkedlist.py:3: in <module>
    from algorithms.linkedlist import (
E   ModuleNotFoundError: No module named 'algorithms'
_____________________ ERROR collecting tests/test_map.py ______________________
ImportError while importing test module 'C:\Users\Rashid\OneDrive\Desktop\STT\Labs\Lab_6\algorithms\tests\test_map.py'.
Hint: make sure your test modules/packages have valid Python names.
Traceback:
C:\Users\Rashid\AppData\Local\Programs\Python\Python312\Lib\importlib\__init__.py:90: in import_module
    return _bootstrap._gcd_import(name[level:], package, level)
tests\test_map.py:1: in <module>
    from algorithms.map import (
E   ModuleNotFoundError: No module named 'algorithms'
____________________ ERROR collecting tests/test_maths.py _____________________
ImportError while importing test module 'C:\Users\Rashid\OneDrive\Desktop\STT\Labs\Lab_6\algorithms\tests\test_maths.py'.
Hint: make sure your test modules/packages have valid Python names.
Traceback:
C:\Users\Rashid\AppData\Local\Programs\Python\Python312\Lib\importlib\__init__.py:90: in import_module
    return _bootstrap._gcd_import(name[level:], package, level)
tests\test_maths.py:1: in <module>
    from algorithms.maths import (
E   ModuleNotFoundError: No module named 'algorithms'
____________________ ERROR collecting tests/test_matrix.py ____________________
ImportError while importing test module 'C:\Users\Rashid\OneDrive\Desktop\STT\Labs\Lab_6\algorithms\tests\test_matrix.py'.
Hint: make sure your test modules/packages have valid Python names.
Traceback:
C:\Users\Rashid\AppData\Local\Programs\Python\Python312\Lib\importlib\__init__.py:90: in import_module
    return _bootstrap._gcd_import(name[level:], package, level)
tests\test_matrix.py:1: in <module>
    from algorithms.matrix import (
E   ModuleNotFoundError: No module named 'algorithms'
______________________ ERROR collecting tests/test_ml.py ______________________
ImportError while importing test module 'C:\Users\Rashid\OneDrive\Desktop\STT\Labs\Lab_6\algorithms\tests\test_ml.py'.
Hint: make sure your test modules/packages have valid Python names.
Traceback:
C:\Users\Rashid\AppData\Local\Programs\Python\Python312\Lib\importlib\__init__.py:90: in import_module
    return _bootstrap._gcd_import(name[level:], package, level)
tests\test_ml.py:1: in <module>
    from algorithms.ml.nearest_neighbor import (
E   ModuleNotFoundError: No module named 'algorithms'
___________________ ERROR collecting tests/test_monomial.py ___________________
ImportError while importing test module 'C:\Users\Rashid\OneDrive\Desktop\STT\Labs\Lab_6\algorithms\tests\test_monomial.py'.
Hint: make sure your test modules/packages have valid Python names.
Traceback:
C:\Users\Rashid\AppData\Local\Programs\Python\Python312\Lib\importlib\__init__.py:90: in import_module
    return _bootstrap._gcd_import(name[level:], package, level)
tests\test_monomial.py:1: in <module>
    from algorithms.maths.polynomial import Monomial
E   ModuleNotFoundError: No module named 'algorithms'
__________________ ERROR collecting tests/test_polynomial.py __________________
ImportError while importing test module 'C:\Users\Rashid\OneDrive\Desktop\STT\Labs\Lab_6\algorithms\tests\test_polynomial.py'.
Hint: make sure your test modules/packages have valid Python names.
Traceback:
C:\Users\Rashid\AppData\Local\Programs\Python\Python312\Lib\importlib\__init__.py:90: in import_module
    return _bootstrap._gcd_import(name[level:], package, level)
tests\test_polynomial.py:1: in <module>
    from algorithms.maths.polynomial import (
E   ModuleNotFoundError: No module named 'algorithms'
____________________ ERROR collecting tests/test_queues.py ____________________
ImportError while importing test module 'C:\Users\Rashid\OneDrive\Desktop\STT\Labs\Lab_6\algorithms\tests\test_queues.py'.
Hint: make sure your test modules/packages have valid Python names.
Traceback:
C:\Users\Rashid\AppData\Local\Programs\Python\Python312\Lib\importlib\__init__.py:90: in import_module
    return _bootstrap._gcd_import(name[level:], package, level)
tests\test_queues.py:3: in <module>
    from algorithms.queues import (
E   ModuleNotFoundError: No module named 'algorithms'
____________________ ERROR collecting tests/test_search.py ____________________
ImportError while importing test module 'C:\Users\Rashid\OneDrive\Desktop\STT\Labs\Lab_6\algorithms\tests\test_search.py'.
Hint: make sure your test modules/packages have valid Python names.
Traceback:
C:\Users\Rashid\AppData\Local\Programs\Python\Python312\Lib\importlib\__init__.py:90: in import_module
    return _bootstrap._gcd_import(name[level:], package, level)
tests\test_search.py:1: in <module>
    from algorithms.search import (
E   ModuleNotFoundError: No module named 'algorithms'
_____________________ ERROR collecting tests/test_set.py ______________________
ImportError while importing test module 'C:\Users\Rashid\OneDrive\Desktop\STT\Labs\Lab_6\algorithms\tests\test_set.py'.
Hint: make sure your test modules/packages have valid Python names.
Traceback:
C:\Users\Rashid\AppData\Local\Programs\Python\Python312\Lib\importlib\__init__.py:90: in import_module
    return _bootstrap._gcd_import(name[level:], package, level)
tests\test_set.py:1: in <module>
    from algorithms.set import (
E   ModuleNotFoundError: No module named 'algorithms'
_____________________ ERROR collecting tests/test_sort.py _____________________
ImportError while importing test module 'C:\Users\Rashid\OneDrive\Desktop\STT\Labs\Lab_6\algorithms\tests\test_sort.py'.
Hint: make sure your test modules/packages have valid Python names.
Traceback:
C:\Users\Rashid\AppData\Local\Programs\Python\Python312\Lib\importlib\__init__.py:90: in import_module
    return _bootstrap._gcd_import(name[level:], package, level)
tests\test_sort.py:1: in <module>
    from algorithms.sort import (
E   ModuleNotFoundError: No module named 'algorithms'
____________________ ERROR collecting tests/test_stack.py _____________________
ImportError while importing test module 'C:\Users\Rashid\OneDrive\Desktop\STT\Labs\Lab_6\algorithms\tests\test_stack.py'.
Hint: make sure your test modules/packages have valid Python names.
Traceback:
C:\Users\Rashid\AppData\Local\Programs\Python\Python312\Lib\importlib\__init__.py:90: in import_module
    return _bootstrap._gcd_import(name[level:], package, level)
tests\test_stack.py:1: in <module>
    from algorithms.stack import (
E   ModuleNotFoundError: No module named 'algorithms'
__________________ ERROR collecting tests/test_streaming.py ___________________
ImportError while importing test module 'C:\Users\Rashid\OneDrive\Desktop\STT\Labs\Lab_6\algorithms\tests\test_streaming.py'.
Hint: make sure your test modules/packages have valid Python names.
Traceback:
C:\Users\Rashid\AppData\Local\Programs\Python\Python312\Lib\importlib\__init__.py:90: in import_module
    return _bootstrap._gcd_import(name[level:], package, level)
tests\test_streaming.py:1: in <module>
    from algorithms.streaming.misra_gries import (
E   ModuleNotFoundError: No module named 'algorithms'
___________________ ERROR collecting tests/test_strings.py ____________________
ImportError while importing test module 'C:\Users\Rashid\OneDrive\Desktop\STT\Labs\Lab_6\algorithms\tests\test_strings.py'.
Hint: make sure your test modules/packages have valid Python names.
Traceback:
C:\Users\Rashid\AppData\Local\Programs\Python\Python312\Lib\importlib\__init__.py:90: in import_module
    return _bootstrap._gcd_import(name[level:], package, level)
tests\test_strings.py:1: in <module>
    from algorithms.strings import (
E   ModuleNotFoundError: No module named 'algorithms'
_____________________ ERROR collecting tests/test_tree.py _____________________
ImportError while importing test module 'C:\Users\Rashid\OneDrive\Desktop\STT\Labs\Lab_6\algorithms\tests\test_tree.py'.
Hint: make sure your test modules/packages have valid Python names.
Traceback:
C:\Users\Rashid\AppData\Local\Programs\Python\Python312\Lib\importlib\__init__.py:90: in import_module
    return _bootstrap._gcd_import(name[level:], package, level)
tests\test_tree.py:1: in <module>
    from algorithms.tree.traversal import (
E   ModuleNotFoundError: No module named 'algorithms'
_____________________ ERROR collecting tests/test_unix.py _____________________
ImportError while importing test module 'C:\Users\Rashid\OneDrive\Desktop\STT\Labs\Lab_6\algorithms\tests\test_unix.py'.
Hint: make sure your test modules/packages have valid Python names.
Traceback:
C:\Users\Rashid\AppData\Local\Programs\Python\Python312\Lib\importlib\__init__.py:90: in import_module
    return _bootstrap._gcd_import(name[level:], package, level)
tests\test_unix.py:1: in <module>
    from algorithms.unix import (
E   ModuleNotFoundError: No module named 'algorithms'
=========================== short test summary info ===========================
ERROR tests/test_array.py
ERROR tests/test_automata.py
ERROR tests/test_backtrack.py
ERROR tests/test_bfs.py
ERROR tests/test_bit.py
ERROR tests/test_compression.py
ERROR tests/test_dfs.py
ERROR tests/test_dp.py
ERROR tests/test_graph.py
ERROR tests/test_greedy.py
ERROR tests/test_heap.py
ERROR tests/test_histogram.py
ERROR tests/test_iterative_segment_tree.py
ERROR tests/test_linkedlist.py
ERROR tests/test_map.py
ERROR tests/test_maths.py
ERROR tests/test_matrix.py
ERROR tests/test_ml.py
ERROR tests/test_monomial.py
ERROR tests/test_polynomial.py
ERROR tests/test_queues.py
ERROR tests/test_search.py
ERROR tests/test_set.py
ERROR tests/test_sort.py
ERROR tests/test_stack.py
ERROR tests/test_streaming.py
ERROR tests/test_strings.py
ERROR tests/test_tree.py
ERROR tests/test_unix.py
!!!!!!!!!!!!!!!!!! Interrupted: 29 errors during collection !!!!!!!!!!!!!!!!!!!
============================= 29 errors in 0.51s ==============================
Run 5: 
============================= test session starts =============================
platform win32 -- Python 3.12.3, pytest-8.3.4, pluggy-1.5.0
rootdir: C:\Users\Rashid\OneDrive\Desktop\STT\Labs\Lab_6\algorithms
plugins: run-parallel-0.3.1, xdist-3.6.1
collected 0 items / 29 errors

=================================== ERRORS ====================================
____________________ ERROR collecting tests/test_array.py _____________________
..\stt_labs\Lib\site-packages\_pytest\python.py:493: in importtestmodule
    mod = import_path(
..\stt_labs\Lib\site-packages\_pytest\pathlib.py:587: in import_path
    importlib.import_module(module_name)
C:\Users\Rashid\AppData\Local\Programs\Python\Python312\Lib\importlib\__init__.py:90: in import_module
    return _bootstrap._gcd_import(name[level:], package, level)
<frozen importlib._bootstrap>:1387: in _gcd_import
    ???
<frozen importlib._bootstrap>:1360: in _find_and_load
    ???
<frozen importlib._bootstrap>:1331: in _find_and_load_unlocked
    ???
<frozen importlib._bootstrap>:935: in _load_unlocked
    ???
..\stt_labs\Lib\site-packages\_pytest\assertion\rewrite.py:175: in exec_module
    source_stat, co = _rewrite_test(fn, self.config)
..\stt_labs\Lib\site-packages\_pytest\assertion\rewrite.py:355: in _rewrite_test
    tree = ast.parse(source, filename=strfn)
C:\Users\Rashid\AppData\Local\Programs\Python\Python312\Lib\ast.py:52: in parse
    return compile(source, filename, mode, flags,
E     File "C:\Users\Rashid\OneDrive\Desktop\STT\Labs\Lab_6\algorithms\tests\test_array.py", line 13
E       rotate_v1, rotate_v2, rotate_v3,
E       ^^^^^^^^^
E   SyntaxError: invalid syntax
___________________ ERROR collecting tests/test_automata.py ___________________
ImportError while importing test module 'C:\Users\Rashid\OneDrive\Desktop\STT\Labs\Lab_6\algorithms\tests\test_automata.py'.
Hint: make sure your test modules/packages have valid Python names.
Traceback:
C:\Users\Rashid\AppData\Local\Programs\Python\Python312\Lib\importlib\__init__.py:90: in import_module
    return _bootstrap._gcd_import(name[level:], package, level)
tests\test_automata.py:1: in <module>
    from algorithms.automata import DFA
E   ModuleNotFoundError: No module named 'algorithms'
__________________ ERROR collecting tests/test_backtrack.py ___________________
ImportError while importing test module 'C:\Users\Rashid\OneDrive\Desktop\STT\Labs\Lab_6\algorithms\tests\test_backtrack.py'.
Hint: make sure your test modules/packages have valid Python names.
Traceback:
C:\Users\Rashid\AppData\Local\Programs\Python\Python312\Lib\importlib\__init__.py:90: in import_module
    return _bootstrap._gcd_import(name[level:], package, level)
tests\test_backtrack.py:1: in <module>
    from algorithms.backtrack import (
E   ModuleNotFoundError: No module named 'algorithms'
_____________________ ERROR collecting tests/test_bfs.py ______________________
ImportError while importing test module 'C:\Users\Rashid\OneDrive\Desktop\STT\Labs\Lab_6\algorithms\tests\test_bfs.py'.
Hint: make sure your test modules/packages have valid Python names.
Traceback:
C:\Users\Rashid\AppData\Local\Programs\Python\Python312\Lib\importlib\__init__.py:90: in import_module
    return _bootstrap._gcd_import(name[level:], package, level)
tests\test_bfs.py:1: in <module>
    from algorithms.bfs import (
E   ModuleNotFoundError: No module named 'algorithms'
_____________________ ERROR collecting tests/test_bit.py ______________________
ImportError while importing test module 'C:\Users\Rashid\OneDrive\Desktop\STT\Labs\Lab_6\algorithms\tests\test_bit.py'.
Hint: make sure your test modules/packages have valid Python names.
Traceback:
C:\Users\Rashid\AppData\Local\Programs\Python\Python312\Lib\importlib\__init__.py:90: in import_module
    return _bootstrap._gcd_import(name[level:], package, level)
tests\test_bit.py:1: in <module>
    from algorithms.bit import (
E   ModuleNotFoundError: No module named 'algorithms'
_________________ ERROR collecting tests/test_compression.py __________________
ImportError while importing test module 'C:\Users\Rashid\OneDrive\Desktop\STT\Labs\Lab_6\algorithms\tests\test_compression.py'.
Hint: make sure your test modules/packages have valid Python names.
Traceback:
C:\Users\Rashid\AppData\Local\Programs\Python\Python312\Lib\importlib\__init__.py:90: in import_module
    return _bootstrap._gcd_import(name[level:], package, level)
tests\test_compression.py:1: in <module>
    from algorithms.compression.huffman_coding import HuffmanCoding
E   ModuleNotFoundError: No module named 'algorithms'
_____________________ ERROR collecting tests/test_dfs.py ______________________
ImportError while importing test module 'C:\Users\Rashid\OneDrive\Desktop\STT\Labs\Lab_6\algorithms\tests\test_dfs.py'.
Hint: make sure your test modules/packages have valid Python names.
Traceback:
C:\Users\Rashid\AppData\Local\Programs\Python\Python312\Lib\importlib\__init__.py:90: in import_module
    return _bootstrap._gcd_import(name[level:], package, level)
tests\test_dfs.py:1: in <module>
    from algorithms.dfs import (
E   ModuleNotFoundError: No module named 'algorithms'
______________________ ERROR collecting tests/test_dp.py ______________________
ImportError while importing test module 'C:\Users\Rashid\OneDrive\Desktop\STT\Labs\Lab_6\algorithms\tests\test_dp.py'.
Hint: make sure your test modules/packages have valid Python names.
Traceback:
C:\Users\Rashid\AppData\Local\Programs\Python\Python312\Lib\importlib\__init__.py:90: in import_module
    return _bootstrap._gcd_import(name[level:], package, level)
tests\test_dp.py:1: in <module>
    from algorithms.dp import (
E   ModuleNotFoundError: No module named 'algorithms'
____________________ ERROR collecting tests/test_graph.py _____________________
ImportError while importing test module 'C:\Users\Rashid\OneDrive\Desktop\STT\Labs\Lab_6\algorithms\tests\test_graph.py'.
Hint: make sure your test modules/packages have valid Python names.
Traceback:
C:\Users\Rashid\AppData\Local\Programs\Python\Python312\Lib\importlib\__init__.py:90: in import_module
    return _bootstrap._gcd_import(name[level:], package, level)
tests\test_graph.py:1: in <module>
    from algorithms.graph import Tarjan
E   ModuleNotFoundError: No module named 'algorithms'
____________________ ERROR collecting tests/test_greedy.py ____________________
ImportError while importing test module 'C:\Users\Rashid\OneDrive\Desktop\STT\Labs\Lab_6\algorithms\tests\test_greedy.py'.
Hint: make sure your test modules/packages have valid Python names.
Traceback:
C:\Users\Rashid\AppData\Local\Programs\Python\Python312\Lib\importlib\__init__.py:90: in import_module
    return _bootstrap._gcd_import(name[level:], package, level)
tests\test_greedy.py:1: in <module>
    from algorithms.greedy import (
E   ModuleNotFoundError: No module named 'algorithms'
_____________________ ERROR collecting tests/test_heap.py _____________________
ImportError while importing test module 'C:\Users\Rashid\OneDrive\Desktop\STT\Labs\Lab_6\algorithms\tests\test_heap.py'.
Hint: make sure your test modules/packages have valid Python names.
Traceback:
C:\Users\Rashid\AppData\Local\Programs\Python\Python312\Lib\importlib\__init__.py:90: in import_module
    return _bootstrap._gcd_import(name[level:], package, level)
tests\test_heap.py:1: in <module>
    from algorithms.heap import (
E   ModuleNotFoundError: No module named 'algorithms'
__________________ ERROR collecting tests/test_histogram.py ___________________
ImportError while importing test module 'C:\Users\Rashid\OneDrive\Desktop\STT\Labs\Lab_6\algorithms\tests\test_histogram.py'.
Hint: make sure your test modules/packages have valid Python names.
Traceback:
C:\Users\Rashid\AppData\Local\Programs\Python\Python312\Lib\importlib\__init__.py:90: in import_module
    return _bootstrap._gcd_import(name[level:], package, level)
tests\test_histogram.py:1: in <module>
    from algorithms.distribution.histogram import get_histogram
E   ModuleNotFoundError: No module named 'algorithms'
____________ ERROR collecting tests/test_iterative_segment_tree.py ____________
ImportError while importing test module 'C:\Users\Rashid\OneDrive\Desktop\STT\Labs\Lab_6\algorithms\tests\test_iterative_segment_tree.py'.
Hint: make sure your test modules/packages have valid Python names.
Traceback:
C:\Users\Rashid\AppData\Local\Programs\Python\Python312\Lib\importlib\__init__.py:90: in import_module
    return _bootstrap._gcd_import(name[level:], package, level)
tests\test_iterative_segment_tree.py:1: in <module>
    from algorithms.tree.segment_tree.iterative_segment_tree import SegmentTree
E   ModuleNotFoundError: No module named 'algorithms'
__________________ ERROR collecting tests/test_linkedlist.py __________________
ImportError while importing test module 'C:\Users\Rashid\OneDrive\Desktop\STT\Labs\Lab_6\algorithms\tests\test_linkedlist.py'.
Hint: make sure your test modules/packages have valid Python names.
Traceback:
C:\Users\Rashid\AppData\Local\Programs\Python\Python312\Lib\importlib\__init__.py:90: in import_module
    return _bootstrap._gcd_import(name[level:], package, level)
tests\test_linkedlist.py:3: in <module>
    from algorithms.linkedlist import (
E   ModuleNotFoundError: No module named 'algorithms'
_____________________ ERROR collecting tests/test_map.py ______________________
ImportError while importing test module 'C:\Users\Rashid\OneDrive\Desktop\STT\Labs\Lab_6\algorithms\tests\test_map.py'.
Hint: make sure your test modules/packages have valid Python names.
Traceback:
C:\Users\Rashid\AppData\Local\Programs\Python\Python312\Lib\importlib\__init__.py:90: in import_module
    return _bootstrap._gcd_import(name[level:], package, level)
tests\test_map.py:1: in <module>
    from algorithms.map import (
E   ModuleNotFoundError: No module named 'algorithms'
____________________ ERROR collecting tests/test_maths.py _____________________
ImportError while importing test module 'C:\Users\Rashid\OneDrive\Desktop\STT\Labs\Lab_6\algorithms\tests\test_maths.py'.
Hint: make sure your test modules/packages have valid Python names.
Traceback:
C:\Users\Rashid\AppData\Local\Programs\Python\Python312\Lib\importlib\__init__.py:90: in import_module
    return _bootstrap._gcd_import(name[level:], package, level)
tests\test_maths.py:1: in <module>
    from algorithms.maths import (
E   ModuleNotFoundError: No module named 'algorithms'
____________________ ERROR collecting tests/test_matrix.py ____________________
ImportError while importing test module 'C:\Users\Rashid\OneDrive\Desktop\STT\Labs\Lab_6\algorithms\tests\test_matrix.py'.
Hint: make sure your test modules/packages have valid Python names.
Traceback:
C:\Users\Rashid\AppData\Local\Programs\Python\Python312\Lib\importlib\__init__.py:90: in import_module
    return _bootstrap._gcd_import(name[level:], package, level)
tests\test_matrix.py:1: in <module>
    from algorithms.matrix import (
E   ModuleNotFoundError: No module named 'algorithms'
______________________ ERROR collecting tests/test_ml.py ______________________
ImportError while importing test module 'C:\Users\Rashid\OneDrive\Desktop\STT\Labs\Lab_6\algorithms\tests\test_ml.py'.
Hint: make sure your test modules/packages have valid Python names.
Traceback:
C:\Users\Rashid\AppData\Local\Programs\Python\Python312\Lib\importlib\__init__.py:90: in import_module
    return _bootstrap._gcd_import(name[level:], package, level)
tests\test_ml.py:1: in <module>
    from algorithms.ml.nearest_neighbor import (
E   ModuleNotFoundError: No module named 'algorithms'
___________________ ERROR collecting tests/test_monomial.py ___________________
ImportError while importing test module 'C:\Users\Rashid\OneDrive\Desktop\STT\Labs\Lab_6\algorithms\tests\test_monomial.py'.
Hint: make sure your test modules/packages have valid Python names.
Traceback:
C:\Users\Rashid\AppData\Local\Programs\Python\Python312\Lib\importlib\__init__.py:90: in import_module
    return _bootstrap._gcd_import(name[level:], package, level)
tests\test_monomial.py:1: in <module>
    from algorithms.maths.polynomial import Monomial
E   ModuleNotFoundError: No module named 'algorithms'
__________________ ERROR collecting tests/test_polynomial.py __________________
ImportError while importing test module 'C:\Users\Rashid\OneDrive\Desktop\STT\Labs\Lab_6\algorithms\tests\test_polynomial.py'.
Hint: make sure your test modules/packages have valid Python names.
Traceback:
C:\Users\Rashid\AppData\Local\Programs\Python\Python312\Lib\importlib\__init__.py:90: in import_module
    return _bootstrap._gcd_import(name[level:], package, level)
tests\test_polynomial.py:1: in <module>
    from algorithms.maths.polynomial import (
E   ModuleNotFoundError: No module named 'algorithms'
____________________ ERROR collecting tests/test_queues.py ____________________
ImportError while importing test module 'C:\Users\Rashid\OneDrive\Desktop\STT\Labs\Lab_6\algorithms\tests\test_queues.py'.
Hint: make sure your test modules/packages have valid Python names.
Traceback:
C:\Users\Rashid\AppData\Local\Programs\Python\Python312\Lib\importlib\__init__.py:90: in import_module
    return _bootstrap._gcd_import(name[level:], package, level)
tests\test_queues.py:3: in <module>
    from algorithms.queues import (
E   ModuleNotFoundError: No module named 'algorithms'
____________________ ERROR collecting tests/test_search.py ____________________
ImportError while importing test module 'C:\Users\Rashid\OneDrive\Desktop\STT\Labs\Lab_6\algorithms\tests\test_search.py'.
Hint: make sure your test modules/packages have valid Python names.
Traceback:
C:\Users\Rashid\AppData\Local\Programs\Python\Python312\Lib\importlib\__init__.py:90: in import_module
    return _bootstrap._gcd_import(name[level:], package, level)
tests\test_search.py:1: in <module>
    from algorithms.search import (
E   ModuleNotFoundError: No module named 'algorithms'
_____________________ ERROR collecting tests/test_set.py ______________________
ImportError while importing test module 'C:\Users\Rashid\OneDrive\Desktop\STT\Labs\Lab_6\algorithms\tests\test_set.py'.
Hint: make sure your test modules/packages have valid Python names.
Traceback:
C:\Users\Rashid\AppData\Local\Programs\Python\Python312\Lib\importlib\__init__.py:90: in import_module
    return _bootstrap._gcd_import(name[level:], package, level)
tests\test_set.py:1: in <module>
    from algorithms.set import (
E   ModuleNotFoundError: No module named 'algorithms'
_____________________ ERROR collecting tests/test_sort.py _____________________
ImportError while importing test module 'C:\Users\Rashid\OneDrive\Desktop\STT\Labs\Lab_6\algorithms\tests\test_sort.py'.
Hint: make sure your test modules/packages have valid Python names.
Traceback:
C:\Users\Rashid\AppData\Local\Programs\Python\Python312\Lib\importlib\__init__.py:90: in import_module
    return _bootstrap._gcd_import(name[level:], package, level)
tests\test_sort.py:1: in <module>
    from algorithms.sort import (
E   ModuleNotFoundError: No module named 'algorithms'
____________________ ERROR collecting tests/test_stack.py _____________________
ImportError while importing test module 'C:\Users\Rashid\OneDrive\Desktop\STT\Labs\Lab_6\algorithms\tests\test_stack.py'.
Hint: make sure your test modules/packages have valid Python names.
Traceback:
C:\Users\Rashid\AppData\Local\Programs\Python\Python312\Lib\importlib\__init__.py:90: in import_module
    return _bootstrap._gcd_import(name[level:], package, level)
tests\test_stack.py:1: in <module>
    from algorithms.stack import (
E   ModuleNotFoundError: No module named 'algorithms'
__________________ ERROR collecting tests/test_streaming.py ___________________
ImportError while importing test module 'C:\Users\Rashid\OneDrive\Desktop\STT\Labs\Lab_6\algorithms\tests\test_streaming.py'.
Hint: make sure your test modules/packages have valid Python names.
Traceback:
C:\Users\Rashid\AppData\Local\Programs\Python\Python312\Lib\importlib\__init__.py:90: in import_module
    return _bootstrap._gcd_import(name[level:], package, level)
tests\test_streaming.py:1: in <module>
    from algorithms.streaming.misra_gries import (
E   ModuleNotFoundError: No module named 'algorithms'
___________________ ERROR collecting tests/test_strings.py ____________________
ImportError while importing test module 'C:\Users\Rashid\OneDrive\Desktop\STT\Labs\Lab_6\algorithms\tests\test_strings.py'.
Hint: make sure your test modules/packages have valid Python names.
Traceback:
C:\Users\Rashid\AppData\Local\Programs\Python\Python312\Lib\importlib\__init__.py:90: in import_module
    return _bootstrap._gcd_import(name[level:], package, level)
tests\test_strings.py:1: in <module>
    from algorithms.strings import (
E   ModuleNotFoundError: No module named 'algorithms'
_____________________ ERROR collecting tests/test_tree.py _____________________
ImportError while importing test module 'C:\Users\Rashid\OneDrive\Desktop\STT\Labs\Lab_6\algorithms\tests\test_tree.py'.
Hint: make sure your test modules/packages have valid Python names.
Traceback:
C:\Users\Rashid\AppData\Local\Programs\Python\Python312\Lib\importlib\__init__.py:90: in import_module
    return _bootstrap._gcd_import(name[level:], package, level)
tests\test_tree.py:1: in <module>
    from algorithms.tree.traversal import (
E   ModuleNotFoundError: No module named 'algorithms'
_____________________ ERROR collecting tests/test_unix.py _____________________
ImportError while importing test module 'C:\Users\Rashid\OneDrive\Desktop\STT\Labs\Lab_6\algorithms\tests\test_unix.py'.
Hint: make sure your test modules/packages have valid Python names.
Traceback:
C:\Users\Rashid\AppData\Local\Programs\Python\Python312\Lib\importlib\__init__.py:90: in import_module
    return _bootstrap._gcd_import(name[level:], package, level)
tests\test_unix.py:1: in <module>
    from algorithms.unix import (
E   ModuleNotFoundError: No module named 'algorithms'
=========================== short test summary info ===========================
ERROR tests/test_array.py
ERROR tests/test_automata.py
ERROR tests/test_backtrack.py
ERROR tests/test_bfs.py
ERROR tests/test_bit.py
ERROR tests/test_compression.py
ERROR tests/test_dfs.py
ERROR tests/test_dp.py
ERROR tests/test_graph.py
ERROR tests/test_greedy.py
ERROR tests/test_heap.py
ERROR tests/test_histogram.py
ERROR tests/test_iterative_segment_tree.py
ERROR tests/test_linkedlist.py
ERROR tests/test_map.py
ERROR tests/test_maths.py
ERROR tests/test_matrix.py
ERROR tests/test_ml.py
ERROR tests/test_monomial.py
ERROR tests/test_polynomial.py
ERROR tests/test_queues.py
ERROR tests/test_search.py
ERROR tests/test_set.py
ERROR tests/test_sort.py
ERROR tests/test_stack.py
ERROR tests/test_streaming.py
ERROR tests/test_strings.py
ERROR tests/test_tree.py
ERROR tests/test_unix.py
!!!!!!!!!!!!!!!!!! Interrupted: 29 errors during collection !!!!!!!!!!!!!!!!!!!
============================= 29 errors in 0.44s ==============================
Run 6: 
============================= test session starts =============================
platform win32 -- Python 3.12.3, pytest-8.3.4, pluggy-1.5.0
rootdir: C:\Users\Rashid\OneDrive\Desktop\STT\Labs\Lab_6\algorithms
plugins: run-parallel-0.3.1, xdist-3.6.1
collected 0 items / 29 errors

=================================== ERRORS ====================================
____________________ ERROR collecting tests/test_array.py _____________________
..\stt_labs\Lib\site-packages\_pytest\python.py:493: in importtestmodule
    mod = import_path(
..\stt_labs\Lib\site-packages\_pytest\pathlib.py:587: in import_path
    importlib.import_module(module_name)
C:\Users\Rashid\AppData\Local\Programs\Python\Python312\Lib\importlib\__init__.py:90: in import_module
    return _bootstrap._gcd_import(name[level:], package, level)
<frozen importlib._bootstrap>:1387: in _gcd_import
    ???
<frozen importlib._bootstrap>:1360: in _find_and_load
    ???
<frozen importlib._bootstrap>:1331: in _find_and_load_unlocked
    ???
<frozen importlib._bootstrap>:935: in _load_unlocked
    ???
..\stt_labs\Lib\site-packages\_pytest\assertion\rewrite.py:175: in exec_module
    source_stat, co = _rewrite_test(fn, self.config)
..\stt_labs\Lib\site-packages\_pytest\assertion\rewrite.py:355: in _rewrite_test
    tree = ast.parse(source, filename=strfn)
C:\Users\Rashid\AppData\Local\Programs\Python\Python312\Lib\ast.py:52: in parse
    return compile(source, filename, mode, flags,
E     File "C:\Users\Rashid\OneDrive\Desktop\STT\Labs\Lab_6\algorithms\tests\test_array.py", line 13
E       rotate_v1, rotate_v2, rotate_v3,
E       ^^^^^^^^^
E   SyntaxError: invalid syntax
___________________ ERROR collecting tests/test_automata.py ___________________
ImportError while importing test module 'C:\Users\Rashid\OneDrive\Desktop\STT\Labs\Lab_6\algorithms\tests\test_automata.py'.
Hint: make sure your test modules/packages have valid Python names.
Traceback:
C:\Users\Rashid\AppData\Local\Programs\Python\Python312\Lib\importlib\__init__.py:90: in import_module
    return _bootstrap._gcd_import(name[level:], package, level)
tests\test_automata.py:1: in <module>
    from algorithms.automata import DFA
E   ModuleNotFoundError: No module named 'algorithms'
__________________ ERROR collecting tests/test_backtrack.py ___________________
ImportError while importing test module 'C:\Users\Rashid\OneDrive\Desktop\STT\Labs\Lab_6\algorithms\tests\test_backtrack.py'.
Hint: make sure your test modules/packages have valid Python names.
Traceback:
C:\Users\Rashid\AppData\Local\Programs\Python\Python312\Lib\importlib\__init__.py:90: in import_module
    return _bootstrap._gcd_import(name[level:], package, level)
tests\test_backtrack.py:1: in <module>
    from algorithms.backtrack import (
E   ModuleNotFoundError: No module named 'algorithms'
_____________________ ERROR collecting tests/test_bfs.py ______________________
ImportError while importing test module 'C:\Users\Rashid\OneDrive\Desktop\STT\Labs\Lab_6\algorithms\tests\test_bfs.py'.
Hint: make sure your test modules/packages have valid Python names.
Traceback:
C:\Users\Rashid\AppData\Local\Programs\Python\Python312\Lib\importlib\__init__.py:90: in import_module
    return _bootstrap._gcd_import(name[level:], package, level)
tests\test_bfs.py:1: in <module>
    from algorithms.bfs import (
E   ModuleNotFoundError: No module named 'algorithms'
_____________________ ERROR collecting tests/test_bit.py ______________________
ImportError while importing test module 'C:\Users\Rashid\OneDrive\Desktop\STT\Labs\Lab_6\algorithms\tests\test_bit.py'.
Hint: make sure your test modules/packages have valid Python names.
Traceback:
C:\Users\Rashid\AppData\Local\Programs\Python\Python312\Lib\importlib\__init__.py:90: in import_module
    return _bootstrap._gcd_import(name[level:], package, level)
tests\test_bit.py:1: in <module>
    from algorithms.bit import (
E   ModuleNotFoundError: No module named 'algorithms'
_________________ ERROR collecting tests/test_compression.py __________________
ImportError while importing test module 'C:\Users\Rashid\OneDrive\Desktop\STT\Labs\Lab_6\algorithms\tests\test_compression.py'.
Hint: make sure your test modules/packages have valid Python names.
Traceback:
C:\Users\Rashid\AppData\Local\Programs\Python\Python312\Lib\importlib\__init__.py:90: in import_module
    return _bootstrap._gcd_import(name[level:], package, level)
tests\test_compression.py:1: in <module>
    from algorithms.compression.huffman_coding import HuffmanCoding
E   ModuleNotFoundError: No module named 'algorithms'
_____________________ ERROR collecting tests/test_dfs.py ______________________
ImportError while importing test module 'C:\Users\Rashid\OneDrive\Desktop\STT\Labs\Lab_6\algorithms\tests\test_dfs.py'.
Hint: make sure your test modules/packages have valid Python names.
Traceback:
C:\Users\Rashid\AppData\Local\Programs\Python\Python312\Lib\importlib\__init__.py:90: in import_module
    return _bootstrap._gcd_import(name[level:], package, level)
tests\test_dfs.py:1: in <module>
    from algorithms.dfs import (
E   ModuleNotFoundError: No module named 'algorithms'
______________________ ERROR collecting tests/test_dp.py ______________________
ImportError while importing test module 'C:\Users\Rashid\OneDrive\Desktop\STT\Labs\Lab_6\algorithms\tests\test_dp.py'.
Hint: make sure your test modules/packages have valid Python names.
Traceback:
C:\Users\Rashid\AppData\Local\Programs\Python\Python312\Lib\importlib\__init__.py:90: in import_module
    return _bootstrap._gcd_import(name[level:], package, level)
tests\test_dp.py:1: in <module>
    from algorithms.dp import (
E   ModuleNotFoundError: No module named 'algorithms'
____________________ ERROR collecting tests/test_graph.py _____________________
ImportError while importing test module 'C:\Users\Rashid\OneDrive\Desktop\STT\Labs\Lab_6\algorithms\tests\test_graph.py'.
Hint: make sure your test modules/packages have valid Python names.
Traceback:
C:\Users\Rashid\AppData\Local\Programs\Python\Python312\Lib\importlib\__init__.py:90: in import_module
    return _bootstrap._gcd_import(name[level:], package, level)
tests\test_graph.py:1: in <module>
    from algorithms.graph import Tarjan
E   ModuleNotFoundError: No module named 'algorithms'
____________________ ERROR collecting tests/test_greedy.py ____________________
ImportError while importing test module 'C:\Users\Rashid\OneDrive\Desktop\STT\Labs\Lab_6\algorithms\tests\test_greedy.py'.
Hint: make sure your test modules/packages have valid Python names.
Traceback:
C:\Users\Rashid\AppData\Local\Programs\Python\Python312\Lib\importlib\__init__.py:90: in import_module
    return _bootstrap._gcd_import(name[level:], package, level)
tests\test_greedy.py:1: in <module>
    from algorithms.greedy import (
E   ModuleNotFoundError: No module named 'algorithms'
_____________________ ERROR collecting tests/test_heap.py _____________________
ImportError while importing test module 'C:\Users\Rashid\OneDrive\Desktop\STT\Labs\Lab_6\algorithms\tests\test_heap.py'.
Hint: make sure your test modules/packages have valid Python names.
Traceback:
C:\Users\Rashid\AppData\Local\Programs\Python\Python312\Lib\importlib\__init__.py:90: in import_module
    return _bootstrap._gcd_import(name[level:], package, level)
tests\test_heap.py:1: in <module>
    from algorithms.heap import (
E   ModuleNotFoundError: No module named 'algorithms'
__________________ ERROR collecting tests/test_histogram.py ___________________
ImportError while importing test module 'C:\Users\Rashid\OneDrive\Desktop\STT\Labs\Lab_6\algorithms\tests\test_histogram.py'.
Hint: make sure your test modules/packages have valid Python names.
Traceback:
C:\Users\Rashid\AppData\Local\Programs\Python\Python312\Lib\importlib\__init__.py:90: in import_module
    return _bootstrap._gcd_import(name[level:], package, level)
tests\test_histogram.py:1: in <module>
    from algorithms.distribution.histogram import get_histogram
E   ModuleNotFoundError: No module named 'algorithms'
____________ ERROR collecting tests/test_iterative_segment_tree.py ____________
ImportError while importing test module 'C:\Users\Rashid\OneDrive\Desktop\STT\Labs\Lab_6\algorithms\tests\test_iterative_segment_tree.py'.
Hint: make sure your test modules/packages have valid Python names.
Traceback:
C:\Users\Rashid\AppData\Local\Programs\Python\Python312\Lib\importlib\__init__.py:90: in import_module
    return _bootstrap._gcd_import(name[level:], package, level)
tests\test_iterative_segment_tree.py:1: in <module>
    from algorithms.tree.segment_tree.iterative_segment_tree import SegmentTree
E   ModuleNotFoundError: No module named 'algorithms'
__________________ ERROR collecting tests/test_linkedlist.py __________________
ImportError while importing test module 'C:\Users\Rashid\OneDrive\Desktop\STT\Labs\Lab_6\algorithms\tests\test_linkedlist.py'.
Hint: make sure your test modules/packages have valid Python names.
Traceback:
C:\Users\Rashid\AppData\Local\Programs\Python\Python312\Lib\importlib\__init__.py:90: in import_module
    return _bootstrap._gcd_import(name[level:], package, level)
tests\test_linkedlist.py:3: in <module>
    from algorithms.linkedlist import (
E   ModuleNotFoundError: No module named 'algorithms'
_____________________ ERROR collecting tests/test_map.py ______________________
ImportError while importing test module 'C:\Users\Rashid\OneDrive\Desktop\STT\Labs\Lab_6\algorithms\tests\test_map.py'.
Hint: make sure your test modules/packages have valid Python names.
Traceback:
C:\Users\Rashid\AppData\Local\Programs\Python\Python312\Lib\importlib\__init__.py:90: in import_module
    return _bootstrap._gcd_import(name[level:], package, level)
tests\test_map.py:1: in <module>
    from algorithms.map import (
E   ModuleNotFoundError: No module named 'algorithms'
____________________ ERROR collecting tests/test_maths.py _____________________
ImportError while importing test module 'C:\Users\Rashid\OneDrive\Desktop\STT\Labs\Lab_6\algorithms\tests\test_maths.py'.
Hint: make sure your test modules/packages have valid Python names.
Traceback:
C:\Users\Rashid\AppData\Local\Programs\Python\Python312\Lib\importlib\__init__.py:90: in import_module
    return _bootstrap._gcd_import(name[level:], package, level)
tests\test_maths.py:1: in <module>
    from algorithms.maths import (
E   ModuleNotFoundError: No module named 'algorithms'
____________________ ERROR collecting tests/test_matrix.py ____________________
ImportError while importing test module 'C:\Users\Rashid\OneDrive\Desktop\STT\Labs\Lab_6\algorithms\tests\test_matrix.py'.
Hint: make sure your test modules/packages have valid Python names.
Traceback:
C:\Users\Rashid\AppData\Local\Programs\Python\Python312\Lib\importlib\__init__.py:90: in import_module
    return _bootstrap._gcd_import(name[level:], package, level)
tests\test_matrix.py:1: in <module>
    from algorithms.matrix import (
E   ModuleNotFoundError: No module named 'algorithms'
______________________ ERROR collecting tests/test_ml.py ______________________
ImportError while importing test module 'C:\Users\Rashid\OneDrive\Desktop\STT\Labs\Lab_6\algorithms\tests\test_ml.py'.
Hint: make sure your test modules/packages have valid Python names.
Traceback:
C:\Users\Rashid\AppData\Local\Programs\Python\Python312\Lib\importlib\__init__.py:90: in import_module
    return _bootstrap._gcd_import(name[level:], package, level)
tests\test_ml.py:1: in <module>
    from algorithms.ml.nearest_neighbor import (
E   ModuleNotFoundError: No module named 'algorithms'
___________________ ERROR collecting tests/test_monomial.py ___________________
ImportError while importing test module 'C:\Users\Rashid\OneDrive\Desktop\STT\Labs\Lab_6\algorithms\tests\test_monomial.py'.
Hint: make sure your test modules/packages have valid Python names.
Traceback:
C:\Users\Rashid\AppData\Local\Programs\Python\Python312\Lib\importlib\__init__.py:90: in import_module
    return _bootstrap._gcd_import(name[level:], package, level)
tests\test_monomial.py:1: in <module>
    from algorithms.maths.polynomial import Monomial
E   ModuleNotFoundError: No module named 'algorithms'
__________________ ERROR collecting tests/test_polynomial.py __________________
ImportError while importing test module 'C:\Users\Rashid\OneDrive\Desktop\STT\Labs\Lab_6\algorithms\tests\test_polynomial.py'.
Hint: make sure your test modules/packages have valid Python names.
Traceback:
C:\Users\Rashid\AppData\Local\Programs\Python\Python312\Lib\importlib\__init__.py:90: in import_module
    return _bootstrap._gcd_import(name[level:], package, level)
tests\test_polynomial.py:1: in <module>
    from algorithms.maths.polynomial import (
E   ModuleNotFoundError: No module named 'algorithms'
____________________ ERROR collecting tests/test_queues.py ____________________
ImportError while importing test module 'C:\Users\Rashid\OneDrive\Desktop\STT\Labs\Lab_6\algorithms\tests\test_queues.py'.
Hint: make sure your test modules/packages have valid Python names.
Traceback:
C:\Users\Rashid\AppData\Local\Programs\Python\Python312\Lib\importlib\__init__.py:90: in import_module
    return _bootstrap._gcd_import(name[level:], package, level)
tests\test_queues.py:3: in <module>
    from algorithms.queues import (
E   ModuleNotFoundError: No module named 'algorithms'
____________________ ERROR collecting tests/test_search.py ____________________
ImportError while importing test module 'C:\Users\Rashid\OneDrive\Desktop\STT\Labs\Lab_6\algorithms\tests\test_search.py'.
Hint: make sure your test modules/packages have valid Python names.
Traceback:
C:\Users\Rashid\AppData\Local\Programs\Python\Python312\Lib\importlib\__init__.py:90: in import_module
    return _bootstrap._gcd_import(name[level:], package, level)
tests\test_search.py:1: in <module>
    from algorithms.search import (
E   ModuleNotFoundError: No module named 'algorithms'
_____________________ ERROR collecting tests/test_set.py ______________________
ImportError while importing test module 'C:\Users\Rashid\OneDrive\Desktop\STT\Labs\Lab_6\algorithms\tests\test_set.py'.
Hint: make sure your test modules/packages have valid Python names.
Traceback:
C:\Users\Rashid\AppData\Local\Programs\Python\Python312\Lib\importlib\__init__.py:90: in import_module
    return _bootstrap._gcd_import(name[level:], package, level)
tests\test_set.py:1: in <module>
    from algorithms.set import (
E   ModuleNotFoundError: No module named 'algorithms'
_____________________ ERROR collecting tests/test_sort.py _____________________
ImportError while importing test module 'C:\Users\Rashid\OneDrive\Desktop\STT\Labs\Lab_6\algorithms\tests\test_sort.py'.
Hint: make sure your test modules/packages have valid Python names.
Traceback:
C:\Users\Rashid\AppData\Local\Programs\Python\Python312\Lib\importlib\__init__.py:90: in import_module
    return _bootstrap._gcd_import(name[level:], package, level)
tests\test_sort.py:1: in <module>
    from algorithms.sort import (
E   ModuleNotFoundError: No module named 'algorithms'
____________________ ERROR collecting tests/test_stack.py _____________________
ImportError while importing test module 'C:\Users\Rashid\OneDrive\Desktop\STT\Labs\Lab_6\algorithms\tests\test_stack.py'.
Hint: make sure your test modules/packages have valid Python names.
Traceback:
C:\Users\Rashid\AppData\Local\Programs\Python\Python312\Lib\importlib\__init__.py:90: in import_module
    return _bootstrap._gcd_import(name[level:], package, level)
tests\test_stack.py:1: in <module>
    from algorithms.stack import (
E   ModuleNotFoundError: No module named 'algorithms'
__________________ ERROR collecting tests/test_streaming.py ___________________
ImportError while importing test module 'C:\Users\Rashid\OneDrive\Desktop\STT\Labs\Lab_6\algorithms\tests\test_streaming.py'.
Hint: make sure your test modules/packages have valid Python names.
Traceback:
C:\Users\Rashid\AppData\Local\Programs\Python\Python312\Lib\importlib\__init__.py:90: in import_module
    return _bootstrap._gcd_import(name[level:], package, level)
tests\test_streaming.py:1: in <module>
    from algorithms.streaming.misra_gries import (
E   ModuleNotFoundError: No module named 'algorithms'
___________________ ERROR collecting tests/test_strings.py ____________________
ImportError while importing test module 'C:\Users\Rashid\OneDrive\Desktop\STT\Labs\Lab_6\algorithms\tests\test_strings.py'.
Hint: make sure your test modules/packages have valid Python names.
Traceback:
C:\Users\Rashid\AppData\Local\Programs\Python\Python312\Lib\importlib\__init__.py:90: in import_module
    return _bootstrap._gcd_import(name[level:], package, level)
tests\test_strings.py:1: in <module>
    from algorithms.strings import (
E   ModuleNotFoundError: No module named 'algorithms'
_____________________ ERROR collecting tests/test_tree.py _____________________
ImportError while importing test module 'C:\Users\Rashid\OneDrive\Desktop\STT\Labs\Lab_6\algorithms\tests\test_tree.py'.
Hint: make sure your test modules/packages have valid Python names.
Traceback:
C:\Users\Rashid\AppData\Local\Programs\Python\Python312\Lib\importlib\__init__.py:90: in import_module
    return _bootstrap._gcd_import(name[level:], package, level)
tests\test_tree.py:1: in <module>
    from algorithms.tree.traversal import (
E   ModuleNotFoundError: No module named 'algorithms'
_____________________ ERROR collecting tests/test_unix.py _____________________
ImportError while importing test module 'C:\Users\Rashid\OneDrive\Desktop\STT\Labs\Lab_6\algorithms\tests\test_unix.py'.
Hint: make sure your test modules/packages have valid Python names.
Traceback:
C:\Users\Rashid\AppData\Local\Programs\Python\Python312\Lib\importlib\__init__.py:90: in import_module
    return _bootstrap._gcd_import(name[level:], package, level)
tests\test_unix.py:1: in <module>
    from algorithms.unix import (
E   ModuleNotFoundError: No module named 'algorithms'
=========================== short test summary info ===========================
ERROR tests/test_array.py
ERROR tests/test_automata.py
ERROR tests/test_backtrack.py
ERROR tests/test_bfs.py
ERROR tests/test_bit.py
ERROR tests/test_compression.py
ERROR tests/test_dfs.py
ERROR tests/test_dp.py
ERROR tests/test_graph.py
ERROR tests/test_greedy.py
ERROR tests/test_heap.py
ERROR tests/test_histogram.py
ERROR tests/test_iterative_segment_tree.py
ERROR tests/test_linkedlist.py
ERROR tests/test_map.py
ERROR tests/test_maths.py
ERROR tests/test_matrix.py
ERROR tests/test_ml.py
ERROR tests/test_monomial.py
ERROR tests/test_polynomial.py
ERROR tests/test_queues.py
ERROR tests/test_search.py
ERROR tests/test_set.py
ERROR tests/test_sort.py
ERROR tests/test_stack.py
ERROR tests/test_streaming.py
ERROR tests/test_strings.py
ERROR tests/test_tree.py
ERROR tests/test_unix.py
!!!!!!!!!!!!!!!!!! Interrupted: 29 errors during collection !!!!!!!!!!!!!!!!!!!
============================= 29 errors in 0.45s ==============================
Run 7: 
============================= test session starts =============================
platform win32 -- Python 3.12.3, pytest-8.3.4, pluggy-1.5.0
rootdir: C:\Users\Rashid\OneDrive\Desktop\STT\Labs\Lab_6\algorithms
plugins: run-parallel-0.3.1, xdist-3.6.1
collected 0 items / 29 errors

=================================== ERRORS ====================================
____________________ ERROR collecting tests/test_array.py _____________________
..\stt_labs\Lib\site-packages\_pytest\python.py:493: in importtestmodule
    mod = import_path(
..\stt_labs\Lib\site-packages\_pytest\pathlib.py:587: in import_path
    importlib.import_module(module_name)
C:\Users\Rashid\AppData\Local\Programs\Python\Python312\Lib\importlib\__init__.py:90: in import_module
    return _bootstrap._gcd_import(name[level:], package, level)
<frozen importlib._bootstrap>:1387: in _gcd_import
    ???
<frozen importlib._bootstrap>:1360: in _find_and_load
    ???
<frozen importlib._bootstrap>:1331: in _find_and_load_unlocked
    ???
<frozen importlib._bootstrap>:935: in _load_unlocked
    ???
..\stt_labs\Lib\site-packages\_pytest\assertion\rewrite.py:175: in exec_module
    source_stat, co = _rewrite_test(fn, self.config)
..\stt_labs\Lib\site-packages\_pytest\assertion\rewrite.py:355: in _rewrite_test
    tree = ast.parse(source, filename=strfn)
C:\Users\Rashid\AppData\Local\Programs\Python\Python312\Lib\ast.py:52: in parse
    return compile(source, filename, mode, flags,
E     File "C:\Users\Rashid\OneDrive\Desktop\STT\Labs\Lab_6\algorithms\tests\test_array.py", line 13
E       rotate_v1, rotate_v2, rotate_v3,
E       ^^^^^^^^^
E   SyntaxError: invalid syntax
___________________ ERROR collecting tests/test_automata.py ___________________
ImportError while importing test module 'C:\Users\Rashid\OneDrive\Desktop\STT\Labs\Lab_6\algorithms\tests\test_automata.py'.
Hint: make sure your test modules/packages have valid Python names.
Traceback:
C:\Users\Rashid\AppData\Local\Programs\Python\Python312\Lib\importlib\__init__.py:90: in import_module
    return _bootstrap._gcd_import(name[level:], package, level)
tests\test_automata.py:1: in <module>
    from algorithms.automata import DFA
E   ModuleNotFoundError: No module named 'algorithms'
__________________ ERROR collecting tests/test_backtrack.py ___________________
ImportError while importing test module 'C:\Users\Rashid\OneDrive\Desktop\STT\Labs\Lab_6\algorithms\tests\test_backtrack.py'.
Hint: make sure your test modules/packages have valid Python names.
Traceback:
C:\Users\Rashid\AppData\Local\Programs\Python\Python312\Lib\importlib\__init__.py:90: in import_module
    return _bootstrap._gcd_import(name[level:], package, level)
tests\test_backtrack.py:1: in <module>
    from algorithms.backtrack import (
E   ModuleNotFoundError: No module named 'algorithms'
_____________________ ERROR collecting tests/test_bfs.py ______________________
ImportError while importing test module 'C:\Users\Rashid\OneDrive\Desktop\STT\Labs\Lab_6\algorithms\tests\test_bfs.py'.
Hint: make sure your test modules/packages have valid Python names.
Traceback:
C:\Users\Rashid\AppData\Local\Programs\Python\Python312\Lib\importlib\__init__.py:90: in import_module
    return _bootstrap._gcd_import(name[level:], package, level)
tests\test_bfs.py:1: in <module>
    from algorithms.bfs import (
E   ModuleNotFoundError: No module named 'algorithms'
_____________________ ERROR collecting tests/test_bit.py ______________________
ImportError while importing test module 'C:\Users\Rashid\OneDrive\Desktop\STT\Labs\Lab_6\algorithms\tests\test_bit.py'.
Hint: make sure your test modules/packages have valid Python names.
Traceback:
C:\Users\Rashid\AppData\Local\Programs\Python\Python312\Lib\importlib\__init__.py:90: in import_module
    return _bootstrap._gcd_import(name[level:], package, level)
tests\test_bit.py:1: in <module>
    from algorithms.bit import (
E   ModuleNotFoundError: No module named 'algorithms'
_________________ ERROR collecting tests/test_compression.py __________________
ImportError while importing test module 'C:\Users\Rashid\OneDrive\Desktop\STT\Labs\Lab_6\algorithms\tests\test_compression.py'.
Hint: make sure your test modules/packages have valid Python names.
Traceback:
C:\Users\Rashid\AppData\Local\Programs\Python\Python312\Lib\importlib\__init__.py:90: in import_module
    return _bootstrap._gcd_import(name[level:], package, level)
tests\test_compression.py:1: in <module>
    from algorithms.compression.huffman_coding import HuffmanCoding
E   ModuleNotFoundError: No module named 'algorithms'
_____________________ ERROR collecting tests/test_dfs.py ______________________
ImportError while importing test module 'C:\Users\Rashid\OneDrive\Desktop\STT\Labs\Lab_6\algorithms\tests\test_dfs.py'.
Hint: make sure your test modules/packages have valid Python names.
Traceback:
C:\Users\Rashid\AppData\Local\Programs\Python\Python312\Lib\importlib\__init__.py:90: in import_module
    return _bootstrap._gcd_import(name[level:], package, level)
tests\test_dfs.py:1: in <module>
    from algorithms.dfs import (
E   ModuleNotFoundError: No module named 'algorithms'
______________________ ERROR collecting tests/test_dp.py ______________________
ImportError while importing test module 'C:\Users\Rashid\OneDrive\Desktop\STT\Labs\Lab_6\algorithms\tests\test_dp.py'.
Hint: make sure your test modules/packages have valid Python names.
Traceback:
C:\Users\Rashid\AppData\Local\Programs\Python\Python312\Lib\importlib\__init__.py:90: in import_module
    return _bootstrap._gcd_import(name[level:], package, level)
tests\test_dp.py:1: in <module>
    from algorithms.dp import (
E   ModuleNotFoundError: No module named 'algorithms'
____________________ ERROR collecting tests/test_graph.py _____________________
ImportError while importing test module 'C:\Users\Rashid\OneDrive\Desktop\STT\Labs\Lab_6\algorithms\tests\test_graph.py'.
Hint: make sure your test modules/packages have valid Python names.
Traceback:
C:\Users\Rashid\AppData\Local\Programs\Python\Python312\Lib\importlib\__init__.py:90: in import_module
    return _bootstrap._gcd_import(name[level:], package, level)
tests\test_graph.py:1: in <module>
    from algorithms.graph import Tarjan
E   ModuleNotFoundError: No module named 'algorithms'
____________________ ERROR collecting tests/test_greedy.py ____________________
ImportError while importing test module 'C:\Users\Rashid\OneDrive\Desktop\STT\Labs\Lab_6\algorithms\tests\test_greedy.py'.
Hint: make sure your test modules/packages have valid Python names.
Traceback:
C:\Users\Rashid\AppData\Local\Programs\Python\Python312\Lib\importlib\__init__.py:90: in import_module
    return _bootstrap._gcd_import(name[level:], package, level)
tests\test_greedy.py:1: in <module>
    from algorithms.greedy import (
E   ModuleNotFoundError: No module named 'algorithms'
_____________________ ERROR collecting tests/test_heap.py _____________________
ImportError while importing test module 'C:\Users\Rashid\OneDrive\Desktop\STT\Labs\Lab_6\algorithms\tests\test_heap.py'.
Hint: make sure your test modules/packages have valid Python names.
Traceback:
C:\Users\Rashid\AppData\Local\Programs\Python\Python312\Lib\importlib\__init__.py:90: in import_module
    return _bootstrap._gcd_import(name[level:], package, level)
tests\test_heap.py:1: in <module>
    from algorithms.heap import (
E   ModuleNotFoundError: No module named 'algorithms'
__________________ ERROR collecting tests/test_histogram.py ___________________
ImportError while importing test module 'C:\Users\Rashid\OneDrive\Desktop\STT\Labs\Lab_6\algorithms\tests\test_histogram.py'.
Hint: make sure your test modules/packages have valid Python names.
Traceback:
C:\Users\Rashid\AppData\Local\Programs\Python\Python312\Lib\importlib\__init__.py:90: in import_module
    return _bootstrap._gcd_import(name[level:], package, level)
tests\test_histogram.py:1: in <module>
    from algorithms.distribution.histogram import get_histogram
E   ModuleNotFoundError: No module named 'algorithms'
____________ ERROR collecting tests/test_iterative_segment_tree.py ____________
ImportError while importing test module 'C:\Users\Rashid\OneDrive\Desktop\STT\Labs\Lab_6\algorithms\tests\test_iterative_segment_tree.py'.
Hint: make sure your test modules/packages have valid Python names.
Traceback:
C:\Users\Rashid\AppData\Local\Programs\Python\Python312\Lib\importlib\__init__.py:90: in import_module
    return _bootstrap._gcd_import(name[level:], package, level)
tests\test_iterative_segment_tree.py:1: in <module>
    from algorithms.tree.segment_tree.iterative_segment_tree import SegmentTree
E   ModuleNotFoundError: No module named 'algorithms'
__________________ ERROR collecting tests/test_linkedlist.py __________________
ImportError while importing test module 'C:\Users\Rashid\OneDrive\Desktop\STT\Labs\Lab_6\algorithms\tests\test_linkedlist.py'.
Hint: make sure your test modules/packages have valid Python names.
Traceback:
C:\Users\Rashid\AppData\Local\Programs\Python\Python312\Lib\importlib\__init__.py:90: in import_module
    return _bootstrap._gcd_import(name[level:], package, level)
tests\test_linkedlist.py:3: in <module>
    from algorithms.linkedlist import (
E   ModuleNotFoundError: No module named 'algorithms'
_____________________ ERROR collecting tests/test_map.py ______________________
ImportError while importing test module 'C:\Users\Rashid\OneDrive\Desktop\STT\Labs\Lab_6\algorithms\tests\test_map.py'.
Hint: make sure your test modules/packages have valid Python names.
Traceback:
C:\Users\Rashid\AppData\Local\Programs\Python\Python312\Lib\importlib\__init__.py:90: in import_module
    return _bootstrap._gcd_import(name[level:], package, level)
tests\test_map.py:1: in <module>
    from algorithms.map import (
E   ModuleNotFoundError: No module named 'algorithms'
____________________ ERROR collecting tests/test_maths.py _____________________
ImportError while importing test module 'C:\Users\Rashid\OneDrive\Desktop\STT\Labs\Lab_6\algorithms\tests\test_maths.py'.
Hint: make sure your test modules/packages have valid Python names.
Traceback:
C:\Users\Rashid\AppData\Local\Programs\Python\Python312\Lib\importlib\__init__.py:90: in import_module
    return _bootstrap._gcd_import(name[level:], package, level)
tests\test_maths.py:1: in <module>
    from algorithms.maths import (
E   ModuleNotFoundError: No module named 'algorithms'
____________________ ERROR collecting tests/test_matrix.py ____________________
ImportError while importing test module 'C:\Users\Rashid\OneDrive\Desktop\STT\Labs\Lab_6\algorithms\tests\test_matrix.py'.
Hint: make sure your test modules/packages have valid Python names.
Traceback:
C:\Users\Rashid\AppData\Local\Programs\Python\Python312\Lib\importlib\__init__.py:90: in import_module
    return _bootstrap._gcd_import(name[level:], package, level)
tests\test_matrix.py:1: in <module>
    from algorithms.matrix import (
E   ModuleNotFoundError: No module named 'algorithms'
______________________ ERROR collecting tests/test_ml.py ______________________
ImportError while importing test module 'C:\Users\Rashid\OneDrive\Desktop\STT\Labs\Lab_6\algorithms\tests\test_ml.py'.
Hint: make sure your test modules/packages have valid Python names.
Traceback:
C:\Users\Rashid\AppData\Local\Programs\Python\Python312\Lib\importlib\__init__.py:90: in import_module
    return _bootstrap._gcd_import(name[level:], package, level)
tests\test_ml.py:1: in <module>
    from algorithms.ml.nearest_neighbor import (
E   ModuleNotFoundError: No module named 'algorithms'
___________________ ERROR collecting tests/test_monomial.py ___________________
ImportError while importing test module 'C:\Users\Rashid\OneDrive\Desktop\STT\Labs\Lab_6\algorithms\tests\test_monomial.py'.
Hint: make sure your test modules/packages have valid Python names.
Traceback:
C:\Users\Rashid\AppData\Local\Programs\Python\Python312\Lib\importlib\__init__.py:90: in import_module
    return _bootstrap._gcd_import(name[level:], package, level)
tests\test_monomial.py:1: in <module>
    from algorithms.maths.polynomial import Monomial
E   ModuleNotFoundError: No module named 'algorithms'
__________________ ERROR collecting tests/test_polynomial.py __________________
ImportError while importing test module 'C:\Users\Rashid\OneDrive\Desktop\STT\Labs\Lab_6\algorithms\tests\test_polynomial.py'.
Hint: make sure your test modules/packages have valid Python names.
Traceback:
C:\Users\Rashid\AppData\Local\Programs\Python\Python312\Lib\importlib\__init__.py:90: in import_module
    return _bootstrap._gcd_import(name[level:], package, level)
tests\test_polynomial.py:1: in <module>
    from algorithms.maths.polynomial import (
E   ModuleNotFoundError: No module named 'algorithms'
____________________ ERROR collecting tests/test_queues.py ____________________
ImportError while importing test module 'C:\Users\Rashid\OneDrive\Desktop\STT\Labs\Lab_6\algorithms\tests\test_queues.py'.
Hint: make sure your test modules/packages have valid Python names.
Traceback:
C:\Users\Rashid\AppData\Local\Programs\Python\Python312\Lib\importlib\__init__.py:90: in import_module
    return _bootstrap._gcd_import(name[level:], package, level)
tests\test_queues.py:3: in <module>
    from algorithms.queues import (
E   ModuleNotFoundError: No module named 'algorithms'
____________________ ERROR collecting tests/test_search.py ____________________
ImportError while importing test module 'C:\Users\Rashid\OneDrive\Desktop\STT\Labs\Lab_6\algorithms\tests\test_search.py'.
Hint: make sure your test modules/packages have valid Python names.
Traceback:
C:\Users\Rashid\AppData\Local\Programs\Python\Python312\Lib\importlib\__init__.py:90: in import_module
    return _bootstrap._gcd_import(name[level:], package, level)
tests\test_search.py:1: in <module>
    from algorithms.search import (
E   ModuleNotFoundError: No module named 'algorithms'
_____________________ ERROR collecting tests/test_set.py ______________________
ImportError while importing test module 'C:\Users\Rashid\OneDrive\Desktop\STT\Labs\Lab_6\algorithms\tests\test_set.py'.
Hint: make sure your test modules/packages have valid Python names.
Traceback:
C:\Users\Rashid\AppData\Local\Programs\Python\Python312\Lib\importlib\__init__.py:90: in import_module
    return _bootstrap._gcd_import(name[level:], package, level)
tests\test_set.py:1: in <module>
    from algorithms.set import (
E   ModuleNotFoundError: No module named 'algorithms'
_____________________ ERROR collecting tests/test_sort.py _____________________
ImportError while importing test module 'C:\Users\Rashid\OneDrive\Desktop\STT\Labs\Lab_6\algorithms\tests\test_sort.py'.
Hint: make sure your test modules/packages have valid Python names.
Traceback:
C:\Users\Rashid\AppData\Local\Programs\Python\Python312\Lib\importlib\__init__.py:90: in import_module
    return _bootstrap._gcd_import(name[level:], package, level)
tests\test_sort.py:1: in <module>
    from algorithms.sort import (
E   ModuleNotFoundError: No module named 'algorithms'
____________________ ERROR collecting tests/test_stack.py _____________________
ImportError while importing test module 'C:\Users\Rashid\OneDrive\Desktop\STT\Labs\Lab_6\algorithms\tests\test_stack.py'.
Hint: make sure your test modules/packages have valid Python names.
Traceback:
C:\Users\Rashid\AppData\Local\Programs\Python\Python312\Lib\importlib\__init__.py:90: in import_module
    return _bootstrap._gcd_import(name[level:], package, level)
tests\test_stack.py:1: in <module>
    from algorithms.stack import (
E   ModuleNotFoundError: No module named 'algorithms'
__________________ ERROR collecting tests/test_streaming.py ___________________
ImportError while importing test module 'C:\Users\Rashid\OneDrive\Desktop\STT\Labs\Lab_6\algorithms\tests\test_streaming.py'.
Hint: make sure your test modules/packages have valid Python names.
Traceback:
C:\Users\Rashid\AppData\Local\Programs\Python\Python312\Lib\importlib\__init__.py:90: in import_module
    return _bootstrap._gcd_import(name[level:], package, level)
tests\test_streaming.py:1: in <module>
    from algorithms.streaming.misra_gries import (
E   ModuleNotFoundError: No module named 'algorithms'
___________________ ERROR collecting tests/test_strings.py ____________________
ImportError while importing test module 'C:\Users\Rashid\OneDrive\Desktop\STT\Labs\Lab_6\algorithms\tests\test_strings.py'.
Hint: make sure your test modules/packages have valid Python names.
Traceback:
C:\Users\Rashid\AppData\Local\Programs\Python\Python312\Lib\importlib\__init__.py:90: in import_module
    return _bootstrap._gcd_import(name[level:], package, level)
tests\test_strings.py:1: in <module>
    from algorithms.strings import (
E   ModuleNotFoundError: No module named 'algorithms'
_____________________ ERROR collecting tests/test_tree.py _____________________
ImportError while importing test module 'C:\Users\Rashid\OneDrive\Desktop\STT\Labs\Lab_6\algorithms\tests\test_tree.py'.
Hint: make sure your test modules/packages have valid Python names.
Traceback:
C:\Users\Rashid\AppData\Local\Programs\Python\Python312\Lib\importlib\__init__.py:90: in import_module
    return _bootstrap._gcd_import(name[level:], package, level)
tests\test_tree.py:1: in <module>
    from algorithms.tree.traversal import (
E   ModuleNotFoundError: No module named 'algorithms'
_____________________ ERROR collecting tests/test_unix.py _____________________
ImportError while importing test module 'C:\Users\Rashid\OneDrive\Desktop\STT\Labs\Lab_6\algorithms\tests\test_unix.py'.
Hint: make sure your test modules/packages have valid Python names.
Traceback:
C:\Users\Rashid\AppData\Local\Programs\Python\Python312\Lib\importlib\__init__.py:90: in import_module
    return _bootstrap._gcd_import(name[level:], package, level)
tests\test_unix.py:1: in <module>
    from algorithms.unix import (
E   ModuleNotFoundError: No module named 'algorithms'
=========================== short test summary info ===========================
ERROR tests/test_array.py
ERROR tests/test_automata.py
ERROR tests/test_backtrack.py
ERROR tests/test_bfs.py
ERROR tests/test_bit.py
ERROR tests/test_compression.py
ERROR tests/test_dfs.py
ERROR tests/test_dp.py
ERROR tests/test_graph.py
ERROR tests/test_greedy.py
ERROR tests/test_heap.py
ERROR tests/test_histogram.py
ERROR tests/test_iterative_segment_tree.py
ERROR tests/test_linkedlist.py
ERROR tests/test_map.py
ERROR tests/test_maths.py
ERROR tests/test_matrix.py
ERROR tests/test_ml.py
ERROR tests/test_monomial.py
ERROR tests/test_polynomial.py
ERROR tests/test_queues.py
ERROR tests/test_search.py
ERROR tests/test_set.py
ERROR tests/test_sort.py
ERROR tests/test_stack.py
ERROR tests/test_streaming.py
ERROR tests/test_strings.py
ERROR tests/test_tree.py
ERROR tests/test_unix.py
!!!!!!!!!!!!!!!!!! Interrupted: 29 errors during collection !!!!!!!!!!!!!!!!!!!
============================= 29 errors in 0.47s ==============================
Run 8: 
============================= test session starts =============================
platform win32 -- Python 3.12.3, pytest-8.3.4, pluggy-1.5.0
rootdir: C:\Users\Rashid\OneDrive\Desktop\STT\Labs\Lab_6\algorithms
plugins: run-parallel-0.3.1, xdist-3.6.1
collected 0 items / 29 errors

=================================== ERRORS ====================================
____________________ ERROR collecting tests/test_array.py _____________________
..\stt_labs\Lib\site-packages\_pytest\python.py:493: in importtestmodule
    mod = import_path(
..\stt_labs\Lib\site-packages\_pytest\pathlib.py:587: in import_path
    importlib.import_module(module_name)
C:\Users\Rashid\AppData\Local\Programs\Python\Python312\Lib\importlib\__init__.py:90: in import_module
    return _bootstrap._gcd_import(name[level:], package, level)
<frozen importlib._bootstrap>:1387: in _gcd_import
    ???
<frozen importlib._bootstrap>:1360: in _find_and_load
    ???
<frozen importlib._bootstrap>:1331: in _find_and_load_unlocked
    ???
<frozen importlib._bootstrap>:935: in _load_unlocked
    ???
..\stt_labs\Lib\site-packages\_pytest\assertion\rewrite.py:175: in exec_module
    source_stat, co = _rewrite_test(fn, self.config)
..\stt_labs\Lib\site-packages\_pytest\assertion\rewrite.py:355: in _rewrite_test
    tree = ast.parse(source, filename=strfn)
C:\Users\Rashid\AppData\Local\Programs\Python\Python312\Lib\ast.py:52: in parse
    return compile(source, filename, mode, flags,
E     File "C:\Users\Rashid\OneDrive\Desktop\STT\Labs\Lab_6\algorithms\tests\test_array.py", line 13
E       rotate_v1, rotate_v2, rotate_v3,
E       ^^^^^^^^^
E   SyntaxError: invalid syntax
___________________ ERROR collecting tests/test_automata.py ___________________
ImportError while importing test module 'C:\Users\Rashid\OneDrive\Desktop\STT\Labs\Lab_6\algorithms\tests\test_automata.py'.
Hint: make sure your test modules/packages have valid Python names.
Traceback:
C:\Users\Rashid\AppData\Local\Programs\Python\Python312\Lib\importlib\__init__.py:90: in import_module
    return _bootstrap._gcd_import(name[level:], package, level)
tests\test_automata.py:1: in <module>
    from algorithms.automata import DFA
E   ModuleNotFoundError: No module named 'algorithms'
__________________ ERROR collecting tests/test_backtrack.py ___________________
ImportError while importing test module 'C:\Users\Rashid\OneDrive\Desktop\STT\Labs\Lab_6\algorithms\tests\test_backtrack.py'.
Hint: make sure your test modules/packages have valid Python names.
Traceback:
C:\Users\Rashid\AppData\Local\Programs\Python\Python312\Lib\importlib\__init__.py:90: in import_module
    return _bootstrap._gcd_import(name[level:], package, level)
tests\test_backtrack.py:1: in <module>
    from algorithms.backtrack import (
E   ModuleNotFoundError: No module named 'algorithms'
_____________________ ERROR collecting tests/test_bfs.py ______________________
ImportError while importing test module 'C:\Users\Rashid\OneDrive\Desktop\STT\Labs\Lab_6\algorithms\tests\test_bfs.py'.
Hint: make sure your test modules/packages have valid Python names.
Traceback:
C:\Users\Rashid\AppData\Local\Programs\Python\Python312\Lib\importlib\__init__.py:90: in import_module
    return _bootstrap._gcd_import(name[level:], package, level)
tests\test_bfs.py:1: in <module>
    from algorithms.bfs import (
E   ModuleNotFoundError: No module named 'algorithms'
_____________________ ERROR collecting tests/test_bit.py ______________________
ImportError while importing test module 'C:\Users\Rashid\OneDrive\Desktop\STT\Labs\Lab_6\algorithms\tests\test_bit.py'.
Hint: make sure your test modules/packages have valid Python names.
Traceback:
C:\Users\Rashid\AppData\Local\Programs\Python\Python312\Lib\importlib\__init__.py:90: in import_module
    return _bootstrap._gcd_import(name[level:], package, level)
tests\test_bit.py:1: in <module>
    from algorithms.bit import (
E   ModuleNotFoundError: No module named 'algorithms'
_________________ ERROR collecting tests/test_compression.py __________________
ImportError while importing test module 'C:\Users\Rashid\OneDrive\Desktop\STT\Labs\Lab_6\algorithms\tests\test_compression.py'.
Hint: make sure your test modules/packages have valid Python names.
Traceback:
C:\Users\Rashid\AppData\Local\Programs\Python\Python312\Lib\importlib\__init__.py:90: in import_module
    return _bootstrap._gcd_import(name[level:], package, level)
tests\test_compression.py:1: in <module>
    from algorithms.compression.huffman_coding import HuffmanCoding
E   ModuleNotFoundError: No module named 'algorithms'
_____________________ ERROR collecting tests/test_dfs.py ______________________
ImportError while importing test module 'C:\Users\Rashid\OneDrive\Desktop\STT\Labs\Lab_6\algorithms\tests\test_dfs.py'.
Hint: make sure your test modules/packages have valid Python names.
Traceback:
C:\Users\Rashid\AppData\Local\Programs\Python\Python312\Lib\importlib\__init__.py:90: in import_module
    return _bootstrap._gcd_import(name[level:], package, level)
tests\test_dfs.py:1: in <module>
    from algorithms.dfs import (
E   ModuleNotFoundError: No module named 'algorithms'
______________________ ERROR collecting tests/test_dp.py ______________________
ImportError while importing test module 'C:\Users\Rashid\OneDrive\Desktop\STT\Labs\Lab_6\algorithms\tests\test_dp.py'.
Hint: make sure your test modules/packages have valid Python names.
Traceback:
C:\Users\Rashid\AppData\Local\Programs\Python\Python312\Lib\importlib\__init__.py:90: in import_module
    return _bootstrap._gcd_import(name[level:], package, level)
tests\test_dp.py:1: in <module>
    from algorithms.dp import (
E   ModuleNotFoundError: No module named 'algorithms'
____________________ ERROR collecting tests/test_graph.py _____________________
ImportError while importing test module 'C:\Users\Rashid\OneDrive\Desktop\STT\Labs\Lab_6\algorithms\tests\test_graph.py'.
Hint: make sure your test modules/packages have valid Python names.
Traceback:
C:\Users\Rashid\AppData\Local\Programs\Python\Python312\Lib\importlib\__init__.py:90: in import_module
    return _bootstrap._gcd_import(name[level:], package, level)
tests\test_graph.py:1: in <module>
    from algorithms.graph import Tarjan
E   ModuleNotFoundError: No module named 'algorithms'
____________________ ERROR collecting tests/test_greedy.py ____________________
ImportError while importing test module 'C:\Users\Rashid\OneDrive\Desktop\STT\Labs\Lab_6\algorithms\tests\test_greedy.py'.
Hint: make sure your test modules/packages have valid Python names.
Traceback:
C:\Users\Rashid\AppData\Local\Programs\Python\Python312\Lib\importlib\__init__.py:90: in import_module
    return _bootstrap._gcd_import(name[level:], package, level)
tests\test_greedy.py:1: in <module>
    from algorithms.greedy import (
E   ModuleNotFoundError: No module named 'algorithms'
_____________________ ERROR collecting tests/test_heap.py _____________________
ImportError while importing test module 'C:\Users\Rashid\OneDrive\Desktop\STT\Labs\Lab_6\algorithms\tests\test_heap.py'.
Hint: make sure your test modules/packages have valid Python names.
Traceback:
C:\Users\Rashid\AppData\Local\Programs\Python\Python312\Lib\importlib\__init__.py:90: in import_module
    return _bootstrap._gcd_import(name[level:], package, level)
tests\test_heap.py:1: in <module>
    from algorithms.heap import (
E   ModuleNotFoundError: No module named 'algorithms'
__________________ ERROR collecting tests/test_histogram.py ___________________
ImportError while importing test module 'C:\Users\Rashid\OneDrive\Desktop\STT\Labs\Lab_6\algorithms\tests\test_histogram.py'.
Hint: make sure your test modules/packages have valid Python names.
Traceback:
C:\Users\Rashid\AppData\Local\Programs\Python\Python312\Lib\importlib\__init__.py:90: in import_module
    return _bootstrap._gcd_import(name[level:], package, level)
tests\test_histogram.py:1: in <module>
    from algorithms.distribution.histogram import get_histogram
E   ModuleNotFoundError: No module named 'algorithms'
____________ ERROR collecting tests/test_iterative_segment_tree.py ____________
ImportError while importing test module 'C:\Users\Rashid\OneDrive\Desktop\STT\Labs\Lab_6\algorithms\tests\test_iterative_segment_tree.py'.
Hint: make sure your test modules/packages have valid Python names.
Traceback:
C:\Users\Rashid\AppData\Local\Programs\Python\Python312\Lib\importlib\__init__.py:90: in import_module
    return _bootstrap._gcd_import(name[level:], package, level)
tests\test_iterative_segment_tree.py:1: in <module>
    from algorithms.tree.segment_tree.iterative_segment_tree import SegmentTree
E   ModuleNotFoundError: No module named 'algorithms'
__________________ ERROR collecting tests/test_linkedlist.py __________________
ImportError while importing test module 'C:\Users\Rashid\OneDrive\Desktop\STT\Labs\Lab_6\algorithms\tests\test_linkedlist.py'.
Hint: make sure your test modules/packages have valid Python names.
Traceback:
C:\Users\Rashid\AppData\Local\Programs\Python\Python312\Lib\importlib\__init__.py:90: in import_module
    return _bootstrap._gcd_import(name[level:], package, level)
tests\test_linkedlist.py:3: in <module>
    from algorithms.linkedlist import (
E   ModuleNotFoundError: No module named 'algorithms'
_____________________ ERROR collecting tests/test_map.py ______________________
ImportError while importing test module 'C:\Users\Rashid\OneDrive\Desktop\STT\Labs\Lab_6\algorithms\tests\test_map.py'.
Hint: make sure your test modules/packages have valid Python names.
Traceback:
C:\Users\Rashid\AppData\Local\Programs\Python\Python312\Lib\importlib\__init__.py:90: in import_module
    return _bootstrap._gcd_import(name[level:], package, level)
tests\test_map.py:1: in <module>
    from algorithms.map import (
E   ModuleNotFoundError: No module named 'algorithms'
____________________ ERROR collecting tests/test_maths.py _____________________
ImportError while importing test module 'C:\Users\Rashid\OneDrive\Desktop\STT\Labs\Lab_6\algorithms\tests\test_maths.py'.
Hint: make sure your test modules/packages have valid Python names.
Traceback:
C:\Users\Rashid\AppData\Local\Programs\Python\Python312\Lib\importlib\__init__.py:90: in import_module
    return _bootstrap._gcd_import(name[level:], package, level)
tests\test_maths.py:1: in <module>
    from algorithms.maths import (
E   ModuleNotFoundError: No module named 'algorithms'
____________________ ERROR collecting tests/test_matrix.py ____________________
ImportError while importing test module 'C:\Users\Rashid\OneDrive\Desktop\STT\Labs\Lab_6\algorithms\tests\test_matrix.py'.
Hint: make sure your test modules/packages have valid Python names.
Traceback:
C:\Users\Rashid\AppData\Local\Programs\Python\Python312\Lib\importlib\__init__.py:90: in import_module
    return _bootstrap._gcd_import(name[level:], package, level)
tests\test_matrix.py:1: in <module>
    from algorithms.matrix import (
E   ModuleNotFoundError: No module named 'algorithms'
______________________ ERROR collecting tests/test_ml.py ______________________
ImportError while importing test module 'C:\Users\Rashid\OneDrive\Desktop\STT\Labs\Lab_6\algorithms\tests\test_ml.py'.
Hint: make sure your test modules/packages have valid Python names.
Traceback:
C:\Users\Rashid\AppData\Local\Programs\Python\Python312\Lib\importlib\__init__.py:90: in import_module
    return _bootstrap._gcd_import(name[level:], package, level)
tests\test_ml.py:1: in <module>
    from algorithms.ml.nearest_neighbor import (
E   ModuleNotFoundError: No module named 'algorithms'
___________________ ERROR collecting tests/test_monomial.py ___________________
ImportError while importing test module 'C:\Users\Rashid\OneDrive\Desktop\STT\Labs\Lab_6\algorithms\tests\test_monomial.py'.
Hint: make sure your test modules/packages have valid Python names.
Traceback:
C:\Users\Rashid\AppData\Local\Programs\Python\Python312\Lib\importlib\__init__.py:90: in import_module
    return _bootstrap._gcd_import(name[level:], package, level)
tests\test_monomial.py:1: in <module>
    from algorithms.maths.polynomial import Monomial
E   ModuleNotFoundError: No module named 'algorithms'
__________________ ERROR collecting tests/test_polynomial.py __________________
ImportError while importing test module 'C:\Users\Rashid\OneDrive\Desktop\STT\Labs\Lab_6\algorithms\tests\test_polynomial.py'.
Hint: make sure your test modules/packages have valid Python names.
Traceback:
C:\Users\Rashid\AppData\Local\Programs\Python\Python312\Lib\importlib\__init__.py:90: in import_module
    return _bootstrap._gcd_import(name[level:], package, level)
tests\test_polynomial.py:1: in <module>
    from algorithms.maths.polynomial import (
E   ModuleNotFoundError: No module named 'algorithms'
____________________ ERROR collecting tests/test_queues.py ____________________
ImportError while importing test module 'C:\Users\Rashid\OneDrive\Desktop\STT\Labs\Lab_6\algorithms\tests\test_queues.py'.
Hint: make sure your test modules/packages have valid Python names.
Traceback:
C:\Users\Rashid\AppData\Local\Programs\Python\Python312\Lib\importlib\__init__.py:90: in import_module
    return _bootstrap._gcd_import(name[level:], package, level)
tests\test_queues.py:3: in <module>
    from algorithms.queues import (
E   ModuleNotFoundError: No module named 'algorithms'
____________________ ERROR collecting tests/test_search.py ____________________
ImportError while importing test module 'C:\Users\Rashid\OneDrive\Desktop\STT\Labs\Lab_6\algorithms\tests\test_search.py'.
Hint: make sure your test modules/packages have valid Python names.
Traceback:
C:\Users\Rashid\AppData\Local\Programs\Python\Python312\Lib\importlib\__init__.py:90: in import_module
    return _bootstrap._gcd_import(name[level:], package, level)
tests\test_search.py:1: in <module>
    from algorithms.search import (
E   ModuleNotFoundError: No module named 'algorithms'
_____________________ ERROR collecting tests/test_set.py ______________________
ImportError while importing test module 'C:\Users\Rashid\OneDrive\Desktop\STT\Labs\Lab_6\algorithms\tests\test_set.py'.
Hint: make sure your test modules/packages have valid Python names.
Traceback:
C:\Users\Rashid\AppData\Local\Programs\Python\Python312\Lib\importlib\__init__.py:90: in import_module
    return _bootstrap._gcd_import(name[level:], package, level)
tests\test_set.py:1: in <module>
    from algorithms.set import (
E   ModuleNotFoundError: No module named 'algorithms'
_____________________ ERROR collecting tests/test_sort.py _____________________
ImportError while importing test module 'C:\Users\Rashid\OneDrive\Desktop\STT\Labs\Lab_6\algorithms\tests\test_sort.py'.
Hint: make sure your test modules/packages have valid Python names.
Traceback:
C:\Users\Rashid\AppData\Local\Programs\Python\Python312\Lib\importlib\__init__.py:90: in import_module
    return _bootstrap._gcd_import(name[level:], package, level)
tests\test_sort.py:1: in <module>
    from algorithms.sort import (
E   ModuleNotFoundError: No module named 'algorithms'
____________________ ERROR collecting tests/test_stack.py _____________________
ImportError while importing test module 'C:\Users\Rashid\OneDrive\Desktop\STT\Labs\Lab_6\algorithms\tests\test_stack.py'.
Hint: make sure your test modules/packages have valid Python names.
Traceback:
C:\Users\Rashid\AppData\Local\Programs\Python\Python312\Lib\importlib\__init__.py:90: in import_module
    return _bootstrap._gcd_import(name[level:], package, level)
tests\test_stack.py:1: in <module>
    from algorithms.stack import (
E   ModuleNotFoundError: No module named 'algorithms'
__________________ ERROR collecting tests/test_streaming.py ___________________
ImportError while importing test module 'C:\Users\Rashid\OneDrive\Desktop\STT\Labs\Lab_6\algorithms\tests\test_streaming.py'.
Hint: make sure your test modules/packages have valid Python names.
Traceback:
C:\Users\Rashid\AppData\Local\Programs\Python\Python312\Lib\importlib\__init__.py:90: in import_module
    return _bootstrap._gcd_import(name[level:], package, level)
tests\test_streaming.py:1: in <module>
    from algorithms.streaming.misra_gries import (
E   ModuleNotFoundError: No module named 'algorithms'
___________________ ERROR collecting tests/test_strings.py ____________________
ImportError while importing test module 'C:\Users\Rashid\OneDrive\Desktop\STT\Labs\Lab_6\algorithms\tests\test_strings.py'.
Hint: make sure your test modules/packages have valid Python names.
Traceback:
C:\Users\Rashid\AppData\Local\Programs\Python\Python312\Lib\importlib\__init__.py:90: in import_module
    return _bootstrap._gcd_import(name[level:], package, level)
tests\test_strings.py:1: in <module>
    from algorithms.strings import (
E   ModuleNotFoundError: No module named 'algorithms'
_____________________ ERROR collecting tests/test_tree.py _____________________
ImportError while importing test module 'C:\Users\Rashid\OneDrive\Desktop\STT\Labs\Lab_6\algorithms\tests\test_tree.py'.
Hint: make sure your test modules/packages have valid Python names.
Traceback:
C:\Users\Rashid\AppData\Local\Programs\Python\Python312\Lib\importlib\__init__.py:90: in import_module
    return _bootstrap._gcd_import(name[level:], package, level)
tests\test_tree.py:1: in <module>
    from algorithms.tree.traversal import (
E   ModuleNotFoundError: No module named 'algorithms'
_____________________ ERROR collecting tests/test_unix.py _____________________
ImportError while importing test module 'C:\Users\Rashid\OneDrive\Desktop\STT\Labs\Lab_6\algorithms\tests\test_unix.py'.
Hint: make sure your test modules/packages have valid Python names.
Traceback:
C:\Users\Rashid\AppData\Local\Programs\Python\Python312\Lib\importlib\__init__.py:90: in import_module
    return _bootstrap._gcd_import(name[level:], package, level)
tests\test_unix.py:1: in <module>
    from algorithms.unix import (
E   ModuleNotFoundError: No module named 'algorithms'
=========================== short test summary info ===========================
ERROR tests/test_array.py
ERROR tests/test_automata.py
ERROR tests/test_backtrack.py
ERROR tests/test_bfs.py
ERROR tests/test_bit.py
ERROR tests/test_compression.py
ERROR tests/test_dfs.py
ERROR tests/test_dp.py
ERROR tests/test_graph.py
ERROR tests/test_greedy.py
ERROR tests/test_heap.py
ERROR tests/test_histogram.py
ERROR tests/test_iterative_segment_tree.py
ERROR tests/test_linkedlist.py
ERROR tests/test_map.py
ERROR tests/test_maths.py
ERROR tests/test_matrix.py
ERROR tests/test_ml.py
ERROR tests/test_monomial.py
ERROR tests/test_polynomial.py
ERROR tests/test_queues.py
ERROR tests/test_search.py
ERROR tests/test_set.py
ERROR tests/test_sort.py
ERROR tests/test_stack.py
ERROR tests/test_streaming.py
ERROR tests/test_strings.py
ERROR tests/test_tree.py
ERROR tests/test_unix.py
!!!!!!!!!!!!!!!!!! Interrupted: 29 errors during collection !!!!!!!!!!!!!!!!!!!
============================= 29 errors in 0.49s ==============================
Run 9: 
============================= test session starts =============================
platform win32 -- Python 3.12.3, pytest-8.3.4, pluggy-1.5.0
rootdir: C:\Users\Rashid\OneDrive\Desktop\STT\Labs\Lab_6\algorithms
plugins: run-parallel-0.3.1, xdist-3.6.1
collected 0 items / 29 errors

=================================== ERRORS ====================================
____________________ ERROR collecting tests/test_array.py _____________________
..\stt_labs\Lib\site-packages\_pytest\python.py:493: in importtestmodule
    mod = import_path(
..\stt_labs\Lib\site-packages\_pytest\pathlib.py:587: in import_path
    importlib.import_module(module_name)
C:\Users\Rashid\AppData\Local\Programs\Python\Python312\Lib\importlib\__init__.py:90: in import_module
    return _bootstrap._gcd_import(name[level:], package, level)
<frozen importlib._bootstrap>:1387: in _gcd_import
    ???
<frozen importlib._bootstrap>:1360: in _find_and_load
    ???
<frozen importlib._bootstrap>:1331: in _find_and_load_unlocked
    ???
<frozen importlib._bootstrap>:935: in _load_unlocked
    ???
..\stt_labs\Lib\site-packages\_pytest\assertion\rewrite.py:175: in exec_module
    source_stat, co = _rewrite_test(fn, self.config)
..\stt_labs\Lib\site-packages\_pytest\assertion\rewrite.py:355: in _rewrite_test
    tree = ast.parse(source, filename=strfn)
C:\Users\Rashid\AppData\Local\Programs\Python\Python312\Lib\ast.py:52: in parse
    return compile(source, filename, mode, flags,
E     File "C:\Users\Rashid\OneDrive\Desktop\STT\Labs\Lab_6\algorithms\tests\test_array.py", line 13
E       rotate_v1, rotate_v2, rotate_v3,
E       ^^^^^^^^^
E   SyntaxError: invalid syntax
___________________ ERROR collecting tests/test_automata.py ___________________
ImportError while importing test module 'C:\Users\Rashid\OneDrive\Desktop\STT\Labs\Lab_6\algorithms\tests\test_automata.py'.
Hint: make sure your test modules/packages have valid Python names.
Traceback:
C:\Users\Rashid\AppData\Local\Programs\Python\Python312\Lib\importlib\__init__.py:90: in import_module
    return _bootstrap._gcd_import(name[level:], package, level)
tests\test_automata.py:1: in <module>
    from algorithms.automata import DFA
E   ModuleNotFoundError: No module named 'algorithms'
__________________ ERROR collecting tests/test_backtrack.py ___________________
ImportError while importing test module 'C:\Users\Rashid\OneDrive\Desktop\STT\Labs\Lab_6\algorithms\tests\test_backtrack.py'.
Hint: make sure your test modules/packages have valid Python names.
Traceback:
C:\Users\Rashid\AppData\Local\Programs\Python\Python312\Lib\importlib\__init__.py:90: in import_module
    return _bootstrap._gcd_import(name[level:], package, level)
tests\test_backtrack.py:1: in <module>
    from algorithms.backtrack import (
E   ModuleNotFoundError: No module named 'algorithms'
_____________________ ERROR collecting tests/test_bfs.py ______________________
ImportError while importing test module 'C:\Users\Rashid\OneDrive\Desktop\STT\Labs\Lab_6\algorithms\tests\test_bfs.py'.
Hint: make sure your test modules/packages have valid Python names.
Traceback:
C:\Users\Rashid\AppData\Local\Programs\Python\Python312\Lib\importlib\__init__.py:90: in import_module
    return _bootstrap._gcd_import(name[level:], package, level)
tests\test_bfs.py:1: in <module>
    from algorithms.bfs import (
E   ModuleNotFoundError: No module named 'algorithms'
_____________________ ERROR collecting tests/test_bit.py ______________________
ImportError while importing test module 'C:\Users\Rashid\OneDrive\Desktop\STT\Labs\Lab_6\algorithms\tests\test_bit.py'.
Hint: make sure your test modules/packages have valid Python names.
Traceback:
C:\Users\Rashid\AppData\Local\Programs\Python\Python312\Lib\importlib\__init__.py:90: in import_module
    return _bootstrap._gcd_import(name[level:], package, level)
tests\test_bit.py:1: in <module>
    from algorithms.bit import (
E   ModuleNotFoundError: No module named 'algorithms'
_________________ ERROR collecting tests/test_compression.py __________________
ImportError while importing test module 'C:\Users\Rashid\OneDrive\Desktop\STT\Labs\Lab_6\algorithms\tests\test_compression.py'.
Hint: make sure your test modules/packages have valid Python names.
Traceback:
C:\Users\Rashid\AppData\Local\Programs\Python\Python312\Lib\importlib\__init__.py:90: in import_module
    return _bootstrap._gcd_import(name[level:], package, level)
tests\test_compression.py:1: in <module>
    from algorithms.compression.huffman_coding import HuffmanCoding
E   ModuleNotFoundError: No module named 'algorithms'
_____________________ ERROR collecting tests/test_dfs.py ______________________
ImportError while importing test module 'C:\Users\Rashid\OneDrive\Desktop\STT\Labs\Lab_6\algorithms\tests\test_dfs.py'.
Hint: make sure your test modules/packages have valid Python names.
Traceback:
C:\Users\Rashid\AppData\Local\Programs\Python\Python312\Lib\importlib\__init__.py:90: in import_module
    return _bootstrap._gcd_import(name[level:], package, level)
tests\test_dfs.py:1: in <module>
    from algorithms.dfs import (
E   ModuleNotFoundError: No module named 'algorithms'
______________________ ERROR collecting tests/test_dp.py ______________________
ImportError while importing test module 'C:\Users\Rashid\OneDrive\Desktop\STT\Labs\Lab_6\algorithms\tests\test_dp.py'.
Hint: make sure your test modules/packages have valid Python names.
Traceback:
C:\Users\Rashid\AppData\Local\Programs\Python\Python312\Lib\importlib\__init__.py:90: in import_module
    return _bootstrap._gcd_import(name[level:], package, level)
tests\test_dp.py:1: in <module>
    from algorithms.dp import (
E   ModuleNotFoundError: No module named 'algorithms'
____________________ ERROR collecting tests/test_graph.py _____________________
ImportError while importing test module 'C:\Users\Rashid\OneDrive\Desktop\STT\Labs\Lab_6\algorithms\tests\test_graph.py'.
Hint: make sure your test modules/packages have valid Python names.
Traceback:
C:\Users\Rashid\AppData\Local\Programs\Python\Python312\Lib\importlib\__init__.py:90: in import_module
    return _bootstrap._gcd_import(name[level:], package, level)
tests\test_graph.py:1: in <module>
    from algorithms.graph import Tarjan
E   ModuleNotFoundError: No module named 'algorithms'
____________________ ERROR collecting tests/test_greedy.py ____________________
ImportError while importing test module 'C:\Users\Rashid\OneDrive\Desktop\STT\Labs\Lab_6\algorithms\tests\test_greedy.py'.
Hint: make sure your test modules/packages have valid Python names.
Traceback:
C:\Users\Rashid\AppData\Local\Programs\Python\Python312\Lib\importlib\__init__.py:90: in import_module
    return _bootstrap._gcd_import(name[level:], package, level)
tests\test_greedy.py:1: in <module>
    from algorithms.greedy import (
E   ModuleNotFoundError: No module named 'algorithms'
_____________________ ERROR collecting tests/test_heap.py _____________________
ImportError while importing test module 'C:\Users\Rashid\OneDrive\Desktop\STT\Labs\Lab_6\algorithms\tests\test_heap.py'.
Hint: make sure your test modules/packages have valid Python names.
Traceback:
C:\Users\Rashid\AppData\Local\Programs\Python\Python312\Lib\importlib\__init__.py:90: in import_module
    return _bootstrap._gcd_import(name[level:], package, level)
tests\test_heap.py:1: in <module>
    from algorithms.heap import (
E   ModuleNotFoundError: No module named 'algorithms'
__________________ ERROR collecting tests/test_histogram.py ___________________
ImportError while importing test module 'C:\Users\Rashid\OneDrive\Desktop\STT\Labs\Lab_6\algorithms\tests\test_histogram.py'.
Hint: make sure your test modules/packages have valid Python names.
Traceback:
C:\Users\Rashid\AppData\Local\Programs\Python\Python312\Lib\importlib\__init__.py:90: in import_module
    return _bootstrap._gcd_import(name[level:], package, level)
tests\test_histogram.py:1: in <module>
    from algorithms.distribution.histogram import get_histogram
E   ModuleNotFoundError: No module named 'algorithms'
____________ ERROR collecting tests/test_iterative_segment_tree.py ____________
ImportError while importing test module 'C:\Users\Rashid\OneDrive\Desktop\STT\Labs\Lab_6\algorithms\tests\test_iterative_segment_tree.py'.
Hint: make sure your test modules/packages have valid Python names.
Traceback:
C:\Users\Rashid\AppData\Local\Programs\Python\Python312\Lib\importlib\__init__.py:90: in import_module
    return _bootstrap._gcd_import(name[level:], package, level)
tests\test_iterative_segment_tree.py:1: in <module>
    from algorithms.tree.segment_tree.iterative_segment_tree import SegmentTree
E   ModuleNotFoundError: No module named 'algorithms'
__________________ ERROR collecting tests/test_linkedlist.py __________________
ImportError while importing test module 'C:\Users\Rashid\OneDrive\Desktop\STT\Labs\Lab_6\algorithms\tests\test_linkedlist.py'.
Hint: make sure your test modules/packages have valid Python names.
Traceback:
C:\Users\Rashid\AppData\Local\Programs\Python\Python312\Lib\importlib\__init__.py:90: in import_module
    return _bootstrap._gcd_import(name[level:], package, level)
tests\test_linkedlist.py:3: in <module>
    from algorithms.linkedlist import (
E   ModuleNotFoundError: No module named 'algorithms'
_____________________ ERROR collecting tests/test_map.py ______________________
ImportError while importing test module 'C:\Users\Rashid\OneDrive\Desktop\STT\Labs\Lab_6\algorithms\tests\test_map.py'.
Hint: make sure your test modules/packages have valid Python names.
Traceback:
C:\Users\Rashid\AppData\Local\Programs\Python\Python312\Lib\importlib\__init__.py:90: in import_module
    return _bootstrap._gcd_import(name[level:], package, level)
tests\test_map.py:1: in <module>
    from algorithms.map import (
E   ModuleNotFoundError: No module named 'algorithms'
____________________ ERROR collecting tests/test_maths.py _____________________
ImportError while importing test module 'C:\Users\Rashid\OneDrive\Desktop\STT\Labs\Lab_6\algorithms\tests\test_maths.py'.
Hint: make sure your test modules/packages have valid Python names.
Traceback:
C:\Users\Rashid\AppData\Local\Programs\Python\Python312\Lib\importlib\__init__.py:90: in import_module
    return _bootstrap._gcd_import(name[level:], package, level)
tests\test_maths.py:1: in <module>
    from algorithms.maths import (
E   ModuleNotFoundError: No module named 'algorithms'
____________________ ERROR collecting tests/test_matrix.py ____________________
ImportError while importing test module 'C:\Users\Rashid\OneDrive\Desktop\STT\Labs\Lab_6\algorithms\tests\test_matrix.py'.
Hint: make sure your test modules/packages have valid Python names.
Traceback:
C:\Users\Rashid\AppData\Local\Programs\Python\Python312\Lib\importlib\__init__.py:90: in import_module
    return _bootstrap._gcd_import(name[level:], package, level)
tests\test_matrix.py:1: in <module>
    from algorithms.matrix import (
E   ModuleNotFoundError: No module named 'algorithms'
______________________ ERROR collecting tests/test_ml.py ______________________
ImportError while importing test module 'C:\Users\Rashid\OneDrive\Desktop\STT\Labs\Lab_6\algorithms\tests\test_ml.py'.
Hint: make sure your test modules/packages have valid Python names.
Traceback:
C:\Users\Rashid\AppData\Local\Programs\Python\Python312\Lib\importlib\__init__.py:90: in import_module
    return _bootstrap._gcd_import(name[level:], package, level)
tests\test_ml.py:1: in <module>
    from algorithms.ml.nearest_neighbor import (
E   ModuleNotFoundError: No module named 'algorithms'
___________________ ERROR collecting tests/test_monomial.py ___________________
ImportError while importing test module 'C:\Users\Rashid\OneDrive\Desktop\STT\Labs\Lab_6\algorithms\tests\test_monomial.py'.
Hint: make sure your test modules/packages have valid Python names.
Traceback:
C:\Users\Rashid\AppData\Local\Programs\Python\Python312\Lib\importlib\__init__.py:90: in import_module
    return _bootstrap._gcd_import(name[level:], package, level)
tests\test_monomial.py:1: in <module>
    from algorithms.maths.polynomial import Monomial
E   ModuleNotFoundError: No module named 'algorithms'
__________________ ERROR collecting tests/test_polynomial.py __________________
ImportError while importing test module 'C:\Users\Rashid\OneDrive\Desktop\STT\Labs\Lab_6\algorithms\tests\test_polynomial.py'.
Hint: make sure your test modules/packages have valid Python names.
Traceback:
C:\Users\Rashid\AppData\Local\Programs\Python\Python312\Lib\importlib\__init__.py:90: in import_module
    return _bootstrap._gcd_import(name[level:], package, level)
tests\test_polynomial.py:1: in <module>
    from algorithms.maths.polynomial import (
E   ModuleNotFoundError: No module named 'algorithms'
____________________ ERROR collecting tests/test_queues.py ____________________
ImportError while importing test module 'C:\Users\Rashid\OneDrive\Desktop\STT\Labs\Lab_6\algorithms\tests\test_queues.py'.
Hint: make sure your test modules/packages have valid Python names.
Traceback:
C:\Users\Rashid\AppData\Local\Programs\Python\Python312\Lib\importlib\__init__.py:90: in import_module
    return _bootstrap._gcd_import(name[level:], package, level)
tests\test_queues.py:3: in <module>
    from algorithms.queues import (
E   ModuleNotFoundError: No module named 'algorithms'
____________________ ERROR collecting tests/test_search.py ____________________
ImportError while importing test module 'C:\Users\Rashid\OneDrive\Desktop\STT\Labs\Lab_6\algorithms\tests\test_search.py'.
Hint: make sure your test modules/packages have valid Python names.
Traceback:
C:\Users\Rashid\AppData\Local\Programs\Python\Python312\Lib\importlib\__init__.py:90: in import_module
    return _bootstrap._gcd_import(name[level:], package, level)
tests\test_search.py:1: in <module>
    from algorithms.search import (
E   ModuleNotFoundError: No module named 'algorithms'
_____________________ ERROR collecting tests/test_set.py ______________________
ImportError while importing test module 'C:\Users\Rashid\OneDrive\Desktop\STT\Labs\Lab_6\algorithms\tests\test_set.py'.
Hint: make sure your test modules/packages have valid Python names.
Traceback:
C:\Users\Rashid\AppData\Local\Programs\Python\Python312\Lib\importlib\__init__.py:90: in import_module
    return _bootstrap._gcd_import(name[level:], package, level)
tests\test_set.py:1: in <module>
    from algorithms.set import (
E   ModuleNotFoundError: No module named 'algorithms'
_____________________ ERROR collecting tests/test_sort.py _____________________
ImportError while importing test module 'C:\Users\Rashid\OneDrive\Desktop\STT\Labs\Lab_6\algorithms\tests\test_sort.py'.
Hint: make sure your test modules/packages have valid Python names.
Traceback:
C:\Users\Rashid\AppData\Local\Programs\Python\Python312\Lib\importlib\__init__.py:90: in import_module
    return _bootstrap._gcd_import(name[level:], package, level)
tests\test_sort.py:1: in <module>
    from algorithms.sort import (
E   ModuleNotFoundError: No module named 'algorithms'
____________________ ERROR collecting tests/test_stack.py _____________________
ImportError while importing test module 'C:\Users\Rashid\OneDrive\Desktop\STT\Labs\Lab_6\algorithms\tests\test_stack.py'.
Hint: make sure your test modules/packages have valid Python names.
Traceback:
C:\Users\Rashid\AppData\Local\Programs\Python\Python312\Lib\importlib\__init__.py:90: in import_module
    return _bootstrap._gcd_import(name[level:], package, level)
tests\test_stack.py:1: in <module>
    from algorithms.stack import (
E   ModuleNotFoundError: No module named 'algorithms'
__________________ ERROR collecting tests/test_streaming.py ___________________
ImportError while importing test module 'C:\Users\Rashid\OneDrive\Desktop\STT\Labs\Lab_6\algorithms\tests\test_streaming.py'.
Hint: make sure your test modules/packages have valid Python names.
Traceback:
C:\Users\Rashid\AppData\Local\Programs\Python\Python312\Lib\importlib\__init__.py:90: in import_module
    return _bootstrap._gcd_import(name[level:], package, level)
tests\test_streaming.py:1: in <module>
    from algorithms.streaming.misra_gries import (
E   ModuleNotFoundError: No module named 'algorithms'
___________________ ERROR collecting tests/test_strings.py ____________________
ImportError while importing test module 'C:\Users\Rashid\OneDrive\Desktop\STT\Labs\Lab_6\algorithms\tests\test_strings.py'.
Hint: make sure your test modules/packages have valid Python names.
Traceback:
C:\Users\Rashid\AppData\Local\Programs\Python\Python312\Lib\importlib\__init__.py:90: in import_module
    return _bootstrap._gcd_import(name[level:], package, level)
tests\test_strings.py:1: in <module>
    from algorithms.strings import (
E   ModuleNotFoundError: No module named 'algorithms'
_____________________ ERROR collecting tests/test_tree.py _____________________
ImportError while importing test module 'C:\Users\Rashid\OneDrive\Desktop\STT\Labs\Lab_6\algorithms\tests\test_tree.py'.
Hint: make sure your test modules/packages have valid Python names.
Traceback:
C:\Users\Rashid\AppData\Local\Programs\Python\Python312\Lib\importlib\__init__.py:90: in import_module
    return _bootstrap._gcd_import(name[level:], package, level)
tests\test_tree.py:1: in <module>
    from algorithms.tree.traversal import (
E   ModuleNotFoundError: No module named 'algorithms'
_____________________ ERROR collecting tests/test_unix.py _____________________
ImportError while importing test module 'C:\Users\Rashid\OneDrive\Desktop\STT\Labs\Lab_6\algorithms\tests\test_unix.py'.
Hint: make sure your test modules/packages have valid Python names.
Traceback:
C:\Users\Rashid\AppData\Local\Programs\Python\Python312\Lib\importlib\__init__.py:90: in import_module
    return _bootstrap._gcd_import(name[level:], package, level)
tests\test_unix.py:1: in <module>
    from algorithms.unix import (
E   ModuleNotFoundError: No module named 'algorithms'
=========================== short test summary info ===========================
ERROR tests/test_array.py
ERROR tests/test_automata.py
ERROR tests/test_backtrack.py
ERROR tests/test_bfs.py
ERROR tests/test_bit.py
ERROR tests/test_compression.py
ERROR tests/test_dfs.py
ERROR tests/test_dp.py
ERROR tests/test_graph.py
ERROR tests/test_greedy.py
ERROR tests/test_heap.py
ERROR tests/test_histogram.py
ERROR tests/test_iterative_segment_tree.py
ERROR tests/test_linkedlist.py
ERROR tests/test_map.py
ERROR tests/test_maths.py
ERROR tests/test_matrix.py
ERROR tests/test_ml.py
ERROR tests/test_monomial.py
ERROR tests/test_polynomial.py
ERROR tests/test_queues.py
ERROR tests/test_search.py
ERROR tests/test_set.py
ERROR tests/test_sort.py
ERROR tests/test_stack.py
ERROR tests/test_streaming.py
ERROR tests/test_strings.py
ERROR tests/test_tree.py
ERROR tests/test_unix.py
!!!!!!!!!!!!!!!!!! Interrupted: 29 errors during collection !!!!!!!!!!!!!!!!!!!
============================= 29 errors in 0.46s ==============================
Run 10: 
============================= test session starts =============================
platform win32 -- Python 3.12.3, pytest-8.3.4, pluggy-1.5.0
rootdir: C:\Users\Rashid\OneDrive\Desktop\STT\Labs\Lab_6\algorithms
plugins: run-parallel-0.3.1, xdist-3.6.1
collected 0 items / 29 errors

=================================== ERRORS ====================================
____________________ ERROR collecting tests/test_array.py _____________________
..\stt_labs\Lib\site-packages\_pytest\python.py:493: in importtestmodule
    mod = import_path(
..\stt_labs\Lib\site-packages\_pytest\pathlib.py:587: in import_path
    importlib.import_module(module_name)
C:\Users\Rashid\AppData\Local\Programs\Python\Python312\Lib\importlib\__init__.py:90: in import_module
    return _bootstrap._gcd_import(name[level:], package, level)
<frozen importlib._bootstrap>:1387: in _gcd_import
    ???
<frozen importlib._bootstrap>:1360: in _find_and_load
    ???
<frozen importlib._bootstrap>:1331: in _find_and_load_unlocked
    ???
<frozen importlib._bootstrap>:935: in _load_unlocked
    ???
..\stt_labs\Lib\site-packages\_pytest\assertion\rewrite.py:175: in exec_module
    source_stat, co = _rewrite_test(fn, self.config)
..\stt_labs\Lib\site-packages\_pytest\assertion\rewrite.py:355: in _rewrite_test
    tree = ast.parse(source, filename=strfn)
C:\Users\Rashid\AppData\Local\Programs\Python\Python312\Lib\ast.py:52: in parse
    return compile(source, filename, mode, flags,
E     File "C:\Users\Rashid\OneDrive\Desktop\STT\Labs\Lab_6\algorithms\tests\test_array.py", line 13
E       rotate_v1, rotate_v2, rotate_v3,
E       ^^^^^^^^^
E   SyntaxError: invalid syntax
___________________ ERROR collecting tests/test_automata.py ___________________
ImportError while importing test module 'C:\Users\Rashid\OneDrive\Desktop\STT\Labs\Lab_6\algorithms\tests\test_automata.py'.
Hint: make sure your test modules/packages have valid Python names.
Traceback:
C:\Users\Rashid\AppData\Local\Programs\Python\Python312\Lib\importlib\__init__.py:90: in import_module
    return _bootstrap._gcd_import(name[level:], package, level)
tests\test_automata.py:1: in <module>
    from algorithms.automata import DFA
E   ModuleNotFoundError: No module named 'algorithms'
__________________ ERROR collecting tests/test_backtrack.py ___________________
ImportError while importing test module 'C:\Users\Rashid\OneDrive\Desktop\STT\Labs\Lab_6\algorithms\tests\test_backtrack.py'.
Hint: make sure your test modules/packages have valid Python names.
Traceback:
C:\Users\Rashid\AppData\Local\Programs\Python\Python312\Lib\importlib\__init__.py:90: in import_module
    return _bootstrap._gcd_import(name[level:], package, level)
tests\test_backtrack.py:1: in <module>
    from algorithms.backtrack import (
E   ModuleNotFoundError: No module named 'algorithms'
_____________________ ERROR collecting tests/test_bfs.py ______________________
ImportError while importing test module 'C:\Users\Rashid\OneDrive\Desktop\STT\Labs\Lab_6\algorithms\tests\test_bfs.py'.
Hint: make sure your test modules/packages have valid Python names.
Traceback:
C:\Users\Rashid\AppData\Local\Programs\Python\Python312\Lib\importlib\__init__.py:90: in import_module
    return _bootstrap._gcd_import(name[level:], package, level)
tests\test_bfs.py:1: in <module>
    from algorithms.bfs import (
E   ModuleNotFoundError: No module named 'algorithms'
_____________________ ERROR collecting tests/test_bit.py ______________________
ImportError while importing test module 'C:\Users\Rashid\OneDrive\Desktop\STT\Labs\Lab_6\algorithms\tests\test_bit.py'.
Hint: make sure your test modules/packages have valid Python names.
Traceback:
C:\Users\Rashid\AppData\Local\Programs\Python\Python312\Lib\importlib\__init__.py:90: in import_module
    return _bootstrap._gcd_import(name[level:], package, level)
tests\test_bit.py:1: in <module>
    from algorithms.bit import (
E   ModuleNotFoundError: No module named 'algorithms'
_________________ ERROR collecting tests/test_compression.py __________________
ImportError while importing test module 'C:\Users\Rashid\OneDrive\Desktop\STT\Labs\Lab_6\algorithms\tests\test_compression.py'.
Hint: make sure your test modules/packages have valid Python names.
Traceback:
C:\Users\Rashid\AppData\Local\Programs\Python\Python312\Lib\importlib\__init__.py:90: in import_module
    return _bootstrap._gcd_import(name[level:], package, level)
tests\test_compression.py:1: in <module>
    from algorithms.compression.huffman_coding import HuffmanCoding
E   ModuleNotFoundError: No module named 'algorithms'
_____________________ ERROR collecting tests/test_dfs.py ______________________
ImportError while importing test module 'C:\Users\Rashid\OneDrive\Desktop\STT\Labs\Lab_6\algorithms\tests\test_dfs.py'.
Hint: make sure your test modules/packages have valid Python names.
Traceback:
C:\Users\Rashid\AppData\Local\Programs\Python\Python312\Lib\importlib\__init__.py:90: in import_module
    return _bootstrap._gcd_import(name[level:], package, level)
tests\test_dfs.py:1: in <module>
    from algorithms.dfs import (
E   ModuleNotFoundError: No module named 'algorithms'
______________________ ERROR collecting tests/test_dp.py ______________________
ImportError while importing test module 'C:\Users\Rashid\OneDrive\Desktop\STT\Labs\Lab_6\algorithms\tests\test_dp.py'.
Hint: make sure your test modules/packages have valid Python names.
Traceback:
C:\Users\Rashid\AppData\Local\Programs\Python\Python312\Lib\importlib\__init__.py:90: in import_module
    return _bootstrap._gcd_import(name[level:], package, level)
tests\test_dp.py:1: in <module>
    from algorithms.dp import (
E   ModuleNotFoundError: No module named 'algorithms'
____________________ ERROR collecting tests/test_graph.py _____________________
ImportError while importing test module 'C:\Users\Rashid\OneDrive\Desktop\STT\Labs\Lab_6\algorithms\tests\test_graph.py'.
Hint: make sure your test modules/packages have valid Python names.
Traceback:
C:\Users\Rashid\AppData\Local\Programs\Python\Python312\Lib\importlib\__init__.py:90: in import_module
    return _bootstrap._gcd_import(name[level:], package, level)
tests\test_graph.py:1: in <module>
    from algorithms.graph import Tarjan
E   ModuleNotFoundError: No module named 'algorithms'
____________________ ERROR collecting tests/test_greedy.py ____________________
ImportError while importing test module 'C:\Users\Rashid\OneDrive\Desktop\STT\Labs\Lab_6\algorithms\tests\test_greedy.py'.
Hint: make sure your test modules/packages have valid Python names.
Traceback:
C:\Users\Rashid\AppData\Local\Programs\Python\Python312\Lib\importlib\__init__.py:90: in import_module
    return _bootstrap._gcd_import(name[level:], package, level)
tests\test_greedy.py:1: in <module>
    from algorithms.greedy import (
E   ModuleNotFoundError: No module named 'algorithms'
_____________________ ERROR collecting tests/test_heap.py _____________________
ImportError while importing test module 'C:\Users\Rashid\OneDrive\Desktop\STT\Labs\Lab_6\algorithms\tests\test_heap.py'.
Hint: make sure your test modules/packages have valid Python names.
Traceback:
C:\Users\Rashid\AppData\Local\Programs\Python\Python312\Lib\importlib\__init__.py:90: in import_module
    return _bootstrap._gcd_import(name[level:], package, level)
tests\test_heap.py:1: in <module>
    from algorithms.heap import (
E   ModuleNotFoundError: No module named 'algorithms'
__________________ ERROR collecting tests/test_histogram.py ___________________
ImportError while importing test module 'C:\Users\Rashid\OneDrive\Desktop\STT\Labs\Lab_6\algorithms\tests\test_histogram.py'.
Hint: make sure your test modules/packages have valid Python names.
Traceback:
C:\Users\Rashid\AppData\Local\Programs\Python\Python312\Lib\importlib\__init__.py:90: in import_module
    return _bootstrap._gcd_import(name[level:], package, level)
tests\test_histogram.py:1: in <module>
    from algorithms.distribution.histogram import get_histogram
E   ModuleNotFoundError: No module named 'algorithms'
____________ ERROR collecting tests/test_iterative_segment_tree.py ____________
ImportError while importing test module 'C:\Users\Rashid\OneDrive\Desktop\STT\Labs\Lab_6\algorithms\tests\test_iterative_segment_tree.py'.
Hint: make sure your test modules/packages have valid Python names.
Traceback:
C:\Users\Rashid\AppData\Local\Programs\Python\Python312\Lib\importlib\__init__.py:90: in import_module
    return _bootstrap._gcd_import(name[level:], package, level)
tests\test_iterative_segment_tree.py:1: in <module>
    from algorithms.tree.segment_tree.iterative_segment_tree import SegmentTree
E   ModuleNotFoundError: No module named 'algorithms'
__________________ ERROR collecting tests/test_linkedlist.py __________________
ImportError while importing test module 'C:\Users\Rashid\OneDrive\Desktop\STT\Labs\Lab_6\algorithms\tests\test_linkedlist.py'.
Hint: make sure your test modules/packages have valid Python names.
Traceback:
C:\Users\Rashid\AppData\Local\Programs\Python\Python312\Lib\importlib\__init__.py:90: in import_module
    return _bootstrap._gcd_import(name[level:], package, level)
tests\test_linkedlist.py:3: in <module>
    from algorithms.linkedlist import (
E   ModuleNotFoundError: No module named 'algorithms'
_____________________ ERROR collecting tests/test_map.py ______________________
ImportError while importing test module 'C:\Users\Rashid\OneDrive\Desktop\STT\Labs\Lab_6\algorithms\tests\test_map.py'.
Hint: make sure your test modules/packages have valid Python names.
Traceback:
C:\Users\Rashid\AppData\Local\Programs\Python\Python312\Lib\importlib\__init__.py:90: in import_module
    return _bootstrap._gcd_import(name[level:], package, level)
tests\test_map.py:1: in <module>
    from algorithms.map import (
E   ModuleNotFoundError: No module named 'algorithms'
____________________ ERROR collecting tests/test_maths.py _____________________
ImportError while importing test module 'C:\Users\Rashid\OneDrive\Desktop\STT\Labs\Lab_6\algorithms\tests\test_maths.py'.
Hint: make sure your test modules/packages have valid Python names.
Traceback:
C:\Users\Rashid\AppData\Local\Programs\Python\Python312\Lib\importlib\__init__.py:90: in import_module
    return _bootstrap._gcd_import(name[level:], package, level)
tests\test_maths.py:1: in <module>
    from algorithms.maths import (
E   ModuleNotFoundError: No module named 'algorithms'
____________________ ERROR collecting tests/test_matrix.py ____________________
ImportError while importing test module 'C:\Users\Rashid\OneDrive\Desktop\STT\Labs\Lab_6\algorithms\tests\test_matrix.py'.
Hint: make sure your test modules/packages have valid Python names.
Traceback:
C:\Users\Rashid\AppData\Local\Programs\Python\Python312\Lib\importlib\__init__.py:90: in import_module
    return _bootstrap._gcd_import(name[level:], package, level)
tests\test_matrix.py:1: in <module>
    from algorithms.matrix import (
E   ModuleNotFoundError: No module named 'algorithms'
______________________ ERROR collecting tests/test_ml.py ______________________
ImportError while importing test module 'C:\Users\Rashid\OneDrive\Desktop\STT\Labs\Lab_6\algorithms\tests\test_ml.py'.
Hint: make sure your test modules/packages have valid Python names.
Traceback:
C:\Users\Rashid\AppData\Local\Programs\Python\Python312\Lib\importlib\__init__.py:90: in import_module
    return _bootstrap._gcd_import(name[level:], package, level)
tests\test_ml.py:1: in <module>
    from algorithms.ml.nearest_neighbor import (
E   ModuleNotFoundError: No module named 'algorithms'
___________________ ERROR collecting tests/test_monomial.py ___________________
ImportError while importing test module 'C:\Users\Rashid\OneDrive\Desktop\STT\Labs\Lab_6\algorithms\tests\test_monomial.py'.
Hint: make sure your test modules/packages have valid Python names.
Traceback:
C:\Users\Rashid\AppData\Local\Programs\Python\Python312\Lib\importlib\__init__.py:90: in import_module
    return _bootstrap._gcd_import(name[level:], package, level)
tests\test_monomial.py:1: in <module>
    from algorithms.maths.polynomial import Monomial
E   ModuleNotFoundError: No module named 'algorithms'
__________________ ERROR collecting tests/test_polynomial.py __________________
ImportError while importing test module 'C:\Users\Rashid\OneDrive\Desktop\STT\Labs\Lab_6\algorithms\tests\test_polynomial.py'.
Hint: make sure your test modules/packages have valid Python names.
Traceback:
C:\Users\Rashid\AppData\Local\Programs\Python\Python312\Lib\importlib\__init__.py:90: in import_module
    return _bootstrap._gcd_import(name[level:], package, level)
tests\test_polynomial.py:1: in <module>
    from algorithms.maths.polynomial import (
E   ModuleNotFoundError: No module named 'algorithms'
____________________ ERROR collecting tests/test_queues.py ____________________
ImportError while importing test module 'C:\Users\Rashid\OneDrive\Desktop\STT\Labs\Lab_6\algorithms\tests\test_queues.py'.
Hint: make sure your test modules/packages have valid Python names.
Traceback:
C:\Users\Rashid\AppData\Local\Programs\Python\Python312\Lib\importlib\__init__.py:90: in import_module
    return _bootstrap._gcd_import(name[level:], package, level)
tests\test_queues.py:3: in <module>
    from algorithms.queues import (
E   ModuleNotFoundError: No module named 'algorithms'
____________________ ERROR collecting tests/test_search.py ____________________
ImportError while importing test module 'C:\Users\Rashid\OneDrive\Desktop\STT\Labs\Lab_6\algorithms\tests\test_search.py'.
Hint: make sure your test modules/packages have valid Python names.
Traceback:
C:\Users\Rashid\AppData\Local\Programs\Python\Python312\Lib\importlib\__init__.py:90: in import_module
    return _bootstrap._gcd_import(name[level:], package, level)
tests\test_search.py:1: in <module>
    from algorithms.search import (
E   ModuleNotFoundError: No module named 'algorithms'
_____________________ ERROR collecting tests/test_set.py ______________________
ImportError while importing test module 'C:\Users\Rashid\OneDrive\Desktop\STT\Labs\Lab_6\algorithms\tests\test_set.py'.
Hint: make sure your test modules/packages have valid Python names.
Traceback:
C:\Users\Rashid\AppData\Local\Programs\Python\Python312\Lib\importlib\__init__.py:90: in import_module
    return _bootstrap._gcd_import(name[level:], package, level)
tests\test_set.py:1: in <module>
    from algorithms.set import (
E   ModuleNotFoundError: No module named 'algorithms'
_____________________ ERROR collecting tests/test_sort.py _____________________
ImportError while importing test module 'C:\Users\Rashid\OneDrive\Desktop\STT\Labs\Lab_6\algorithms\tests\test_sort.py'.
Hint: make sure your test modules/packages have valid Python names.
Traceback:
C:\Users\Rashid\AppData\Local\Programs\Python\Python312\Lib\importlib\__init__.py:90: in import_module
    return _bootstrap._gcd_import(name[level:], package, level)
tests\test_sort.py:1: in <module>
    from algorithms.sort import (
E   ModuleNotFoundError: No module named 'algorithms'
____________________ ERROR collecting tests/test_stack.py _____________________
ImportError while importing test module 'C:\Users\Rashid\OneDrive\Desktop\STT\Labs\Lab_6\algorithms\tests\test_stack.py'.
Hint: make sure your test modules/packages have valid Python names.
Traceback:
C:\Users\Rashid\AppData\Local\Programs\Python\Python312\Lib\importlib\__init__.py:90: in import_module
    return _bootstrap._gcd_import(name[level:], package, level)
tests\test_stack.py:1: in <module>
    from algorithms.stack import (
E   ModuleNotFoundError: No module named 'algorithms'
__________________ ERROR collecting tests/test_streaming.py ___________________
ImportError while importing test module 'C:\Users\Rashid\OneDrive\Desktop\STT\Labs\Lab_6\algorithms\tests\test_streaming.py'.
Hint: make sure your test modules/packages have valid Python names.
Traceback:
C:\Users\Rashid\AppData\Local\Programs\Python\Python312\Lib\importlib\__init__.py:90: in import_module
    return _bootstrap._gcd_import(name[level:], package, level)
tests\test_streaming.py:1: in <module>
    from algorithms.streaming.misra_gries import (
E   ModuleNotFoundError: No module named 'algorithms'
___________________ ERROR collecting tests/test_strings.py ____________________
ImportError while importing test module 'C:\Users\Rashid\OneDrive\Desktop\STT\Labs\Lab_6\algorithms\tests\test_strings.py'.
Hint: make sure your test modules/packages have valid Python names.
Traceback:
C:\Users\Rashid\AppData\Local\Programs\Python\Python312\Lib\importlib\__init__.py:90: in import_module
    return _bootstrap._gcd_import(name[level:], package, level)
tests\test_strings.py:1: in <module>
    from algorithms.strings import (
E   ModuleNotFoundError: No module named 'algorithms'
_____________________ ERROR collecting tests/test_tree.py _____________________
ImportError while importing test module 'C:\Users\Rashid\OneDrive\Desktop\STT\Labs\Lab_6\algorithms\tests\test_tree.py'.
Hint: make sure your test modules/packages have valid Python names.
Traceback:
C:\Users\Rashid\AppData\Local\Programs\Python\Python312\Lib\importlib\__init__.py:90: in import_module
    return _bootstrap._gcd_import(name[level:], package, level)
tests\test_tree.py:1: in <module>
    from algorithms.tree.traversal import (
E   ModuleNotFoundError: No module named 'algorithms'
_____________________ ERROR collecting tests/test_unix.py _____________________
ImportError while importing test module 'C:\Users\Rashid\OneDrive\Desktop\STT\Labs\Lab_6\algorithms\tests\test_unix.py'.
Hint: make sure your test modules/packages have valid Python names.
Traceback:
C:\Users\Rashid\AppData\Local\Programs\Python\Python312\Lib\importlib\__init__.py:90: in import_module
    return _bootstrap._gcd_import(name[level:], package, level)
tests\test_unix.py:1: in <module>
    from algorithms.unix import (
E   ModuleNotFoundError: No module named 'algorithms'
=========================== short test summary info ===========================
ERROR tests/test_array.py
ERROR tests/test_automata.py
ERROR tests/test_backtrack.py
ERROR tests/test_bfs.py
ERROR tests/test_bit.py
ERROR tests/test_compression.py
ERROR tests/test_dfs.py
ERROR tests/test_dp.py
ERROR tests/test_graph.py
ERROR tests/test_greedy.py
ERROR tests/test_heap.py
ERROR tests/test_histogram.py
ERROR tests/test_iterative_segment_tree.py
ERROR tests/test_linkedlist.py
ERROR tests/test_map.py
ERROR tests/test_maths.py
ERROR tests/test_matrix.py
ERROR tests/test_ml.py
ERROR tests/test_monomial.py
ERROR tests/test_polynomial.py
ERROR tests/test_queues.py
ERROR tests/test_search.py
ERROR tests/test_set.py
ERROR tests/test_sort.py
ERROR tests/test_stack.py
ERROR tests/test_streaming.py
ERROR tests/test_strings.py
ERROR tests/test_tree.py
ERROR tests/test_unix.py
!!!!!!!!!!!!!!!!!! Interrupted: 29 errors during collection !!!!!!!!!!!!!!!!!!!
============================= 29 errors in 0.43s ==============================
============================= test session starts =============================
platform win32 -- Python 3.12.3, pytest-8.3.4, pluggy-1.5.0
rootdir: C:\Users\Rashid\OneDrive\Desktop\STT\Labs\Lab_6\algorithms
plugins: run-parallel-0.3.1, xdist-3.6.1
collected 416 items

tests\test_array.py ..................F...F......                        [  6%]
tests\test_automata.py .                                                 [  7%]
tests\test_backtrack.py .........................                        [ 13%]
tests\test_bfs.py ...                                                    [ 13%]
tests\test_bit.py .............................                          [ 20%]
tests\test_compression.py .....                                          [ 22%]
tests\test_dfs.py ........                                               [ 24%]
tests\test_dp.py ...............................                         [ 31%]
tests\test_graph.py ....................                                 [ 36%]
tests\test_greedy.py .                                                   [ 36%]
tests\test_heap.py .....                                                 [ 37%]
tests\test_histogram.py .                                                [ 37%]
tests\test_iterative_segment_tree.py .........                           [ 40%]
tests\test_linkedlist.py ............                                    [ 43%]
tests\test_map.py .........................                              [ 49%]
tests\test_maths.py ..................................................   [ 61%]
tests\test_matrix.py .............                                       [ 64%]
tests\test_ml.py ..                                                      [ 64%]
tests\test_monomial.py ........                                          [ 66%]
tests\test_polynomial.py .......                                         [ 68%]
tests\test_queues.py .....                                               [ 69%]
tests\test_search.py .............                                       [ 72%]
tests\test_set.py .                                                      [ 72%]
tests\test_sort.py ....................                                  [ 77%]
tests\test_stack.py ..........                                           [ 80%]
tests\test_streaming.py ....                                             [ 81%]
tests\test_strings.py .................................................. [ 93%]
..............                                                           [ 96%]
tests\test_tree.py ...........                                           [ 99%]
tests\test_unix.py F.F.                                                  [100%]

================================== FAILURES ===================================
_________________ TestRemoveDuplicate.test_remove_duplicates __________________

self = <test_array.TestRemoveDuplicate testMethod=test_remove_duplicates>

    def test_remove_duplicates(self):
>       self.assertListEqual(remove_duplicates([1,1,1,2,2,2,3,3,4,4,5,6,7,7,7,8,8,9,10,10]))
E       TypeError: TestCase.assertListEqual() missing 1 required positional argument: 'list2'

tests\test_array.py:305: TypeError
___________________ TestSummaryRanges.test_summarize_ranges ___________________

self = <test_array.TestSummaryRanges testMethod=test_summarize_ranges>

    def test_summarize_ranges(self):
    
>       self.assertListEqual(summarize_ranges([0, 1, 2, 4, 5, 7]),
                             [(0, 2), (4, 5), (7, 7)])
E       AssertionError: Lists differ: ['0-2', '4-5', '7'] != [(0, 2), (4, 5), (7, 7)]
E       
E       First differing element 0:
E       '0-2'
E       (0, 2)
E       
E       - ['0-2', '4-5', '7']
E       + [(0, 2), (4, 5), (7, 7)]

tests\test_array.py:349: AssertionError
_________________________ TestUnixPath.test_full_path _________________________

self = <test_unix.TestUnixPath testMethod=test_full_path>

    def test_full_path(self):
        file_name = "file_name"
        # Test full path relative
        expect_path = "{}/{}".format(os.getcwd(), file_name)
>       self.assertEqual(expect_path, full_path(file_name))
E       AssertionError: 'C:\\Users\\Rashid\\OneDrive\\Desktop\\STT\\Labs\\Lab_6\\algorithms/file_name' != 'C:\\Users\\Rashid\\OneDrive\\Desktop\\STT\\Labs\\Lab_6\\algorithms\\file_name'
E       - C:\Users\Rashid\OneDrive\Desktop\STT\Labs\Lab_6\algorithms/file_name
E       ?                                                           ^
E       + C:\Users\Rashid\OneDrive\Desktop\STT\Labs\Lab_6\algorithms\file_name
E       ?                                                           ^

tests\test_unix.py:26: AssertionError
_______________________ TestUnixPath.test_simplify_path _______________________

self = <test_unix.TestUnixPath testMethod=test_simplify_path>

    def test_simplify_path(self):
>       self.assertEqual("/", simplify_path_v1("/../"))
E       AssertionError: '/' != 'C:\\'
E       - /
E       + C:\

tests\test_unix.py:45: AssertionError
=========================== short test summary info ===========================
FAILED tests/test_array.py::TestRemoveDuplicate::test_remove_duplicates - Typ...
FAILED tests/test_array.py::TestSummaryRanges::test_summarize_ranges - Assert...
FAILED tests/test_unix.py::TestUnixPath::test_full_path - AssertionError: 'C:...
FAILED tests/test_unix.py::TestUnixPath::test_simplify_path - AssertionError:...
======================== 4 failed, 412 passed in 4.58s ========================
Run 1: 
============================= test session starts =============================
platform win32 -- Python 3.12.3, pytest-8.3.4, pluggy-1.5.0
rootdir: C:\Users\Rashid\OneDrive\Desktop\STT\Labs\Lab_6\algorithms
plugins: run-parallel-0.3.1, xdist-3.6.1
collected 416 items

tests\test_array.py ..................F...F......                        [  6%]
tests\test_automata.py .                                                 [  7%]
tests\test_backtrack.py .........................                        [ 13%]
tests\test_bfs.py ...                                                    [ 13%]
tests\test_bit.py .............................                          [ 20%]
tests\test_compression.py .....                                          [ 22%]
tests\test_dfs.py ........                                               [ 24%]
tests\test_dp.py ...............................                         [ 31%]
tests\test_graph.py ....................                                 [ 36%]
tests\test_greedy.py .                                                   [ 36%]
tests\test_heap.py .....                                                 [ 37%]
tests\test_histogram.py .                                                [ 37%]
tests\test_iterative_segment_tree.py .........                           [ 40%]
tests\test_linkedlist.py ............                                    [ 43%]
tests\test_map.py .........................                              [ 49%]
tests\test_maths.py ..................................................   [ 61%]
tests\test_matrix.py .............                                       [ 64%]
tests\test_ml.py ..                                                      [ 64%]
tests\test_monomial.py ........                                          [ 66%]
tests\test_polynomial.py .......                                         [ 68%]
tests\test_queues.py .....                                               [ 69%]
tests\test_search.py .............                                       [ 72%]
tests\test_set.py .                                                      [ 72%]
tests\test_sort.py ....................                                  [ 77%]
tests\test_stack.py ..........                                           [ 80%]
tests\test_streaming.py ....                                             [ 81%]
tests\test_strings.py .................................................. [ 93%]
..............                                                           [ 96%]
tests\test_tree.py ...........                                           [ 99%]
tests\test_unix.py F.F.                                                  [100%]

================================== FAILURES ===================================
_________________ TestRemoveDuplicate.test_remove_duplicates __________________

self = <test_array.TestRemoveDuplicate testMethod=test_remove_duplicates>

    def test_remove_duplicates(self):
>       self.assertListEqual(remove_duplicates([1,1,1,2,2,2,3,3,4,4,5,6,7,7,7,8,8,9,10,10]))
E       TypeError: TestCase.assertListEqual() missing 1 required positional argument: 'list2'

tests\test_array.py:305: TypeError
___________________ TestSummaryRanges.test_summarize_ranges ___________________

self = <test_array.TestSummaryRanges testMethod=test_summarize_ranges>

    def test_summarize_ranges(self):
    
>       self.assertListEqual(summarize_ranges([0, 1, 2, 4, 5, 7]),
                             [(0, 2), (4, 5), (7, 7)])
E       AssertionError: Lists differ: ['0-2', '4-5', '7'] != [(0, 2), (4, 5), (7, 7)]
E       
E       First differing element 0:
E       '0-2'
E       (0, 2)
E       
E       - ['0-2', '4-5', '7']
E       + [(0, 2), (4, 5), (7, 7)]

tests\test_array.py:349: AssertionError
_________________________ TestUnixPath.test_full_path _________________________

self = <test_unix.TestUnixPath testMethod=test_full_path>

    def test_full_path(self):
        file_name = "file_name"
        # Test full path relative
        expect_path = "{}/{}".format(os.getcwd(), file_name)
>       self.assertEqual(expect_path, full_path(file_name))
E       AssertionError: 'C:\\Users\\Rashid\\OneDrive\\Desktop\\STT\\Labs\\Lab_6\\algorithms/file_name' != 'C:\\Users\\Rashid\\OneDrive\\Desktop\\STT\\Labs\\Lab_6\\algorithms\\file_name'
E       - C:\Users\Rashid\OneDrive\Desktop\STT\Labs\Lab_6\algorithms/file_name
E       ?                                                           ^
E       + C:\Users\Rashid\OneDrive\Desktop\STT\Labs\Lab_6\algorithms\file_name
E       ?                                                           ^

tests\test_unix.py:26: AssertionError
_______________________ TestUnixPath.test_simplify_path _______________________

self = <test_unix.TestUnixPath testMethod=test_simplify_path>

    def test_simplify_path(self):
>       self.assertEqual("/", simplify_path_v1("/../"))
E       AssertionError: '/' != 'C:\\'
E       - /
E       + C:\

tests\test_unix.py:45: AssertionError
=========================== short test summary info ===========================
FAILED tests/test_array.py::TestRemoveDuplicate::test_remove_duplicates - Typ...
FAILED tests/test_array.py::TestSummaryRanges::test_summarize_ranges - Assert...
FAILED tests/test_unix.py::TestUnixPath::test_full_path - AssertionError: 'C:...
FAILED tests/test_unix.py::TestUnixPath::test_simplify_path - AssertionError:...
======================== 4 failed, 412 passed in 4.71s ========================
Run 2: 
============================= test session starts =============================
platform win32 -- Python 3.12.3, pytest-8.3.4, pluggy-1.5.0
rootdir: C:\Users\Rashid\OneDrive\Desktop\STT\Labs\Lab_6\algorithms
plugins: run-parallel-0.3.1, xdist-3.6.1
collected 416 items

tests\test_array.py ..................F...F......                        [  6%]
tests\test_automata.py .                                                 [  7%]
tests\test_backtrack.py .........................                        [ 13%]
tests\test_bfs.py ...                                                    [ 13%]
tests\test_bit.py .............................                          [ 20%]
tests\test_compression.py .....                                          [ 22%]
tests\test_dfs.py ........                                               [ 24%]
tests\test_dp.py ...............................                         [ 31%]
tests\test_graph.py ....................                                 [ 36%]
tests\test_greedy.py .                                                   [ 36%]
tests\test_heap.py .....                                                 [ 37%]
tests\test_histogram.py .                                                [ 37%]
tests\test_iterative_segment_tree.py .........                           [ 40%]
tests\test_linkedlist.py ............                                    [ 43%]
tests\test_map.py .........................                              [ 49%]
tests\test_maths.py ..................................................   [ 61%]
tests\test_matrix.py .............                                       [ 64%]
tests\test_ml.py ..                                                      [ 64%]
tests\test_monomial.py ........                                          [ 66%]
tests\test_polynomial.py .......                                         [ 68%]
tests\test_queues.py .....                                               [ 69%]
tests\test_search.py .............                                       [ 72%]
tests\test_set.py .                                                      [ 72%]
tests\test_sort.py ....................                                  [ 77%]
tests\test_stack.py ..........                                           [ 80%]
tests\test_streaming.py ....                                             [ 81%]
tests\test_strings.py .................................................. [ 93%]
..............                                                           [ 96%]
tests\test_tree.py ...........                                           [ 99%]
tests\test_unix.py F.F.                                                  [100%]

================================== FAILURES ===================================
_________________ TestRemoveDuplicate.test_remove_duplicates __________________

self = <test_array.TestRemoveDuplicate testMethod=test_remove_duplicates>

    def test_remove_duplicates(self):
>       self.assertListEqual(remove_duplicates([1,1,1,2,2,2,3,3,4,4,5,6,7,7,7,8,8,9,10,10]))
E       TypeError: TestCase.assertListEqual() missing 1 required positional argument: 'list2'

tests\test_array.py:305: TypeError
___________________ TestSummaryRanges.test_summarize_ranges ___________________

self = <test_array.TestSummaryRanges testMethod=test_summarize_ranges>

    def test_summarize_ranges(self):
    
>       self.assertListEqual(summarize_ranges([0, 1, 2, 4, 5, 7]),
                             [(0, 2), (4, 5), (7, 7)])
E       AssertionError: Lists differ: ['0-2', '4-5', '7'] != [(0, 2), (4, 5), (7, 7)]
E       
E       First differing element 0:
E       '0-2'
E       (0, 2)
E       
E       - ['0-2', '4-5', '7']
E       + [(0, 2), (4, 5), (7, 7)]

tests\test_array.py:349: AssertionError
_________________________ TestUnixPath.test_full_path _________________________

self = <test_unix.TestUnixPath testMethod=test_full_path>

    def test_full_path(self):
        file_name = "file_name"
        # Test full path relative
        expect_path = "{}/{}".format(os.getcwd(), file_name)
>       self.assertEqual(expect_path, full_path(file_name))
E       AssertionError: 'C:\\Users\\Rashid\\OneDrive\\Desktop\\STT\\Labs\\Lab_6\\algorithms/file_name' != 'C:\\Users\\Rashid\\OneDrive\\Desktop\\STT\\Labs\\Lab_6\\algorithms\\file_name'
E       - C:\Users\Rashid\OneDrive\Desktop\STT\Labs\Lab_6\algorithms/file_name
E       ?                                                           ^
E       + C:\Users\Rashid\OneDrive\Desktop\STT\Labs\Lab_6\algorithms\file_name
E       ?                                                           ^

tests\test_unix.py:26: AssertionError
_______________________ TestUnixPath.test_simplify_path _______________________

self = <test_unix.TestUnixPath testMethod=test_simplify_path>

    def test_simplify_path(self):
>       self.assertEqual("/", simplify_path_v1("/../"))
E       AssertionError: '/' != 'C:\\'
E       - /
E       + C:\

tests\test_unix.py:45: AssertionError
=========================== short test summary info ===========================
FAILED tests/test_array.py::TestRemoveDuplicate::test_remove_duplicates - Typ...
FAILED tests/test_array.py::TestSummaryRanges::test_summarize_ranges - Assert...
FAILED tests/test_unix.py::TestUnixPath::test_full_path - AssertionError: 'C:...
FAILED tests/test_unix.py::TestUnixPath::test_simplify_path - AssertionError:...
======================== 4 failed, 412 passed in 5.07s ========================
Run 3: 
============================= test session starts =============================
platform win32 -- Python 3.12.3, pytest-8.3.4, pluggy-1.5.0
rootdir: C:\Users\Rashid\OneDrive\Desktop\STT\Labs\Lab_6\algorithms
plugins: run-parallel-0.3.1, xdist-3.6.1
collected 416 items

tests\test_array.py ..................F...F......                        [  6%]
tests\test_automata.py .                                                 [  7%]
tests\test_backtrack.py .........................                        [ 13%]
tests\test_bfs.py ...                                                    [ 13%]
tests\test_bit.py .............................                          [ 20%]
tests\test_compression.py .....                                          [ 22%]
tests\test_dfs.py ........                                               [ 24%]
tests\test_dp.py ...............................                         [ 31%]
tests\test_graph.py ....................                                 [ 36%]
tests\test_greedy.py .                                                   [ 36%]
tests\test_heap.py .....                                                 [ 37%]
tests\test_histogram.py .                                                [ 37%]
tests\test_iterative_segment_tree.py .........                           [ 40%]
tests\test_linkedlist.py ............                                    [ 43%]
tests\test_map.py .........................                              [ 49%]
tests\test_maths.py ..................................................   [ 61%]
tests\test_matrix.py .............                                       [ 64%]
tests\test_ml.py ..                                                      [ 64%]
tests\test_monomial.py ........                                          [ 66%]
tests\test_polynomial.py .......                                         [ 68%]
tests\test_queues.py .....                                               [ 69%]
tests\test_search.py .............                                       [ 72%]
tests\test_set.py .                                                      [ 72%]
tests\test_sort.py ....................                                  [ 77%]
tests\test_stack.py ..........                                           [ 80%]
tests\test_streaming.py ....                                             [ 81%]
tests\test_strings.py .................................................. [ 93%]
..............                                                           [ 96%]
tests\test_tree.py ...........                                           [ 99%]
tests\test_unix.py F.F.                                                  [100%]

================================== FAILURES ===================================
_________________ TestRemoveDuplicate.test_remove_duplicates __________________

self = <test_array.TestRemoveDuplicate testMethod=test_remove_duplicates>

    def test_remove_duplicates(self):
>       self.assertListEqual(remove_duplicates([1,1,1,2,2,2,3,3,4,4,5,6,7,7,7,8,8,9,10,10]))
E       TypeError: TestCase.assertListEqual() missing 1 required positional argument: 'list2'

tests\test_array.py:305: TypeError
___________________ TestSummaryRanges.test_summarize_ranges ___________________

self = <test_array.TestSummaryRanges testMethod=test_summarize_ranges>

    def test_summarize_ranges(self):
    
>       self.assertListEqual(summarize_ranges([0, 1, 2, 4, 5, 7]),
                             [(0, 2), (4, 5), (7, 7)])
E       AssertionError: Lists differ: ['0-2', '4-5', '7'] != [(0, 2), (4, 5), (7, 7)]
E       
E       First differing element 0:
E       '0-2'
E       (0, 2)
E       
E       - ['0-2', '4-5', '7']
E       + [(0, 2), (4, 5), (7, 7)]

tests\test_array.py:349: AssertionError
_________________________ TestUnixPath.test_full_path _________________________

self = <test_unix.TestUnixPath testMethod=test_full_path>

    def test_full_path(self):
        file_name = "file_name"
        # Test full path relative
        expect_path = "{}/{}".format(os.getcwd(), file_name)
>       self.assertEqual(expect_path, full_path(file_name))
E       AssertionError: 'C:\\Users\\Rashid\\OneDrive\\Desktop\\STT\\Labs\\Lab_6\\algorithms/file_name' != 'C:\\Users\\Rashid\\OneDrive\\Desktop\\STT\\Labs\\Lab_6\\algorithms\\file_name'
E       - C:\Users\Rashid\OneDrive\Desktop\STT\Labs\Lab_6\algorithms/file_name
E       ?                                                           ^
E       + C:\Users\Rashid\OneDrive\Desktop\STT\Labs\Lab_6\algorithms\file_name
E       ?                                                           ^

tests\test_unix.py:26: AssertionError
_______________________ TestUnixPath.test_simplify_path _______________________

self = <test_unix.TestUnixPath testMethod=test_simplify_path>

    def test_simplify_path(self):
>       self.assertEqual("/", simplify_path_v1("/../"))
E       AssertionError: '/' != 'C:\\'
E       - /
E       + C:\

tests\test_unix.py:45: AssertionError
=========================== short test summary info ===========================
FAILED tests/test_array.py::TestRemoveDuplicate::test_remove_duplicates - Typ...
FAILED tests/test_array.py::TestSummaryRanges::test_summarize_ranges - Assert...
FAILED tests/test_unix.py::TestUnixPath::test_full_path - AssertionError: 'C:...
FAILED tests/test_unix.py::TestUnixPath::test_simplify_path - AssertionError:...
======================== 4 failed, 412 passed in 5.65s ========================
Run 4: 
============================= test session starts =============================
platform win32 -- Python 3.12.3, pytest-8.3.4, pluggy-1.5.0
rootdir: C:\Users\Rashid\OneDrive\Desktop\STT\Labs\Lab_6\algorithms
plugins: run-parallel-0.3.1, xdist-3.6.1
collected 416 items

tests\test_array.py ..................F...F......                        [  6%]
tests\test_automata.py .                                                 [  7%]
tests\test_backtrack.py .........................                        [ 13%]
tests\test_bfs.py ...                                                    [ 13%]
tests\test_bit.py .............................                          [ 20%]
tests\test_compression.py .....                                          [ 22%]
tests\test_dfs.py ........                                               [ 24%]
tests\test_dp.py ...............................                         [ 31%]
tests\test_graph.py ....................                                 [ 36%]
tests\test_greedy.py .                                                   [ 36%]
tests\test_heap.py .....                                                 [ 37%]
tests\test_histogram.py .                                                [ 37%]
tests\test_iterative_segment_tree.py .........                           [ 40%]
tests\test_linkedlist.py ............                                    [ 43%]
tests\test_map.py .........................                              [ 49%]
tests\test_maths.py ..................................................   [ 61%]
tests\test_matrix.py .............                                       [ 64%]
tests\test_ml.py ..                                                      [ 64%]
tests\test_monomial.py ........                                          [ 66%]
tests\test_polynomial.py .......                                         [ 68%]
tests\test_queues.py .....                                               [ 69%]
tests\test_search.py .............                                       [ 72%]
tests\test_set.py .                                                      [ 72%]
tests\test_sort.py ....................                                  [ 77%]
tests\test_stack.py ..........                                           [ 80%]
tests\test_streaming.py ....                                             [ 81%]
tests\test_strings.py .................................................. [ 93%]
..............                                                           [ 96%]
tests\test_tree.py ...........                                           [ 99%]
tests\test_unix.py F.F.                                                  [100%]

================================== FAILURES ===================================
_________________ TestRemoveDuplicate.test_remove_duplicates __________________

self = <test_array.TestRemoveDuplicate testMethod=test_remove_duplicates>

    def test_remove_duplicates(self):
>       self.assertListEqual(remove_duplicates([1,1,1,2,2,2,3,3,4,4,5,6,7,7,7,8,8,9,10,10]))
E       TypeError: TestCase.assertListEqual() missing 1 required positional argument: 'list2'

tests\test_array.py:305: TypeError
___________________ TestSummaryRanges.test_summarize_ranges ___________________

self = <test_array.TestSummaryRanges testMethod=test_summarize_ranges>

    def test_summarize_ranges(self):
    
>       self.assertListEqual(summarize_ranges([0, 1, 2, 4, 5, 7]),
                             [(0, 2), (4, 5), (7, 7)])
E       AssertionError: Lists differ: ['0-2', '4-5', '7'] != [(0, 2), (4, 5), (7, 7)]
E       
E       First differing element 0:
E       '0-2'
E       (0, 2)
E       
E       - ['0-2', '4-5', '7']
E       + [(0, 2), (4, 5), (7, 7)]

tests\test_array.py:349: AssertionError
_________________________ TestUnixPath.test_full_path _________________________

self = <test_unix.TestUnixPath testMethod=test_full_path>

    def test_full_path(self):
        file_name = "file_name"
        # Test full path relative
        expect_path = "{}/{}".format(os.getcwd(), file_name)
>       self.assertEqual(expect_path, full_path(file_name))
E       AssertionError: 'C:\\Users\\Rashid\\OneDrive\\Desktop\\STT\\Labs\\Lab_6\\algorithms/file_name' != 'C:\\Users\\Rashid\\OneDrive\\Desktop\\STT\\Labs\\Lab_6\\algorithms\\file_name'
E       - C:\Users\Rashid\OneDrive\Desktop\STT\Labs\Lab_6\algorithms/file_name
E       ?                                                           ^
E       + C:\Users\Rashid\OneDrive\Desktop\STT\Labs\Lab_6\algorithms\file_name
E       ?                                                           ^

tests\test_unix.py:26: AssertionError
_______________________ TestUnixPath.test_simplify_path _______________________

self = <test_unix.TestUnixPath testMethod=test_simplify_path>

    def test_simplify_path(self):
>       self.assertEqual("/", simplify_path_v1("/../"))
E       AssertionError: '/' != 'C:\\'
E       - /
E       + C:\

tests\test_unix.py:45: AssertionError
=========================== short test summary info ===========================
FAILED tests/test_array.py::TestRemoveDuplicate::test_remove_duplicates - Typ...
FAILED tests/test_array.py::TestSummaryRanges::test_summarize_ranges - Assert...
FAILED tests/test_unix.py::TestUnixPath::test_full_path - AssertionError: 'C:...
FAILED tests/test_unix.py::TestUnixPath::test_simplify_path - AssertionError:...
======================== 4 failed, 412 passed in 4.98s ========================
Run 5: 
============================= test session starts =============================
platform win32 -- Python 3.12.3, pytest-8.3.4, pluggy-1.5.0
rootdir: C:\Users\Rashid\OneDrive\Desktop\STT\Labs\Lab_6\algorithms
plugins: run-parallel-0.3.1, xdist-3.6.1
collected 416 items

tests\test_array.py ..................F...F......                        [  6%]
tests\test_automata.py .                                                 [  7%]
tests\test_backtrack.py .........................                        [ 13%]
tests\test_bfs.py ...                                                    [ 13%]
tests\test_bit.py .............................                          [ 20%]
tests\test_compression.py .....                                          [ 22%]
tests\test_dfs.py ........                                               [ 24%]
tests\test_dp.py ...............................                         [ 31%]
tests\test_graph.py ....................                                 [ 36%]
tests\test_greedy.py .                                                   [ 36%]
tests\test_heap.py .....                                                 [ 37%]
tests\test_histogram.py .                                                [ 37%]
tests\test_iterative_segment_tree.py .........                           [ 40%]
tests\test_linkedlist.py ............                                    [ 43%]
tests\test_map.py .........................                              [ 49%]
tests\test_maths.py ..................................................   [ 61%]
tests\test_matrix.py .............                                       [ 64%]
tests\test_ml.py ..                                                      [ 64%]
tests\test_monomial.py ........                                          [ 66%]
tests\test_polynomial.py .......                                         [ 68%]
tests\test_queues.py .....                                               [ 69%]
tests\test_search.py .............                                       [ 72%]
tests\test_set.py .                                                      [ 72%]
tests\test_sort.py ....................                                  [ 77%]
tests\test_stack.py ..........                                           [ 80%]
tests\test_streaming.py ....                                             [ 81%]
tests\test_strings.py .................................................. [ 93%]
..............                                                           [ 96%]
tests\test_tree.py ...........                                           [ 99%]
tests\test_unix.py F.F.                                                  [100%]

================================== FAILURES ===================================
_________________ TestRemoveDuplicate.test_remove_duplicates __________________

self = <test_array.TestRemoveDuplicate testMethod=test_remove_duplicates>

    def test_remove_duplicates(self):
>       self.assertListEqual(remove_duplicates([1,1,1,2,2,2,3,3,4,4,5,6,7,7,7,8,8,9,10,10]))
E       TypeError: TestCase.assertListEqual() missing 1 required positional argument: 'list2'

tests\test_array.py:305: TypeError
___________________ TestSummaryRanges.test_summarize_ranges ___________________

self = <test_array.TestSummaryRanges testMethod=test_summarize_ranges>

    def test_summarize_ranges(self):
    
>       self.assertListEqual(summarize_ranges([0, 1, 2, 4, 5, 7]),
                             [(0, 2), (4, 5), (7, 7)])
E       AssertionError: Lists differ: ['0-2', '4-5', '7'] != [(0, 2), (4, 5), (7, 7)]
E       
E       First differing element 0:
E       '0-2'
E       (0, 2)
E       
E       - ['0-2', '4-5', '7']
E       + [(0, 2), (4, 5), (7, 7)]

tests\test_array.py:349: AssertionError
_________________________ TestUnixPath.test_full_path _________________________

self = <test_unix.TestUnixPath testMethod=test_full_path>

    def test_full_path(self):
        file_name = "file_name"
        # Test full path relative
        expect_path = "{}/{}".format(os.getcwd(), file_name)
>       self.assertEqual(expect_path, full_path(file_name))
E       AssertionError: 'C:\\Users\\Rashid\\OneDrive\\Desktop\\STT\\Labs\\Lab_6\\algorithms/file_name' != 'C:\\Users\\Rashid\\OneDrive\\Desktop\\STT\\Labs\\Lab_6\\algorithms\\file_name'
E       - C:\Users\Rashid\OneDrive\Desktop\STT\Labs\Lab_6\algorithms/file_name
E       ?                                                           ^
E       + C:\Users\Rashid\OneDrive\Desktop\STT\Labs\Lab_6\algorithms\file_name
E       ?                                                           ^

tests\test_unix.py:26: AssertionError
_______________________ TestUnixPath.test_simplify_path _______________________

self = <test_unix.TestUnixPath testMethod=test_simplify_path>

    def test_simplify_path(self):
>       self.assertEqual("/", simplify_path_v1("/../"))
E       AssertionError: '/' != 'C:\\'
E       - /
E       + C:\

tests\test_unix.py:45: AssertionError
=========================== short test summary info ===========================
FAILED tests/test_array.py::TestRemoveDuplicate::test_remove_duplicates - Typ...
FAILED tests/test_array.py::TestSummaryRanges::test_summarize_ranges - Assert...
FAILED tests/test_unix.py::TestUnixPath::test_full_path - AssertionError: 'C:...
FAILED tests/test_unix.py::TestUnixPath::test_simplify_path - AssertionError:...
======================== 4 failed, 412 passed in 4.95s ========================
Run 6: 
============================= test session starts =============================
platform win32 -- Python 3.12.3, pytest-8.3.4, pluggy-1.5.0
rootdir: C:\Users\Rashid\OneDrive\Desktop\STT\Labs\Lab_6\algorithms
plugins: run-parallel-0.3.1, xdist-3.6.1
collected 416 items

tests\test_array.py ..................F...F......                        [  6%]
tests\test_automata.py .                                                 [  7%]
tests\test_backtrack.py .........................                        [ 13%]
tests\test_bfs.py ...                                                    [ 13%]
tests\test_bit.py .............................                          [ 20%]
tests\test_compression.py .....                                          [ 22%]
tests\test_dfs.py ........                                               [ 24%]
tests\test_dp.py ...............................                         [ 31%]
tests\test_graph.py ....................                                 [ 36%]
tests\test_greedy.py .                                                   [ 36%]
tests\test_heap.py .....                                                 [ 37%]
tests\test_histogram.py .                                                [ 37%]
tests\test_iterative_segment_tree.py .........                           [ 40%]
tests\test_linkedlist.py ............                                    [ 43%]
tests\test_map.py .........................                              [ 49%]
tests\test_maths.py ..................................................   [ 61%]
tests\test_matrix.py .............                                       [ 64%]
tests\test_ml.py ..                                                      [ 64%]
tests\test_monomial.py ........                                          [ 66%]
tests\test_polynomial.py .......                                         [ 68%]
tests\test_queues.py .....                                               [ 69%]
tests\test_search.py .............                                       [ 72%]
tests\test_set.py .                                                      [ 72%]
tests\test_sort.py ....................                                  [ 77%]
tests\test_stack.py ..........                                           [ 80%]
tests\test_streaming.py ....                                             [ 81%]
tests\test_strings.py .................................................. [ 93%]
..............                                                           [ 96%]
tests\test_tree.py ...........                                           [ 99%]
tests\test_unix.py F.F.                                                  [100%]

================================== FAILURES ===================================
_________________ TestRemoveDuplicate.test_remove_duplicates __________________

self = <test_array.TestRemoveDuplicate testMethod=test_remove_duplicates>

    def test_remove_duplicates(self):
>       self.assertListEqual(remove_duplicates([1,1,1,2,2,2,3,3,4,4,5,6,7,7,7,8,8,9,10,10]))
E       TypeError: TestCase.assertListEqual() missing 1 required positional argument: 'list2'

tests\test_array.py:305: TypeError
___________________ TestSummaryRanges.test_summarize_ranges ___________________

self = <test_array.TestSummaryRanges testMethod=test_summarize_ranges>

    def test_summarize_ranges(self):
    
>       self.assertListEqual(summarize_ranges([0, 1, 2, 4, 5, 7]),
                             [(0, 2), (4, 5), (7, 7)])
E       AssertionError: Lists differ: ['0-2', '4-5', '7'] != [(0, 2), (4, 5), (7, 7)]
E       
E       First differing element 0:
E       '0-2'
E       (0, 2)
E       
E       - ['0-2', '4-5', '7']
E       + [(0, 2), (4, 5), (7, 7)]

tests\test_array.py:349: AssertionError
_________________________ TestUnixPath.test_full_path _________________________

self = <test_unix.TestUnixPath testMethod=test_full_path>

    def test_full_path(self):
        file_name = "file_name"
        # Test full path relative
        expect_path = "{}/{}".format(os.getcwd(), file_name)
>       self.assertEqual(expect_path, full_path(file_name))
E       AssertionError: 'C:\\Users\\Rashid\\OneDrive\\Desktop\\STT\\Labs\\Lab_6\\algorithms/file_name' != 'C:\\Users\\Rashid\\OneDrive\\Desktop\\STT\\Labs\\Lab_6\\algorithms\\file_name'
E       - C:\Users\Rashid\OneDrive\Desktop\STT\Labs\Lab_6\algorithms/file_name
E       ?                                                           ^
E       + C:\Users\Rashid\OneDrive\Desktop\STT\Labs\Lab_6\algorithms\file_name
E       ?                                                           ^

tests\test_unix.py:26: AssertionError
_______________________ TestUnixPath.test_simplify_path _______________________

self = <test_unix.TestUnixPath testMethod=test_simplify_path>

    def test_simplify_path(self):
>       self.assertEqual("/", simplify_path_v1("/../"))
E       AssertionError: '/' != 'C:\\'
E       - /
E       + C:\

tests\test_unix.py:45: AssertionError
=========================== short test summary info ===========================
FAILED tests/test_array.py::TestRemoveDuplicate::test_remove_duplicates - Typ...
FAILED tests/test_array.py::TestSummaryRanges::test_summarize_ranges - Assert...
FAILED tests/test_unix.py::TestUnixPath::test_full_path - AssertionError: 'C:...
FAILED tests/test_unix.py::TestUnixPath::test_simplify_path - AssertionError:...
======================== 4 failed, 412 passed in 4.78s ========================
Run 7: 
============================= test session starts =============================
platform win32 -- Python 3.12.3, pytest-8.3.4, pluggy-1.5.0
rootdir: C:\Users\Rashid\OneDrive\Desktop\STT\Labs\Lab_6\algorithms
plugins: run-parallel-0.3.1, xdist-3.6.1
collected 416 items

tests\test_array.py ..................F...F......                        [  6%]
tests\test_automata.py .                                                 [  7%]
tests\test_backtrack.py .........................                        [ 13%]
tests\test_bfs.py ...                                                    [ 13%]
tests\test_bit.py .............................                          [ 20%]
tests\test_compression.py .....                                          [ 22%]
tests\test_dfs.py ........                                               [ 24%]
tests\test_dp.py ...............................                         [ 31%]
tests\test_graph.py ....................                                 [ 36%]
tests\test_greedy.py .                                                   [ 36%]
tests\test_heap.py .....                                                 [ 37%]
tests\test_histogram.py .                                                [ 37%]
tests\test_iterative_segment_tree.py .........                           [ 40%]
tests\test_linkedlist.py ............                                    [ 43%]
tests\test_map.py .........................                              [ 49%]
tests\test_maths.py ..................................................   [ 61%]
tests\test_matrix.py .............                                       [ 64%]
tests\test_ml.py ..                                                      [ 64%]
tests\test_monomial.py ........                                          [ 66%]
tests\test_polynomial.py .......                                         [ 68%]
tests\test_queues.py .....                                               [ 69%]
tests\test_search.py .............                                       [ 72%]
tests\test_set.py .                                                      [ 72%]
tests\test_sort.py ....................                                  [ 77%]
tests\test_stack.py ..........                                           [ 80%]
tests\test_streaming.py ....                                             [ 81%]
tests\test_strings.py .................................................. [ 93%]
..............                                                           [ 96%]
tests\test_tree.py ...........                                           [ 99%]
tests\test_unix.py F.F.                                                  [100%]

================================== FAILURES ===================================
_________________ TestRemoveDuplicate.test_remove_duplicates __________________

self = <test_array.TestRemoveDuplicate testMethod=test_remove_duplicates>

    def test_remove_duplicates(self):
>       self.assertListEqual(remove_duplicates([1,1,1,2,2,2,3,3,4,4,5,6,7,7,7,8,8,9,10,10]))
E       TypeError: TestCase.assertListEqual() missing 1 required positional argument: 'list2'

tests\test_array.py:305: TypeError
___________________ TestSummaryRanges.test_summarize_ranges ___________________

self = <test_array.TestSummaryRanges testMethod=test_summarize_ranges>

    def test_summarize_ranges(self):
    
>       self.assertListEqual(summarize_ranges([0, 1, 2, 4, 5, 7]),
                             [(0, 2), (4, 5), (7, 7)])
E       AssertionError: Lists differ: ['0-2', '4-5', '7'] != [(0, 2), (4, 5), (7, 7)]
E       
E       First differing element 0:
E       '0-2'
E       (0, 2)
E       
E       - ['0-2', '4-5', '7']
E       + [(0, 2), (4, 5), (7, 7)]

tests\test_array.py:349: AssertionError
_________________________ TestUnixPath.test_full_path _________________________

self = <test_unix.TestUnixPath testMethod=test_full_path>

    def test_full_path(self):
        file_name = "file_name"
        # Test full path relative
        expect_path = "{}/{}".format(os.getcwd(), file_name)
>       self.assertEqual(expect_path, full_path(file_name))
E       AssertionError: 'C:\\Users\\Rashid\\OneDrive\\Desktop\\STT\\Labs\\Lab_6\\algorithms/file_name' != 'C:\\Users\\Rashid\\OneDrive\\Desktop\\STT\\Labs\\Lab_6\\algorithms\\file_name'
E       - C:\Users\Rashid\OneDrive\Desktop\STT\Labs\Lab_6\algorithms/file_name
E       ?                                                           ^
E       + C:\Users\Rashid\OneDrive\Desktop\STT\Labs\Lab_6\algorithms\file_name
E       ?                                                           ^

tests\test_unix.py:26: AssertionError
_______________________ TestUnixPath.test_simplify_path _______________________

self = <test_unix.TestUnixPath testMethod=test_simplify_path>

    def test_simplify_path(self):
>       self.assertEqual("/", simplify_path_v1("/../"))
E       AssertionError: '/' != 'C:\\'
E       - /
E       + C:\

tests\test_unix.py:45: AssertionError
=========================== short test summary info ===========================
FAILED tests/test_array.py::TestRemoveDuplicate::test_remove_duplicates - Typ...
FAILED tests/test_array.py::TestSummaryRanges::test_summarize_ranges - Assert...
FAILED tests/test_unix.py::TestUnixPath::test_full_path - AssertionError: 'C:...
FAILED tests/test_unix.py::TestUnixPath::test_simplify_path - AssertionError:...
======================== 4 failed, 412 passed in 4.62s ========================
Run 8: 
============================= test session starts =============================
platform win32 -- Python 3.12.3, pytest-8.3.4, pluggy-1.5.0
rootdir: C:\Users\Rashid\OneDrive\Desktop\STT\Labs\Lab_6\algorithms
plugins: run-parallel-0.3.1, xdist-3.6.1
collected 416 items

tests\test_array.py ..................F...F......                        [  6%]
tests\test_automata.py .                                                 [  7%]
tests\test_backtrack.py .........................                        [ 13%]
tests\test_bfs.py ...                                                    [ 13%]
tests\test_bit.py .............................                          [ 20%]
tests\test_compression.py .....                                          [ 22%]
tests\test_dfs.py ........                                               [ 24%]
tests\test_dp.py ...............................                         [ 31%]
tests\test_graph.py ....................                                 [ 36%]
tests\test_greedy.py .                                                   [ 36%]
tests\test_heap.py .....                                                 [ 37%]
tests\test_histogram.py .                                                [ 37%]
tests\test_iterative_segment_tree.py .........                           [ 40%]
tests\test_linkedlist.py ............                                    [ 43%]
tests\test_map.py .........................                              [ 49%]
tests\test_maths.py ..................................................   [ 61%]
tests\test_matrix.py .............                                       [ 64%]
tests\test_ml.py ..                                                      [ 64%]
tests\test_monomial.py ........                                          [ 66%]
tests\test_polynomial.py .......                                         [ 68%]
tests\test_queues.py .....                                               [ 69%]
tests\test_search.py .............                                       [ 72%]
tests\test_set.py .                                                      [ 72%]
tests\test_sort.py ....................                                  [ 77%]
tests\test_stack.py ..........                                           [ 80%]
tests\test_streaming.py ....                                             [ 81%]
tests\test_strings.py .................................................. [ 93%]
..............                                                           [ 96%]
tests\test_tree.py ...........                                           [ 99%]
tests\test_unix.py F.F.                                                  [100%]

================================== FAILURES ===================================
_________________ TestRemoveDuplicate.test_remove_duplicates __________________

self = <test_array.TestRemoveDuplicate testMethod=test_remove_duplicates>

    def test_remove_duplicates(self):
>       self.assertListEqual(remove_duplicates([1,1,1,2,2,2,3,3,4,4,5,6,7,7,7,8,8,9,10,10]))
E       TypeError: TestCase.assertListEqual() missing 1 required positional argument: 'list2'

tests\test_array.py:305: TypeError
___________________ TestSummaryRanges.test_summarize_ranges ___________________

self = <test_array.TestSummaryRanges testMethod=test_summarize_ranges>

    def test_summarize_ranges(self):
    
>       self.assertListEqual(summarize_ranges([0, 1, 2, 4, 5, 7]),
                             [(0, 2), (4, 5), (7, 7)])
E       AssertionError: Lists differ: ['0-2', '4-5', '7'] != [(0, 2), (4, 5), (7, 7)]
E       
E       First differing element 0:
E       '0-2'
E       (0, 2)
E       
E       - ['0-2', '4-5', '7']
E       + [(0, 2), (4, 5), (7, 7)]

tests\test_array.py:349: AssertionError
_________________________ TestUnixPath.test_full_path _________________________

self = <test_unix.TestUnixPath testMethod=test_full_path>

    def test_full_path(self):
        file_name = "file_name"
        # Test full path relative
        expect_path = "{}/{}".format(os.getcwd(), file_name)
>       self.assertEqual(expect_path, full_path(file_name))
E       AssertionError: 'C:\\Users\\Rashid\\OneDrive\\Desktop\\STT\\Labs\\Lab_6\\algorithms/file_name' != 'C:\\Users\\Rashid\\OneDrive\\Desktop\\STT\\Labs\\Lab_6\\algorithms\\file_name'
E       - C:\Users\Rashid\OneDrive\Desktop\STT\Labs\Lab_6\algorithms/file_name
E       ?                                                           ^
E       + C:\Users\Rashid\OneDrive\Desktop\STT\Labs\Lab_6\algorithms\file_name
E       ?                                                           ^

tests\test_unix.py:26: AssertionError
_______________________ TestUnixPath.test_simplify_path _______________________

self = <test_unix.TestUnixPath testMethod=test_simplify_path>

    def test_simplify_path(self):
>       self.assertEqual("/", simplify_path_v1("/../"))
E       AssertionError: '/' != 'C:\\'
E       - /
E       + C:\

tests\test_unix.py:45: AssertionError
=========================== short test summary info ===========================
FAILED tests/test_array.py::TestRemoveDuplicate::test_remove_duplicates - Typ...
FAILED tests/test_array.py::TestSummaryRanges::test_summarize_ranges - Assert...
FAILED tests/test_unix.py::TestUnixPath::test_full_path - AssertionError: 'C:...
FAILED tests/test_unix.py::TestUnixPath::test_simplify_path - AssertionError:...
======================== 4 failed, 412 passed in 4.64s ========================
Run 9: 
============================= test session starts =============================
platform win32 -- Python 3.12.3, pytest-8.3.4, pluggy-1.5.0
rootdir: C:\Users\Rashid\OneDrive\Desktop\STT\Labs\Lab_6\algorithms
plugins: run-parallel-0.3.1, xdist-3.6.1
collected 416 items

tests\test_array.py ..................F...F......                        [  6%]
tests\test_automata.py .                                                 [  7%]
tests\test_backtrack.py .........................                        [ 13%]
tests\test_bfs.py ...                                                    [ 13%]
tests\test_bit.py .............................                          [ 20%]
tests\test_compression.py .....                                          [ 22%]
tests\test_dfs.py ........                                               [ 24%]
tests\test_dp.py ...............................                         [ 31%]
tests\test_graph.py ....................                                 [ 36%]
tests\test_greedy.py .                                                   [ 36%]
tests\test_heap.py .....                                                 [ 37%]
tests\test_histogram.py .                                                [ 37%]
tests\test_iterative_segment_tree.py .........                           [ 40%]
tests\test_linkedlist.py ............                                    [ 43%]
tests\test_map.py .........................                              [ 49%]
tests\test_maths.py ..................................................   [ 61%]
tests\test_matrix.py .............                                       [ 64%]
tests\test_ml.py ..                                                      [ 64%]
tests\test_monomial.py ........                                          [ 66%]
tests\test_polynomial.py .......                                         [ 68%]
tests\test_queues.py .....                                               [ 69%]
tests\test_search.py .............                                       [ 72%]
tests\test_set.py .                                                      [ 72%]
tests\test_sort.py ....................                                  [ 77%]
tests\test_stack.py ..........                                           [ 80%]
tests\test_streaming.py ....                                             [ 81%]
tests\test_strings.py .................................................. [ 93%]
..............                                                           [ 96%]
tests\test_tree.py ...........                                           [ 99%]
tests\test_unix.py F.F.                                                  [100%]

================================== FAILURES ===================================
_________________ TestRemoveDuplicate.test_remove_duplicates __________________

self = <test_array.TestRemoveDuplicate testMethod=test_remove_duplicates>

    def test_remove_duplicates(self):
>       self.assertListEqual(remove_duplicates([1,1,1,2,2,2,3,3,4,4,5,6,7,7,7,8,8,9,10,10]))
E       TypeError: TestCase.assertListEqual() missing 1 required positional argument: 'list2'

tests\test_array.py:305: TypeError
___________________ TestSummaryRanges.test_summarize_ranges ___________________

self = <test_array.TestSummaryRanges testMethod=test_summarize_ranges>

    def test_summarize_ranges(self):
    
>       self.assertListEqual(summarize_ranges([0, 1, 2, 4, 5, 7]),
                             [(0, 2), (4, 5), (7, 7)])
E       AssertionError: Lists differ: ['0-2', '4-5', '7'] != [(0, 2), (4, 5), (7, 7)]
E       
E       First differing element 0:
E       '0-2'
E       (0, 2)
E       
E       - ['0-2', '4-5', '7']
E       + [(0, 2), (4, 5), (7, 7)]

tests\test_array.py:349: AssertionError
_________________________ TestUnixPath.test_full_path _________________________

self = <test_unix.TestUnixPath testMethod=test_full_path>

    def test_full_path(self):
        file_name = "file_name"
        # Test full path relative
        expect_path = "{}/{}".format(os.getcwd(), file_name)
>       self.assertEqual(expect_path, full_path(file_name))
E       AssertionError: 'C:\\Users\\Rashid\\OneDrive\\Desktop\\STT\\Labs\\Lab_6\\algorithms/file_name' != 'C:\\Users\\Rashid\\OneDrive\\Desktop\\STT\\Labs\\Lab_6\\algorithms\\file_name'
E       - C:\Users\Rashid\OneDrive\Desktop\STT\Labs\Lab_6\algorithms/file_name
E       ?                                                           ^
E       + C:\Users\Rashid\OneDrive\Desktop\STT\Labs\Lab_6\algorithms\file_name
E       ?                                                           ^

tests\test_unix.py:26: AssertionError
_______________________ TestUnixPath.test_simplify_path _______________________

self = <test_unix.TestUnixPath testMethod=test_simplify_path>

    def test_simplify_path(self):
>       self.assertEqual("/", simplify_path_v1("/../"))
E       AssertionError: '/' != 'C:\\'
E       - /
E       + C:\

tests\test_unix.py:45: AssertionError
=========================== short test summary info ===========================
FAILED tests/test_array.py::TestRemoveDuplicate::test_remove_duplicates - Typ...
FAILED tests/test_array.py::TestSummaryRanges::test_summarize_ranges - Assert...
FAILED tests/test_unix.py::TestUnixPath::test_full_path - AssertionError: 'C:...
FAILED tests/test_unix.py::TestUnixPath::test_simplify_path - AssertionError:...
======================== 4 failed, 412 passed in 4.61s ========================
Run 10: 
============================= test session starts =============================
platform win32 -- Python 3.12.3, pytest-8.3.4, pluggy-1.5.0
rootdir: C:\Users\Rashid\OneDrive\Desktop\STT\Labs\Lab_6\algorithms
plugins: run-parallel-0.3.1, xdist-3.6.1
collected 416 items

tests\test_array.py ..................F...F......                        [  6%]
tests\test_automata.py .                                                 [  7%]
tests\test_backtrack.py .........................                        [ 13%]
tests\test_bfs.py ...                                                    [ 13%]
tests\test_bit.py .............................                          [ 20%]
tests\test_compression.py .....                                          [ 22%]
tests\test_dfs.py ........                                               [ 24%]
tests\test_dp.py ...............................                         [ 31%]
tests\test_graph.py ....................                                 [ 36%]
tests\test_greedy.py .                                                   [ 36%]
tests\test_heap.py .....                                                 [ 37%]
tests\test_histogram.py .                                                [ 37%]
tests\test_iterative_segment_tree.py .........                           [ 40%]
tests\test_linkedlist.py ............                                    [ 43%]
tests\test_map.py .........................                              [ 49%]
tests\test_maths.py ..................................................   [ 61%]
tests\test_matrix.py .............                                       [ 64%]
tests\test_ml.py ..                                                      [ 64%]
tests\test_monomial.py ........                                          [ 66%]
tests\test_polynomial.py .......                                         [ 68%]
tests\test_queues.py .....                                               [ 69%]
tests\test_search.py .............                                       [ 72%]
tests\test_set.py .                                                      [ 72%]
tests\test_sort.py ....................                                  [ 77%]
tests\test_stack.py ..........                                           [ 80%]
tests\test_streaming.py ....                                             [ 81%]
tests\test_strings.py .................................................. [ 93%]
..............                                                           [ 96%]
tests\test_tree.py ...........                                           [ 99%]
tests\test_unix.py F.F.                                                  [100%]

================================== FAILURES ===================================
_________________ TestRemoveDuplicate.test_remove_duplicates __________________

self = <test_array.TestRemoveDuplicate testMethod=test_remove_duplicates>

    def test_remove_duplicates(self):
>       self.assertListEqual(remove_duplicates([1,1,1,2,2,2,3,3,4,4,5,6,7,7,7,8,8,9,10,10]))
E       TypeError: TestCase.assertListEqual() missing 1 required positional argument: 'list2'

tests\test_array.py:305: TypeError
___________________ TestSummaryRanges.test_summarize_ranges ___________________

self = <test_array.TestSummaryRanges testMethod=test_summarize_ranges>

    def test_summarize_ranges(self):
    
>       self.assertListEqual(summarize_ranges([0, 1, 2, 4, 5, 7]),
                             [(0, 2), (4, 5), (7, 7)])
E       AssertionError: Lists differ: ['0-2', '4-5', '7'] != [(0, 2), (4, 5), (7, 7)]
E       
E       First differing element 0:
E       '0-2'
E       (0, 2)
E       
E       - ['0-2', '4-5', '7']
E       + [(0, 2), (4, 5), (7, 7)]

tests\test_array.py:349: AssertionError
_________________________ TestUnixPath.test_full_path _________________________

self = <test_unix.TestUnixPath testMethod=test_full_path>

    def test_full_path(self):
        file_name = "file_name"
        # Test full path relative
        expect_path = "{}/{}".format(os.getcwd(), file_name)
>       self.assertEqual(expect_path, full_path(file_name))
E       AssertionError: 'C:\\Users\\Rashid\\OneDrive\\Desktop\\STT\\Labs\\Lab_6\\algorithms/file_name' != 'C:\\Users\\Rashid\\OneDrive\\Desktop\\STT\\Labs\\Lab_6\\algorithms\\file_name'
E       - C:\Users\Rashid\OneDrive\Desktop\STT\Labs\Lab_6\algorithms/file_name
E       ?                                                           ^
E       + C:\Users\Rashid\OneDrive\Desktop\STT\Labs\Lab_6\algorithms\file_name
E       ?                                                           ^

tests\test_unix.py:26: AssertionError
_______________________ TestUnixPath.test_simplify_path _______________________

self = <test_unix.TestUnixPath testMethod=test_simplify_path>

    def test_simplify_path(self):
>       self.assertEqual("/", simplify_path_v1("/../"))
E       AssertionError: '/' != 'C:\\'
E       - /
E       + C:\

tests\test_unix.py:45: AssertionError
=========================== short test summary info ===========================
FAILED tests/test_array.py::TestRemoveDuplicate::test_remove_duplicates - Typ...
FAILED tests/test_array.py::TestSummaryRanges::test_summarize_ranges - Assert...
FAILED tests/test_unix.py::TestUnixPath::test_full_path - AssertionError: 'C:...
FAILED tests/test_unix.py::TestUnixPath::test_simplify_path - AssertionError:...
======================== 4 failed, 412 passed in 4.82s ========================
